#
# There is insufficient memory for the Java Runtime Environment to continue.
# Native memory allocation (malloc) failed to allocate 1048576 bytes. Error detail: AllocateHeap
# Possible reasons:
#   The system is out of physical RAM or swap space
#   This process is running with CompressedOops enabled, and the Java Heap may be blocking the growth of the native heap
# Possible solutions:
#   Reduce memory load on the system
#   Increase physical memory or swap space
#   Check if swap backing store is full
#   Decrease Java heap size (-Xmx/-Xms)
#   Decrease number of Java threads
#   Decrease Java thread stack sizes (-Xss)
#   Set larger code cache with -XX:ReservedCodeCacheSize=
#   JVM is running with Unscaled Compressed Oops mode in which the Java heap is
#     placed in the first 4GB address space. The Java Heap base address is the
#     maximum limit for the native heap growth. Please use -XX:HeapBaseMinAddress
#     to set the Java Heap base and to place the Java Heap above 4GB virtual address.
# This output file may be truncated or incomplete.
#
#  Out of Memory Error (allocation.cpp:44), pid=32936, tid=312
#
# JRE version: OpenJDK Runtime Environment Temurin-21.0.10+7 (21.0.10+7) (build 21.0.10+7-LTS)
# Java VM: OpenJDK 64-Bit Server VM Temurin-21.0.10+7 (21.0.10+7-LTS, mixed mode, sharing, tiered, compressed oops, compressed class ptrs, parallel gc, windows-amd64)
# No core dump will be written. Minidumps are not enabled by default on client versions of Windows
#

---------------  S U M M A R Y ------------

Command Line: --add-modules=ALL-SYSTEM --add-opens=java.base/java.util=ALL-UNNAMED --add-opens=java.base/java.lang=ALL-UNNAMED --add-opens=java.base/sun.nio.fs=ALL-UNNAMED -Declipse.application=org.eclipse.jdt.ls.core.id1 -Dosgi.bundles.defaultStartLevel=4 -Declipse.product=org.eclipse.jdt.ls.core.product -Djava.import.generatesMetadataFilesAtProjectRoot=false -DDetectVMInstallationsJob.disabled=true -Dfile.encoding=utf8 -XX:+UseParallelGC -XX:GCTimeRatio=4 -XX:AdaptiveSizePolicyWeight=90 -Dsun.zip.disableMemoryMapping=true -Xmx2G -Xms100m -Xlog:disable -javaagent:c:\Users\appia\.vscode\extensions\redhat.java-1.53.0-win32-x64\lombok\lombok-1.18.39-4050.jar -XX:+HeapDumpOnOutOfMemoryError -XX:HeapDumpPath=c:\Users\appia\AppData\Roaming\Code\User\workspaceStorage\b22a4caffd886bd9a8ea5f43f6a3e90f\redhat.java -Daether.dependencyCollector.impl=bf c:\Users\appia\.vscode\extensions\redhat.java-1.53.0-win32-x64\server\plugins\org.eclipse.equinox.launcher_1.7.100.v20251111-0406.jar -configuration c:\Users\appia\AppData\Roaming\Code\User\globalStorage\redhat.java\1.53.0\config_win -data c:\Users\appia\AppData\Roaming\Code\User\workspaceStorage\b22a4caffd886bd9a8ea5f43f6a3e90f\redhat.java\jdt_ws --pipe=\\.\pipe\lsp-40561e84e87f1d45dd33d7a45b5cf6c8-sock

Host: Intel(R) Core(TM) i5-8265U CPU @ 1.60GHz, 8 cores, 7G,  Windows 11 , 64 bit Build 26100 (10.0.26100.8115)
Time: Thu Apr  9 20:27:28 2026 Eastern Daylight Time elapsed time: 14552.793656 seconds (0d 4h 2m 32s)

---------------  T H R E A D  ---------------

Current thread (0x00000234f6002ce0):  JavaThread "Attach Listener" daemon [_thread_in_vm, id=312, stack(0x000000a560000000,0x000000a560100000) (1024K)]

Stack: [0x000000a560000000,0x000000a560100000]
Native frames: (J=compiled Java code, j=interpreted, Vv=VM code, C=native code)
V  [jvm.dll+0x6d7a39]
V  [jvm.dll+0x8b4b26]
V  [jvm.dll+0x8b70de]
V  [jvm.dll+0x8b77c3]
V  [jvm.dll+0x284346]
V  [jvm.dll+0xc1277]
V  [jvm.dll+0x6d82e9]
V  [jvm.dll+0x1334a6]
V  [jvm.dll+0x3f857e]
V  [jvm.dll+0x85f59d]
V  [jvm.dll+0x6d626d]
C  [ucrtbase.dll+0x37b0]
C  [KERNEL32.DLL+0x2e8d7]
C  [ntdll.dll+0x8c3fc]


---------------  P R O C E S S  ---------------

Threads class SMR info:
_java_thread_list=0x00000234d0ccff90, length=35, elements={
0x00000234ec1bc4f0, 0x00000234f5ffa9b0, 0x00000234f5ffb8d0, 0x00000234f5fffd70,
0x00000234f6002ce0, 0x00000234f6003740, 0x00000234f60042d0, 0x00000234f6007510,
0x00000234f790fce0, 0x00000234f7aa2b40, 0x00000234f7be7450, 0x00000234fc068160,
0x00000234fc7cd7a0, 0x00000234fc7285f0, 0x00000234f7bbca70, 0x00000234fce4a7c0,
0x00000234fcb5f3c0, 0x00000234fcdee5b0, 0x00000234fcc00d00, 0x00000234fcc01390,
0x00000234fe5922d0, 0x00000234fe592ff0, 0x00000234fe592960, 0x00000234fe590200,
0x00000234fe5915b0, 0x00000234fe593680, 0x00000234fe591c40, 0x00000234fe593d10,
0x00000234fe590f20, 0x00000234fe590890, 0x00000234fe595750, 0x00000234fe597820,
0x00000234ff8cc5b0, 0x00000234ff8c9130, 0x00000234ff8c69d0
}

Java Threads: ( => current thread )
  0x00000234ec1bc4f0 JavaThread "main"                              [_thread_blocked, id=26068, stack(0x000000a55f900000,0x000000a55fa00000) (1024K)]
  0x00000234f5ffa9b0 JavaThread "Reference Handler"          daemon [_thread_blocked, id=33740, stack(0x000000a55fd00000,0x000000a55fe00000) (1024K)]
  0x00000234f5ffb8d0 JavaThread "Finalizer"                  daemon [_thread_blocked, id=31860, stack(0x000000a55fe00000,0x000000a55ff00000) (1024K)]
  0x00000234f5fffd70 JavaThread "Signal Dispatcher"          daemon [_thread_blocked, id=15196, stack(0x000000a55ff00000,0x000000a560000000) (1024K)]
=>0x00000234f6002ce0 JavaThread "Attach Listener"            daemon [_thread_in_vm, id=312, stack(0x000000a560000000,0x000000a560100000) (1024K)]
  0x00000234f6003740 JavaThread "Service Thread"             daemon [_thread_blocked, id=30416, stack(0x000000a560100000,0x000000a560200000) (1024K)]
  0x00000234f60042d0 JavaThread "Monitor Deflation Thread"   daemon [_thread_blocked, id=16640, stack(0x000000a560200000,0x000000a560300000) (1024K)]
  0x00000234f6007510 JavaThread "C2 CompilerThread0"         daemon [_thread_blocked, id=22700, stack(0x000000a560300000,0x000000a560400000) (1024K)]
  0x00000234f790fce0 JavaThread "C1 CompilerThread0"         daemon [_thread_blocked, id=23080, stack(0x000000a560400000,0x000000a560500000) (1024K)]
  0x00000234f7aa2b40 JavaThread "Common-Cleaner"             daemon [_thread_blocked, id=8692, stack(0x000000a560500000,0x000000a560600000) (1024K)]
  0x00000234f7be7450 JavaThread "Notification Thread"        daemon [_thread_blocked, id=23352, stack(0x000000a560600000,0x000000a560700000) (1024K)]
  0x00000234fc068160 JavaThread "Active Thread: Equinox Container: 9e3ba179-8157-4f68-b31b-d7e0a6e19071"        [_thread_blocked, id=27500, stack(0x000000a560e00000,0x000000a560f00000) (1024K)]
  0x00000234fc7cd7a0 JavaThread "Refresh Thread: Equinox Container: 9e3ba179-8157-4f68-b31b-d7e0a6e19071" daemon [_thread_blocked, id=10192, stack(0x000000a560f00000,0x000000a561000000) (1024K)]
  0x00000234fc7285f0 JavaThread "Framework Event Dispatcher: Equinox Container: 9e3ba179-8157-4f68-b31b-d7e0a6e19071" daemon [_thread_blocked, id=9024, stack(0x000000a561000000,0x000000a561100000) (1024K)]
  0x00000234f7bbca70 JavaThread "Start Level: Equinox Container: 9e3ba179-8157-4f68-b31b-d7e0a6e19071" daemon [_thread_blocked, id=12352, stack(0x000000a561100000,0x000000a561200000) (1024K)]
  0x00000234fce4a7c0 JavaThread "Bundle File Closer"         daemon [_thread_blocked, id=10068, stack(0x000000a561400000,0x000000a561500000) (1024K)]
  0x00000234fcb5f3c0 JavaThread "SCR Component Actor"        daemon [_thread_blocked, id=11944, stack(0x000000a561200000,0x000000a561300000) (1024K)]
  0x00000234fcdee5b0 JavaThread "Worker-JM"                         [_thread_blocked, id=18576, stack(0x000000a561300000,0x000000a561400000) (1024K)]
  0x00000234fcc00d00 JavaThread "Java indexing"              daemon [_thread_blocked, id=15108, stack(0x000000a561b00000,0x000000a561c00000) (1024K)]
  0x00000234fcc01390 JavaThread "JNA Cleaner"                daemon [_thread_blocked, id=24732, stack(0x000000a561c00000,0x000000a561d00000) (1024K)]
  0x00000234fe5922d0 JavaThread "Thread-1"                   daemon [_thread_in_native, id=28736, stack(0x000000a562100000,0x000000a562200000) (1024K)]
  0x00000234fe592ff0 JavaThread "Thread-2"                   daemon [_thread_in_native, id=15388, stack(0x000000a562200000,0x000000a562300000) (1024K)]
  0x00000234fe592960 JavaThread "Thread-3"                   daemon [_thread_in_native, id=3824, stack(0x000000a562300000,0x000000a562400000) (1024K)]
  0x00000234fe590200 JavaThread "Thread-4"                   daemon [_thread_in_native, id=33532, stack(0x000000a562400000,0x000000a562500000) (1024K)]
  0x00000234fe5915b0 JavaThread "Thread-5"                   daemon [_thread_in_native, id=26256, stack(0x000000a562500000,0x000000a562600000) (1024K)]
  0x00000234fe593680 JavaThread "Thread-6"                   daemon [_thread_in_native, id=33336, stack(0x000000a562600000,0x000000a562700000) (1024K)]
  0x00000234fe591c40 JavaThread "Thread-7"                   daemon [_thread_in_native, id=16360, stack(0x000000a562700000,0x000000a562800000) (1024K)]
  0x00000234fe593d10 JavaThread "Thread-8"                   daemon [_thread_in_native, id=3896, stack(0x000000a562800000,0x000000a562900000) (1024K)]
  0x00000234fe590f20 JavaThread "Thread-9"                   daemon [_thread_in_native, id=3112, stack(0x000000a562900000,0x000000a562a00000) (1024K)]
  0x00000234fe590890 JavaThread "pool-2-thread-1"                   [_thread_blocked, id=17744, stack(0x000000a562a00000,0x000000a562b00000) (1024K)]
  0x00000234fe595750 JavaThread "WorkspaceEventsHandler"            [_thread_blocked, id=24376, stack(0x000000a562b00000,0x000000a562c00000) (1024K)]
  0x00000234fe597820 JavaThread "pool-1-thread-1"                   [_thread_blocked, id=13772, stack(0x000000a562c00000,0x000000a562d00000) (1024K)]
  0x00000234ff8cc5b0 JavaThread "Cleaner-0"                  daemon [_thread_blocked, id=2388, stack(0x000000a563a00000,0x000000a563b00000) (1024K)]
  0x00000234ff8c9130 JavaThread "Worker-17"                         [_thread_blocked, id=24620, stack(0x000000a563300000,0x000000a563400000) (1024K)]
  0x00000234ff8c69d0 JavaThread "Worker-21"                         [_thread_blocked, id=29860, stack(0x000000a55f600000,0x000000a55f700000) (1024K)]
Total: 35

Other Threads:
  0x00000234ee627810 VMThread "VM Thread"                           [id=10416, stack(0x000000a55fc00000,0x000000a55fd00000) (1024K)]
  0x00000234f5f0ca10 WatcherThread "VM Periodic Task Thread"        [id=15872, stack(0x000000a55fb00000,0x000000a55fc00000) (1024K)]
  0x00000234ee5a6410 WorkerThread "GC Thread#0"                     [id=14436, stack(0x000000a55fa00000,0x000000a55fb00000) (1024K)]
  0x00000234fc1b5d60 WorkerThread "GC Thread#1"                     [id=16872, stack(0x000000a560800000,0x000000a560900000) (1024K)]
  0x00000234fc1b6110 WorkerThread "GC Thread#2"                     [id=30308, stack(0x000000a560900000,0x000000a560a00000) (1024K)]
  0x00000234fc4d66e0 WorkerThread "GC Thread#3"                     [id=28440, stack(0x000000a560a00000,0x000000a560b00000) (1024K)]
  0x00000234fc4d6a90 WorkerThread "GC Thread#4"                     [id=13184, stack(0x000000a560b00000,0x000000a560c00000) (1024K)]
  0x00000234fc4d6e40 WorkerThread "GC Thread#5"                     [id=26612, stack(0x000000a560c00000,0x000000a560d00000) (1024K)]
  0x00000234fc708020 WorkerThread "GC Thread#6"                     [id=26532, stack(0x000000a560d00000,0x000000a560e00000) (1024K)]
  0x00000234f6009a30 WorkerThread "GC Thread#7"                     [id=4640, stack(0x000000a560700000,0x000000a560800000) (1024K)]
Total: 10

Threads with active compile tasks:
Total: 0

VM state: not at safepoint (normal execution)

VM Mutex/Monitor currently owned by a thread: None

Heap address: 0x0000000080000000, size: 2048 MB, Compressed Oops mode: 32-bit

CDS archive(s) mapped at: [0x000002348f000000-0x000002348fba0000-0x000002348fba0000), size 12189696, SharedBaseAddress: 0x000002348f000000, ArchiveRelocationMode: 1.
Compressed class space mapped at: 0x0000023490000000-0x00000234d0000000, reserved size: 1073741824
Narrow klass base: 0x000002348f000000, Narrow klass shift: 0, Narrow klass range: 0x100000000

GC Precious Log:
 CardTable entry size: 512
 CPUs: 8 total, 8 available
 Memory: 8006M
 Large Page Support: Disabled
 NUMA Support: Disabled
 Compressed Oops: Enabled (32-bit)
 Alignments: Space 512K, Generation 512K, Heap 2M
 Heap Min Capacity: 100M
 Heap Initial Capacity: 100M
 Heap Max Capacity: 2G
 Pre-touch: Disabled
 Parallel Workers: 8

Heap:
 PSYoungGen      total 2560K, used 949K [0x00000000d5580000, 0x00000000d5980000, 0x0000000100000000)
  eden space 2048K, 33% used [0x00000000d5580000,0x00000000d562d520,0x00000000d5780000)
  from space 512K, 50% used [0x00000000d5900000,0x00000000d5940000,0x00000000d5980000)
  to   space 1024K, 0% used [0x00000000d5780000,0x00000000d5780000,0x00000000d5880000)
 ParOldGen       total 157184K, used 156939K [0x0000000080000000, 0x0000000089980000, 0x00000000d5580000)
  object space 157184K, 99% used [0x0000000080000000,0x0000000089942e28,0x0000000089980000)
 Metaspace       used 86737K, committed 88384K, reserved 1179648K
  class space    used 8645K, committed 9408K, reserved 1048576K

Card table byte_map: [0x00000234edf20000,0x00000234ee330000] _byte_map_base: 0x00000234edb20000

Marking Bits: (ParMarkBitMap*) 0x00007ffc27b53450
 Begin Bits: [0x00000234f1a30000, 0x00000234f3a30000)
 End Bits:   [0x00000234f3a30000, 0x00000234f5a30000)

Polling page: 0x00000234ec550000

Metaspace:

Usage:
  Non-class:     76.26 MB used.
      Class:      8.44 MB used.
       Both:     84.70 MB used.

Virtual space:
  Non-class space:      128.00 MB reserved,      77.12 MB ( 60%) committed,  2 nodes.
      Class space:        1.00 GB reserved,       9.19 MB ( <1%) committed,  1 nodes.
             Both:        1.12 GB reserved,      86.31 MB (  7%) committed. 

Chunk freelists:
   Non-Class:  2.38 MB
       Class:  6.82 MB
        Both:  9.19 MB

MaxMetaspaceSize: unlimited
CompressedClassSpaceSize: 1.00 GB
Initial GC threshold: 21.00 MB
Current GC threshold: 142.50 MB
CDS: on
 - commit_granule_bytes: 65536.
 - commit_granule_words: 8192.
 - virtual_space_node_default_size: 8388608.
 - enlarge_chunks_in_place: 1.
 - use_allocation_guard: 0.


Internal statistics:

num_allocs_failed_limit: 9.
num_arena_births: 1752.
num_arena_deaths: 382.
num_vsnodes_births: 3.
num_vsnodes_deaths: 0.
num_space_committed: 1381.
num_space_uncommitted: 0.
num_chunks_returned_to_freelist: 441.
num_chunks_taken_from_freelist: 6371.
num_chunk_merges: 120.
num_chunk_splits: 3607.
num_chunks_enlarged: 1838.
num_inconsistent_stats: 0.

CodeHeap 'non-profiled nmethods': size=120000Kb used=18665Kb max_used=22543Kb free=101334Kb
 bounds [0x0000023487ad0000, 0x00000234890e0000, 0x000002348f000000]
CodeHeap 'profiled nmethods': size=120000Kb used=37612Kb max_used=48745Kb free=82387Kb
 bounds [0x0000023480000000, 0x0000023482fa0000, 0x0000023487530000]
CodeHeap 'non-nmethods': size=5760Kb used=1512Kb max_used=1600Kb free=4247Kb
 bounds [0x0000023487530000, 0x00000234877a0000, 0x0000023487ad0000]
CodeCache: size=245760Kb, used=57789Kb, max_used=72888Kb, free=187968Kb
 total_blobs=15997, nmethods=15164, adapters=734, full_count=0
Compilation: enabled, stopped_count=0, restarted_count=0

Compilation events (20 events):
Event: 4979.610 Thread 0x00000234f790fce0 22203   !   3       java.util.concurrent.ForkJoinTask$AdaptedCallable::exec (28 bytes)
Event: 4979.611 Thread 0x00000234f790fce0 nmethod 22203 0x0000023480067510 code [0x00000234800676e0, 0x00000234800679e8]
Event: 4979.618 Thread 0x00000234f790fce0 22205       3       java.lang.ClassValue::getCacheCarefully (20 bytes)
Event: 4979.619 Thread 0x00000234f790fce0 nmethod 22205 0x0000023480140710 code [0x00000234801408c0, 0x0000023480140a48]
Event: 4979.619 Thread 0x00000234f790fce0 22208       3       java.io.ObjectOutputStream$BlockDataOutputStream::drain (45 bytes)
Event: 4979.620 Thread 0x00000234f790fce0 nmethod 22208 0x00000234801c0190 code [0x00000234801c0360, 0x00000234801c0628]
Event: 4979.620 Thread 0x00000234f790fce0 22206       3       java.lang.ClassValue$ClassValueMap::probeHomeLocation (13 bytes)
Event: 4979.620 Thread 0x00000234f790fce0 nmethod 22206 0x000002348028f990 code [0x000002348028fb40, 0x000002348028fd98]
Event: 4979.620 Thread 0x00000234f790fce0 22207       3       java.lang.ClassValue$ClassValueMap::loadFromCache (9 bytes)
Event: 4979.621 Thread 0x00000234f790fce0 nmethod 22207 0x00000234801e4d90 code [0x00000234801e4f20, 0x00000234801e5038]
Event: 4979.740 Thread 0x00000234f790fce0 22209       3       org.eclipse.core.internal.events.ResourceDeltaFactory::computeNodeIDMap (169 bytes)
Event: 4979.743 Thread 0x00000234f790fce0 nmethod 22209 0x000002348092b290 code [0x000002348092b4c0, 0x000002348092bc98]
Event: 5069.363 Thread 0x00000234f790fce0 22210       3       java.lang.ProcessHandleImpl::get (51 bytes)
Event: 5069.366 Thread 0x00000234f790fce0 nmethod 22210 0x000002348030b890 code [0x000002348030baa0, 0x000002348030c0a8]
Event: 5069.366 Thread 0x00000234f790fce0 22211       3       java.lang.ProcessHandleImpl::isAlive (44 bytes)
Event: 5069.367 Thread 0x00000234f790fce0 nmethod 22211 0x0000023480003e90 code [0x0000023480004040, 0x00000234800042a0]
Event: 14365.700 Thread 0x00000234f790fce0 22212   !   3       java.util.logging.LogManager::getUserContext (118 bytes)
Event: 14365.733 Thread 0x00000234f790fce0 nmethod 22212 0x00000234802fd190 code [0x00000234802fd340, 0x00000234802fd5b0]
Event: 14365.733 Thread 0x00000234f790fce0 22213       3       jdk.internal.access.SharedSecrets::getJavaAWTAccess (4 bytes)
Event: 14365.736 Thread 0x00000234f790fce0 nmethod 22213 0x000002348034aa90 code [0x000002348034ac20, 0x000002348034ad18]

GC Heap History (20 events):
Event: 4746.167 GC heap before
{Heap before GC invocations=4243 (full 6):
 PSYoungGen      total 4096K, used 3783K [0x00000000d5580000, 0x00000000d5b80000, 0x0000000100000000)
  eden space 3584K, 93% used [0x00000000d5580000,0x00000000d58c9f58,0x00000000d5900000)
  from space 512K, 81% used [0x00000000d5b00000,0x00000000d5b68020,0x00000000d5b80000)
  to   space 1024K, 0% used [0x00000000d5980000,0x00000000d5980000,0x00000000d5a80000)
 ParOldGen       total 148992K, used 145733K [0x0000000080000000, 0x0000000089180000, 0x00000000d5580000)
  object space 148992K, 97% used [0x0000000080000000,0x0000000088e51618,0x0000000089180000)
 Metaspace       used 86723K, committed 88320K, reserved 1179648K
  class space    used 8645K, committed 9408K, reserved 1048576K
}
Event: 4746.169 GC heap after
{Heap after GC invocations=4243 (full 6):
 PSYoungGen      total 4608K, used 160K [0x00000000d5580000, 0x00000000d5b80000, 0x0000000100000000)
  eden space 3584K, 0% used [0x00000000d5580000,0x00000000d5580000,0x00000000d5900000)
  from space 1024K, 15% used [0x00000000d5980000,0x00000000d59a8000,0x00000000d5a80000)
  to   space 512K, 0% used [0x00000000d5b00000,0x00000000d5b00000,0x00000000d5b80000)
 ParOldGen       total 148992K, used 145885K [0x0000000080000000, 0x0000000089180000, 0x00000000d5580000)
  object space 148992K, 97% used [0x0000000080000000,0x0000000088e77638,0x0000000089180000)
 Metaspace       used 86723K, committed 88320K, reserved 1179648K
  class space    used 8645K, committed 9408K, reserved 1048576K
}
Event: 4746.175 GC heap before
{Heap before GC invocations=4244 (full 6):
 PSYoungGen      total 4608K, used 3744K [0x00000000d5580000, 0x00000000d5b80000, 0x0000000100000000)
  eden space 3584K, 100% used [0x00000000d5580000,0x00000000d5900000,0x00000000d5900000)
  from space 1024K, 15% used [0x00000000d5980000,0x00000000d59a8000,0x00000000d5a80000)
  to   space 512K, 0% used [0x00000000d5b00000,0x00000000d5b00000,0x00000000d5b80000)
 ParOldGen       total 148992K, used 145885K [0x0000000080000000, 0x0000000089180000, 0x00000000d5580000)
  object space 148992K, 97% used [0x0000000080000000,0x0000000088e77638,0x0000000089180000)
 Metaspace       used 86723K, committed 88320K, reserved 1179648K
  class space    used 8645K, committed 9408K, reserved 1048576K
}
Event: 4746.187 GC heap after
{Heap after GC invocations=4244 (full 6):
 PSYoungGen      total 1536K, used 488K [0x00000000d5580000, 0x00000000d6300000, 0x0000000100000000)
  eden space 1024K, 0% used [0x00000000d5580000,0x00000000d5580000,0x00000000d5680000)
  from space 512K, 95% used [0x00000000d5b00000,0x00000000d5b7a3d0,0x00000000d5b80000)
  to   space 4608K, 0% used [0x00000000d5680000,0x00000000d5680000,0x00000000d5b00000)
 ParOldGen       total 149504K, used 149005K [0x0000000080000000, 0x0000000089200000, 0x00000000d5580000)
  object space 149504K, 99% used [0x0000000080000000,0x0000000089183648,0x0000000089200000)
 Metaspace       used 86723K, committed 88320K, reserved 1179648K
  class space    used 8645K, committed 9408K, reserved 1048576K
}
Event: 4746.191 GC heap before
{Heap before GC invocations=4245 (full 6):
 PSYoungGen      total 1536K, used 1512K [0x00000000d5580000, 0x00000000d6300000, 0x0000000100000000)
  eden space 1024K, 99% used [0x00000000d5580000,0x00000000d567fff8,0x00000000d5680000)
  from space 512K, 95% used [0x00000000d5b00000,0x00000000d5b7a3d0,0x00000000d5b80000)
  to   space 4608K, 0% used [0x00000000d5680000,0x00000000d5680000,0x00000000d5b00000)
 ParOldGen       total 149504K, used 149005K [0x0000000080000000, 0x0000000089200000, 0x00000000d5580000)
  object space 149504K, 99% used [0x0000000080000000,0x0000000089183648,0x0000000089200000)
 Metaspace       used 86723K, committed 88320K, reserved 1179648K
  class space    used 8645K, committed 9408K, reserved 1048576K
}
Event: 4746.193 GC heap after
{Heap after GC invocations=4245 (full 6):
 PSYoungGen      total 2560K, used 1088K [0x00000000d5580000, 0x00000000d5b80000, 0x0000000100000000)
  eden space 1024K, 0% used [0x00000000d5580000,0x00000000d5580000,0x00000000d5680000)
  from space 1536K, 70% used [0x00000000d5680000,0x00000000d5790000,0x00000000d5800000)
  to   space 2048K, 0% used [0x00000000d5980000,0x00000000d5980000,0x00000000d5b80000)
 ParOldGen       total 149504K, used 149494K [0x0000000080000000, 0x0000000089200000, 0x00000000d5580000)
  object space 149504K, 99% used [0x0000000080000000,0x00000000891fda18,0x0000000089200000)
 Metaspace       used 86723K, committed 88320K, reserved 1179648K
  class space    used 8645K, committed 9408K, reserved 1048576K
}
Event: 4746.198 GC heap before
{Heap before GC invocations=4246 (full 6):
 PSYoungGen      total 2560K, used 2112K [0x00000000d5580000, 0x00000000d5b80000, 0x0000000100000000)
  eden space 1024K, 100% used [0x00000000d5580000,0x00000000d5680000,0x00000000d5680000)
  from space 1536K, 70% used [0x00000000d5680000,0x00000000d5790000,0x00000000d5800000)
  to   space 2048K, 0% used [0x00000000d5980000,0x00000000d5980000,0x00000000d5b80000)
 ParOldGen       total 149504K, used 149494K [0x0000000080000000, 0x0000000089200000, 0x00000000d5580000)
  object space 149504K, 99% used [0x0000000080000000,0x00000000891fda18,0x0000000089200000)
 Metaspace       used 86723K, committed 88320K, reserved 1179648K
  class space    used 8645K, committed 9408K, reserved 1048576K
}
Event: 4746.199 GC heap after
{Heap after GC invocations=4246 (full 6):
 PSYoungGen      total 3072K, used 1044K [0x00000000d5580000, 0x00000000d5b00000, 0x0000000100000000)
  eden space 1536K, 0% used [0x00000000d5580000,0x00000000d5580000,0x00000000d5700000)
  from space 1536K, 67% used [0x00000000d5980000,0x00000000d5a85000,0x00000000d5b00000)
  to   space 1536K, 0% used [0x00000000d5800000,0x00000000d5800000,0x00000000d5980000)
 ParOldGen       total 150528K, used 150494K [0x0000000080000000, 0x0000000089300000, 0x00000000d5580000)
  object space 150528K, 99% used [0x0000000080000000,0x00000000892f7a18,0x0000000089300000)
 Metaspace       used 86723K, committed 88320K, reserved 1179648K
  class space    used 8645K, committed 9408K, reserved 1048576K
}
Event: 4746.210 GC heap before
{Heap before GC invocations=4247 (full 6):
 PSYoungGen      total 3072K, used 2347K [0x00000000d5580000, 0x00000000d5b00000, 0x0000000100000000)
  eden space 1536K, 84% used [0x00000000d5580000,0x00000000d56c5f90,0x00000000d5700000)
  from space 1536K, 67% used [0x00000000d5980000,0x00000000d5a85000,0x00000000d5b00000)
  to   space 1536K, 0% used [0x00000000d5800000,0x00000000d5800000,0x00000000d5980000)
 ParOldGen       total 150528K, used 150494K [0x0000000080000000, 0x0000000089300000, 0x00000000d5580000)
  object space 150528K, 99% used [0x0000000080000000,0x00000000892f7a18,0x0000000089300000)
 Metaspace       used 86723K, committed 88320K, reserved 1179648K
  class space    used 8645K, committed 9408K, reserved 1048576K
}
Event: 4746.213 GC heap after
{Heap after GC invocations=4247 (full 6):
 PSYoungGen      total 3584K, used 1248K [0x00000000d5580000, 0x00000000d5a80000, 0x0000000100000000)
  eden space 2048K, 0% used [0x00000000d5580000,0x00000000d5580000,0x00000000d5780000)
  from space 1536K, 81% used [0x00000000d5800000,0x00000000d5938000,0x00000000d5980000)
  to   space 1024K, 0% used [0x00000000d5980000,0x00000000d5980000,0x00000000d5a80000)
 ParOldGen       total 151552K, used 151358K [0x0000000080000000, 0x0000000089400000, 0x00000000d5580000)
  object space 151552K, 99% used [0x0000000080000000,0x00000000893cfa18,0x0000000089400000)
 Metaspace       used 86723K, committed 88320K, reserved 1179648K
  class space    used 8645K, committed 9408K, reserved 1048576K
}
Event: 4746.245 GC heap before
{Heap before GC invocations=4248 (full 6):
 PSYoungGen      total 3584K, used 3296K [0x00000000d5580000, 0x00000000d5a80000, 0x0000000100000000)
  eden space 2048K, 100% used [0x00000000d5580000,0x00000000d5780000,0x00000000d5780000)
  from space 1536K, 81% used [0x00000000d5800000,0x00000000d5938000,0x00000000d5980000)
  to   space 1024K, 0% used [0x00000000d5980000,0x00000000d5980000,0x00000000d5a80000)
 ParOldGen       total 151552K, used 151358K [0x0000000080000000, 0x0000000089400000, 0x00000000d5580000)
  object space 151552K, 99% used [0x0000000080000000,0x00000000893cfa18,0x0000000089400000)
 Metaspace       used 86723K, committed 88320K, reserved 1179648K
  class space    used 8645K, committed 9408K, reserved 1048576K
}
Event: 4746.247 GC heap after
{Heap after GC invocations=4248 (full 6):
 PSYoungGen      total 2560K, used 1011K [0x00000000d5580000, 0x00000000d5c80000, 0x0000000100000000)
  eden space 1536K, 0% used [0x00000000d5580000,0x00000000d5580000,0x00000000d5700000)
  from space 1024K, 98% used [0x00000000d5980000,0x00000000d5a7cd60,0x00000000d5a80000)
  to   space 2560K, 0% used [0x00000000d5700000,0x00000000d5700000,0x00000000d5980000)
 ParOldGen       total 152576K, used 152462K [0x0000000080000000, 0x0000000089500000, 0x00000000d5580000)
  object space 152576K, 99% used [0x0000000080000000,0x00000000894e3a18,0x0000000089500000)
 Metaspace       used 86723K, committed 88320K, reserved 1179648K
  class space    used 8645K, committed 9408K, reserved 1048576K
}
Event: 4746.250 GC heap before
{Heap before GC invocations=4249 (full 6):
 PSYoungGen      total 2560K, used 2547K [0x00000000d5580000, 0x00000000d5c80000, 0x0000000100000000)
  eden space 1536K, 100% used [0x00000000d5580000,0x00000000d5700000,0x00000000d5700000)
  from space 1024K, 98% used [0x00000000d5980000,0x00000000d5a7cd60,0x00000000d5a80000)
  to   space 2560K, 0% used [0x00000000d5700000,0x00000000d5700000,0x00000000d5980000)
 ParOldGen       total 152576K, used 152462K [0x0000000080000000, 0x0000000089500000, 0x00000000d5580000)
  object space 152576K, 99% used [0x0000000080000000,0x00000000894e3a18,0x0000000089500000)
 Metaspace       used 86723K, committed 88320K, reserved 1179648K
  class space    used 8645K, committed 9408K, reserved 1048576K
}
Event: 4746.252 GC heap after
{Heap after GC invocations=4249 (full 6):
 PSYoungGen      total 4096K, used 1568K [0x00000000d5580000, 0x00000000d5b80000, 0x0000000100000000)
  eden space 1536K, 0% used [0x00000000d5580000,0x00000000d5580000,0x00000000d5700000)
  from space 2560K, 61% used [0x00000000d5700000,0x00000000d5888000,0x00000000d5980000)
  to   space 2048K, 0% used [0x00000000d5980000,0x00000000d5980000,0x00000000d5b80000)
 ParOldGen       total 154112K, used 153643K [0x0000000080000000, 0x0000000089680000, 0x00000000d5580000)
  object space 154112K, 99% used [0x0000000080000000,0x000000008960ae28,0x0000000089680000)
 Metaspace       used 86723K, committed 88320K, reserved 1179648K
  class space    used 8645K, committed 9408K, reserved 1048576K
}
Event: 4746.262 GC heap before
{Heap before GC invocations=4250 (full 6):
 PSYoungGen      total 4096K, used 3076K [0x00000000d5580000, 0x00000000d5b80000, 0x0000000100000000)
  eden space 1536K, 98% used [0x00000000d5580000,0x00000000d56f9088,0x00000000d5700000)
  from space 2560K, 61% used [0x00000000d5700000,0x00000000d5888000,0x00000000d5980000)
  to   space 2048K, 0% used [0x00000000d5980000,0x00000000d5980000,0x00000000d5b80000)
 ParOldGen       total 154112K, used 153643K [0x0000000080000000, 0x0000000089680000, 0x00000000d5580000)
  object space 154112K, 99% used [0x0000000080000000,0x000000008960ae28,0x0000000089680000)
 Metaspace       used 86723K, committed 88320K, reserved 1179648K
  class space    used 8645K, committed 9408K, reserved 1048576K
}
Event: 4746.265 GC heap after
{Heap after GC invocations=4250 (full 6):
 PSYoungGen      total 3584K, used 1448K [0x00000000d5580000, 0x00000000d5b00000, 0x0000000100000000)
  eden space 2048K, 0% used [0x00000000d5580000,0x00000000d5580000,0x00000000d5780000)
  from space 1536K, 94% used [0x00000000d5980000,0x00000000d5aea000,0x00000000d5b00000)
  to   space 1536K, 0% used [0x00000000d5800000,0x00000000d5800000,0x00000000d5980000)
 ParOldGen       total 155648K, used 155187K [0x0000000080000000, 0x0000000089800000, 0x00000000d5580000)
  object space 155648K, 99% used [0x0000000080000000,0x000000008978ce28,0x0000000089800000)
 Metaspace       used 86723K, committed 88320K, reserved 1179648K
  class space    used 8645K, committed 9408K, reserved 1048576K
}
Event: 4746.533 GC heap before
{Heap before GC invocations=4251 (full 6):
 PSYoungGen      total 3584K, used 3496K [0x00000000d5580000, 0x00000000d5b00000, 0x0000000100000000)
  eden space 2048K, 100% used [0x00000000d5580000,0x00000000d5780000,0x00000000d5780000)
  from space 1536K, 94% used [0x00000000d5980000,0x00000000d5aea000,0x00000000d5b00000)
  to   space 1536K, 0% used [0x00000000d5800000,0x00000000d5800000,0x00000000d5980000)
 ParOldGen       total 155648K, used 155187K [0x0000000080000000, 0x0000000089800000, 0x00000000d5580000)
  object space 155648K, 99% used [0x0000000080000000,0x000000008978ce28,0x0000000089800000)
 Metaspace       used 86723K, committed 88320K, reserved 1179648K
  class space    used 8645K, committed 9408K, reserved 1048576K
}
Event: 4746.539 GC heap after
{Heap after GC invocations=4251 (full 6):
 PSYoungGen      total 3072K, used 976K [0x00000000d5580000, 0x00000000d5a80000, 0x0000000100000000)
  eden space 2048K, 0% used [0x00000000d5580000,0x00000000d5580000,0x00000000d5780000)
  from space 1024K, 95% used [0x00000000d5800000,0x00000000d58f4000,0x00000000d5900000)
  to   space 1536K, 0% used [0x00000000d5900000,0x00000000d5900000,0x00000000d5a80000)
 ParOldGen       total 156672K, used 156355K [0x0000000080000000, 0x0000000089900000, 0x00000000d5580000)
  object space 156672K, 99% used [0x0000000080000000,0x00000000898b0e28,0x0000000089900000)
 Metaspace       used 86723K, committed 88320K, reserved 1179648K
  class space    used 8645K, committed 9408K, reserved 1048576K
}
Event: 4748.505 GC heap before
{Heap before GC invocations=4252 (full 6):
 PSYoungGen      total 3072K, used 3024K [0x00000000d5580000, 0x00000000d5a80000, 0x0000000100000000)
  eden space 2048K, 100% used [0x00000000d5580000,0x00000000d5780000,0x00000000d5780000)
  from space 1024K, 95% used [0x00000000d5800000,0x00000000d58f4000,0x00000000d5900000)
  to   space 1536K, 0% used [0x00000000d5900000,0x00000000d5900000,0x00000000d5a80000)
 ParOldGen       total 156672K, used 156355K [0x0000000080000000, 0x0000000089900000, 0x00000000d5580000)
  object space 156672K, 99% used [0x0000000080000000,0x00000000898b0e28,0x0000000089900000)
 Metaspace       used 86732K, committed 88320K, reserved 1179648K
  class space    used 8645K, committed 9408K, reserved 1048576K
}
Event: 4748.507 GC heap after
{Heap after GC invocations=4252 (full 6):
 PSYoungGen      total 2560K, used 256K [0x00000000d5580000, 0x00000000d5980000, 0x0000000100000000)
  eden space 2048K, 0% used [0x00000000d5580000,0x00000000d5580000,0x00000000d5780000)
  from space 512K, 50% used [0x00000000d5900000,0x00000000d5940000,0x00000000d5980000)
  to   space 1024K, 0% used [0x00000000d5780000,0x00000000d5780000,0x00000000d5880000)
 ParOldGen       total 157184K, used 156939K [0x0000000080000000, 0x0000000089980000, 0x00000000d5580000)
  object space 157184K, 99% used [0x0000000080000000,0x0000000089942e28,0x0000000089980000)
 Metaspace       used 86732K, committed 88320K, reserved 1179648K
  class space    used 8645K, committed 9408K, reserved 1048576K
}

Dll operation events (14 events):
Event: 0.050 Loaded shared library c:\Users\appia\.vscode\extensions\redhat.java-1.53.0-win32-x64\jre\21.0.10-win32-x86_64\bin\java.dll
Event: 0.440 Loaded shared library c:\Users\appia\.vscode\extensions\redhat.java-1.53.0-win32-x64\jre\21.0.10-win32-x86_64\bin\zip.dll
Event: 0.598 Loaded shared library C:\Users\appia\.vscode\extensions\redhat.java-1.53.0-win32-x64\jre\21.0.10-win32-x86_64\bin\instrument.dll
Event: 0.647 Loaded shared library C:\Users\appia\.vscode\extensions\redhat.java-1.53.0-win32-x64\jre\21.0.10-win32-x86_64\bin\net.dll
Event: 0.653 Loaded shared library C:\Users\appia\.vscode\extensions\redhat.java-1.53.0-win32-x64\jre\21.0.10-win32-x86_64\bin\nio.dll
Event: 0.660 Loaded shared library C:\Users\appia\.vscode\extensions\redhat.java-1.53.0-win32-x64\jre\21.0.10-win32-x86_64\bin\zip.dll
Event: 0.722 Loaded shared library C:\Users\appia\.vscode\extensions\redhat.java-1.53.0-win32-x64\jre\21.0.10-win32-x86_64\bin\jimage.dll
Event: 1.018 Loaded shared library c:\Users\appia\.vscode\extensions\redhat.java-1.53.0-win32-x64\jre\21.0.10-win32-x86_64\bin\verify.dll
Event: 25.411 Loaded shared library C:\Users\appia\AppData\Roaming\Code\User\globalStorage\redhat.java\1.53.0\config_win\org.eclipse.equinox.launcher\org.eclipse.equinox.launcher.win32.win32.x86_64_1.3.0.v20260203-2149\eclipse_11919.dll
Event: 44.699 Loaded shared library C:\Users\appia\.vscode\extensions\redhat.java-1.53.0-win32-x64\jre\21.0.10-win32-x86_64\bin\management.dll
Event: 44.705 Loaded shared library C:\Users\appia\.vscode\extensions\redhat.java-1.53.0-win32-x64\jre\21.0.10-win32-x86_64\bin\management_ext.dll
Event: 50.660 Loaded shared library C:\Users\appia\AppData\Local\Temp\jna-2004764773\jna11142963726744208158.dll
Event: 51.132 Loaded shared library C:\Users\appia\.vscode\extensions\redhat.java-1.53.0-win32-x64\jre\21.0.10-win32-x86_64\bin\sunmscapi.dll
Event: 51.991 Loaded shared library C:\Users\appia\.vscode\extensions\redhat.java-1.53.0-win32-x64\jre\21.0.10-win32-x86_64\bin\extnet.dll

Deoptimization events (20 events):
Event: 4721.470 Thread 0x00000234ff8c76f0 Uncommon trap: trap_request=0xffffff45 fr.pc=0x00000234890904a0 relative=0x0000000000001ca0
Event: 4721.470 Thread 0x00000234ff8c76f0 Uncommon trap: reason=unstable_if action=reinterpret pc=0x00000234890904a0 method=org.eclipse.core.internal.jobs.OrderedLock.setCurrentOperationThread(Ljava/lang/Thread;)V @ 8 c2
Event: 4721.470 Thread 0x00000234ff8c76f0 DEOPT PACKING pc=0x00000234890904a0 sp=0x000000a5619fe4d0
Event: 4721.470 Thread 0x00000234ff8c76f0 DEOPT UNPACKING pc=0x0000023487583aa2 sp=0x000000a5619fe4f0 mode 2
Event: 4721.586 Thread 0x00000234fe597820 Uncommon trap: trap_request=0xffffff45 fr.pc=0x0000023488482874 relative=0x0000000000000794
Event: 4721.586 Thread 0x00000234fe597820 Uncommon trap: reason=unstable_if action=reinterpret pc=0x0000023488482874 method=org.eclipse.jdt.core.compiler.CharOperation.toStrings([[C)[Ljava/lang/String; @ 1 c2
Event: 4721.586 Thread 0x00000234fe597820 DEOPT PACKING pc=0x0000023488482874 sp=0x000000a562cfdaa0
Event: 4721.586 Thread 0x00000234fe597820 DEOPT UNPACKING pc=0x0000023487583aa2 sp=0x000000a562cfdaa8 mode 2
Event: 4721.626 Thread 0x00000234fcc00d00 Uncommon trap: trap_request=0xffffff45 fr.pc=0x0000023487e95e3c relative=0x000000000000185c
Event: 4721.626 Thread 0x00000234fcc00d00 Uncommon trap: reason=unstable_if action=reinterpret pc=0x0000023487e95e3c method=org.eclipse.jdt.internal.core.search.matching.TypeDeclarationPattern.createIndexKey(I[C[C[[CZ)[C @ 85 c2
Event: 4721.626 Thread 0x00000234fcc00d00 DEOPT PACKING pc=0x0000023487e95e3c sp=0x000000a561bfe720
Event: 4721.626 Thread 0x00000234fcc00d00 DEOPT UNPACKING pc=0x0000023487583aa2 sp=0x000000a561bfe658 mode 2
Event: 4721.676 Thread 0x00000234fd0227d0 Uncommon trap: trap_request=0xffffff45 fr.pc=0x0000023487dd256c relative=0x000000000000074c
Event: 4721.676 Thread 0x00000234fd0227d0 Uncommon trap: reason=unstable_if action=reinterpret pc=0x0000023487dd256c method=org.eclipse.jdt.internal.core.NameLookup.findSecondaryType(Ljava/lang/String;Ljava/lang/String;Lorg/eclipse/jdt/core/IJavaProject;ZLorg/eclipse/core/runtime/IProgressMonitor
Event: 4721.677 Thread 0x00000234fd0227d0 DEOPT PACKING pc=0x0000023487dd256c sp=0x000000a5615fe2c0
Event: 4721.677 Thread 0x00000234fd0227d0 DEOPT UNPACKING pc=0x0000023487583aa2 sp=0x000000a5615fe1c8 mode 2
Event: 4721.677 Thread 0x00000234fd0227d0 Uncommon trap: trap_request=0xffffff45 fr.pc=0x00000234882c66f4 relative=0x0000000000000694
Event: 4721.677 Thread 0x00000234fd0227d0 Uncommon trap: reason=unstable_if action=reinterpret pc=0x00000234882c66f4 method=org.eclipse.jdt.internal.core.NameLookup.findSecondaryType(Ljava/lang/String;Ljava/lang/String;Lorg/eclipse/jdt/core/IJavaProject;ZLorg/eclipse/core/runtime/IProgressMonitor
Event: 4721.677 Thread 0x00000234fd0227d0 DEOPT PACKING pc=0x00000234882c66f4 sp=0x000000a5615fe2b0
Event: 4721.677 Thread 0x00000234fd0227d0 DEOPT UNPACKING pc=0x0000023487583aa2 sp=0x000000a5615fe268 mode 2

Classes loaded (20 events):
Event: 1254.366 Loading class java/util/regex/Pattern$Behind
Event: 1254.367 Loading class java/util/regex/Pattern$Behind done
Event: 1254.368 Loading class java/util/regex/Pattern$Neg
Event: 1254.372 Loading class java/util/regex/Pattern$Neg done
Event: 4088.105 Loading class java/util/concurrent/ConcurrentHashMap$TreeNode
Event: 4088.109 Loading class java/util/concurrent/ConcurrentHashMap$TreeNode done
Event: 4088.110 Loading class java/util/concurrent/ConcurrentHashMap$TreeBin
Event: 4088.119 Loading class java/util/concurrent/ConcurrentHashMap$TreeBin done
Event: 4109.046 Loading class sun/net/www/protocol/http/HttpURLConnection$10
Event: 4109.047 Loading class sun/net/www/protocol/http/HttpURLConnection$10 done
Event: 4112.143 Loading class jdk/internal/icu/text/NormalizerBase$NFCModeImpl
Event: 4112.144 Loading class jdk/internal/icu/text/NormalizerBase$NFCModeImpl done
Event: 4112.144 Loading class jdk/internal/icu/impl/Norm2AllModes$NFCSingleton
Event: 4112.146 Loading class jdk/internal/icu/impl/Norm2AllModes$NFCSingleton done
Event: 4112.151 Loading class java/nio/StringCharBuffer
Event: 4112.152 Loading class java/nio/StringCharBuffer done
Event: 4112.760 Loading class java/lang/StringLatin1$LinesSpliterator
Event: 4112.760 Loading class java/lang/StringLatin1$LinesSpliterator done
Event: 4242.102 Loading class java/util/Collections$EmptyListIterator
Event: 4242.103 Loading class java/util/Collections$EmptyListIterator done

Classes unloaded (20 events):
Event: 4103.224 Thread 0x00000234ee627810 Unloading class 0x0000023490014800 'java/lang/invoke/LambdaForm$MH+0x0000023490014800'
Event: 4103.224 Thread 0x00000234ee627810 Unloading class 0x000002349000d800 'java/lang/invoke/LambdaForm$MH+0x000002349000d800'
Event: 4103.225 Thread 0x00000234ee627810 Unloading class 0x000002349000d400 'java/lang/invoke/LambdaForm$MH+0x000002349000d400'
Event: 4103.225 Thread 0x00000234ee627810 Unloading class 0x000002349000d000 'java/lang/invoke/LambdaForm$MH+0x000002349000d000'
Event: 4103.225 Thread 0x00000234ee627810 Unloading class 0x000002349000cc00 'java/lang/invoke/LambdaForm$MH+0x000002349000cc00'
Event: 4103.225 Thread 0x00000234ee627810 Unloading class 0x000002349000c800 'java/lang/invoke/LambdaForm$BMH+0x000002349000c800'
Event: 4103.225 Thread 0x00000234ee627810 Unloading class 0x000002349000c000 'java/lang/invoke/LambdaForm$DMH+0x000002349000c000'
Event: 4103.225 Thread 0x00000234ee627810 Unloading class 0x0000023490008c00 'java/lang/invoke/LambdaForm$MH+0x0000023490008c00'
Event: 4103.225 Thread 0x00000234ee627810 Unloading class 0x0000023490008800 'java/lang/invoke/LambdaForm$MH+0x0000023490008800'
Event: 4103.225 Thread 0x00000234ee627810 Unloading class 0x0000023490008400 'java/lang/invoke/LambdaForm$MH+0x0000023490008400'
Event: 4103.225 Thread 0x00000234ee627810 Unloading class 0x0000023490007000 'java/lang/invoke/LambdaForm$MH+0x0000023490007000'
Event: 4103.225 Thread 0x00000234ee627810 Unloading class 0x0000023490006800 'java/lang/invoke/LambdaForm$MH+0x0000023490006800'
Event: 4103.225 Thread 0x00000234ee627810 Unloading class 0x0000023490006400 'java/lang/invoke/LambdaForm$MH+0x0000023490006400'
Event: 4103.225 Thread 0x00000234ee627810 Unloading class 0x0000023490006000 'java/lang/invoke/LambdaForm$MH+0x0000023490006000'
Event: 4103.225 Thread 0x00000234ee627810 Unloading class 0x0000023490005c00 'java/lang/invoke/LambdaForm$BMH+0x0000023490005c00'
Event: 4103.225 Thread 0x00000234ee627810 Unloading class 0x0000023490004800 'java/lang/invoke/LambdaForm$DMH+0x0000023490004800'
Event: 4103.225 Thread 0x00000234ee627810 Unloading class 0x0000023490002400 'java/lang/invoke/LambdaForm$MH+0x0000023490002400'
Event: 4103.225 Thread 0x00000234ee627810 Unloading class 0x0000023490002000 'java/lang/invoke/LambdaForm$MH+0x0000023490002000'
Event: 4103.225 Thread 0x00000234ee627810 Unloading class 0x0000023490001800 'java/lang/invoke/LambdaForm$MH+0x0000023490001800'
Event: 4103.225 Thread 0x00000234ee627810 Unloading class 0x0000023490000400 'java/lang/invoke/LambdaForm$MH+0x0000023490000400'

Classes redefined (0 events):
No events

Internal exceptions (20 events):
Event: 4689.408 Thread 0x00000234fcc00d00 Exception <a 'sun/nio/fs/WindowsException'{0x00000000d56de430}> (0x00000000d56de430) 
thrown [s\src\hotspot\share\prims\jni.cpp, line 520]
Event: 4689.538 Thread 0x00000234fcc00d00 Exception <a 'sun/nio/fs/WindowsException'{0x00000000d57c5d80}> (0x00000000d57c5d80) 
thrown [s\src\hotspot\share\prims\jni.cpp, line 520]
Event: 4692.095 Thread 0x00000234fcc00d00 Exception <a 'sun/nio/fs/WindowsException'{0x00000000d579aa28}> (0x00000000d579aa28) 
thrown [s\src\hotspot\share\prims\jni.cpp, line 520]
Event: 4692.251 Thread 0x00000234fcc00d00 Exception <a 'sun/nio/fs/WindowsException'{0x00000000d57e4738}> (0x00000000d57e4738) 
thrown [s\src\hotspot\share\prims\jni.cpp, line 520]
Event: 4719.025 Thread 0x00000234fe597820 Exception <a 'java/lang/IncompatibleClassChangeError'{0x00000000d574b4f0}: Found class java.lang.Object, but interface was expected> (0x00000000d574b4f0) 
thrown [s\src\hotspot\share\interpreter\linkResolver.cpp, line 840]
Event: 4719.025 Thread 0x00000234fe597820 Implicit null exception at 0x00000234882ca652 to 0x00000234882cd610
Event: 4719.220 Thread 0x00000234fd023b80 Implicit null exception at 0x0000023487c86988 to 0x0000023487c88314
Event: 4719.239 Thread 0x00000234fd0227d0 Exception <a 'java/lang/NoSuchMethodError'{0x00000000d5654878}: 'java.lang.Object java.lang.invoke.DirectMethodHandle$Holder.newInvokeSpecial(java.lang.Object, java.lang.Object, java.lang.Object, java.lang.Object, int)'> (0x00000000d5654878) 
thrown [s\src\hotspot\share\interpreter\linkResolver.cpp, line 773]
Event: 4719.239 Thread 0x00000234fd0227d0 Exception <a 'java/lang/NoSuchMethodError'{0x00000000d5658948}: 'java.lang.Object java.lang.invoke.DirectMethodHandle$Holder.invokeSpecial(java.lang.Object, java.lang.Object, java.lang.Object, java.lang.Object, java.lang.Object, int)'> (0x00000000d5658948) 
thrown [s\src\hotspot\share\interpreter\linkResolver.cpp, line 773]
Event: 4719.239 Thread 0x00000234fd0227d0 Exception <a 'java/lang/NoSuchMethodError'{0x00000000d565c3c8}: 'java.lang.Object java.lang.invoke.Invokers$Holder.linkToTargetMethod(java.lang.Object, java.lang.Object, java.lang.Object, int, java.lang.Object)'> (0x00000000d565c3c8) 
thrown [s\src\hotspot\share\interpreter\linkResolver.cpp, line 773]
Event: 4721.257 Thread 0x00000234fe597820 Implicit null exception at 0x0000023488d22a52 to 0x0000023488d22ed8
Event: 4721.258 Thread 0x00000234fe597820 Implicit null exception at 0x0000023488ea0db3 to 0x0000023488ea33ec
Event: 4721.297 Thread 0x00000234fe597820 Implicit null exception at 0x0000023488822c54 to 0x0000023488823760
Event: 4721.330 Thread 0x00000234fcc00d00 Exception <a 'sun/nio/fs/WindowsException'{0x00000000d567a4c8}> (0x00000000d567a4c8) 
thrown [s\src\hotspot\share\prims\jni.cpp, line 520]
Event: 4721.571 Thread 0x00000234fcc00d00 Exception <a 'sun/nio/fs/WindowsException'{0x00000000d5718ff0}> (0x00000000d5718ff0) 
thrown [s\src\hotspot\share\prims\jni.cpp, line 520]
Event: 4721.586 Thread 0x00000234fe597820 Implicit null exception at 0x0000023488482103 to 0x0000023488482860
Event: 4744.689 Thread 0x00000234fcc00d00 Exception <a 'sun/nio/fs/WindowsException'{0x00000000d5580780}> (0x00000000d5580780) 
thrown [s\src\hotspot\share\prims\jni.cpp, line 520]
Event: 4744.851 Thread 0x00000234fcc00d00 Exception <a 'sun/nio/fs/WindowsException'{0x00000000d558ad58}> (0x00000000d558ad58) 
thrown [s\src\hotspot\share\prims\jni.cpp, line 520]
Event: 4746.153 Thread 0x00000234fcc00d00 Exception <a 'sun/nio/fs/WindowsException'{0x00000000d58758c8}> (0x00000000d58758c8) 
thrown [s\src\hotspot\share\prims\jni.cpp, line 520]
Event: 4746.291 Thread 0x00000234fcc00d00 Exception <a 'sun/nio/fs/WindowsException'{0x00000000d560a108}> (0x00000000d560a108) 
thrown [s\src\hotspot\share\prims\jni.cpp, line 520]

ZGC Phase Switch (0 events):
No events

VM Operations (20 events):
Event: 4748.505 Executing safepoint VM operation: ParallelGCFailedAllocation (Allocation Failure)
Event: 4748.507 Executing safepoint VM operation: ParallelGCFailedAllocation (Allocation Failure) done
Event: 4775.848 Executing non-safepoint VM operation: HandshakeAllThreads (HandshakeForDeflation)
Event: 4775.849 Executing non-safepoint VM operation: HandshakeAllThreads (HandshakeForDeflation) done
Event: 4775.849 Executing non-safepoint VM operation: RendezvousGCThreads
Event: 4775.849 Executing non-safepoint VM operation: RendezvousGCThreads done
Event: 4896.134 Executing non-safepoint VM operation: HandshakeAllThreads (HandshakeForDeflation)
Event: 4896.134 Executing non-safepoint VM operation: HandshakeAllThreads (HandshakeForDeflation) done
Event: 4896.134 Executing non-safepoint VM operation: RendezvousGCThreads
Event: 4896.134 Executing non-safepoint VM operation: RendezvousGCThreads done
Event: 4979.801 Executing safepoint VM operation: Cleanup
Event: 4979.801 Executing safepoint VM operation: Cleanup done
Event: 5016.297 Executing non-safepoint VM operation: HandshakeAllThreads (HandshakeForDeflation)
Event: 5016.297 Executing non-safepoint VM operation: HandshakeAllThreads (HandshakeForDeflation) done
Event: 5016.297 Executing non-safepoint VM operation: RendezvousGCThreads
Event: 5016.297 Executing non-safepoint VM operation: RendezvousGCThreads done
Event: 14330.472 Executing non-safepoint VM operation: HandshakeAllThreads (HandshakeForDeflation)
Event: 14330.481 Executing non-safepoint VM operation: HandshakeAllThreads (HandshakeForDeflation) done
Event: 14330.482 Executing non-safepoint VM operation: RendezvousGCThreads
Event: 14330.482 Executing non-safepoint VM operation: RendezvousGCThreads done

Memory protections (0 events):
No events

Nmethod flushes (20 events):
Event: 4693.208 Thread 0x00000234ee627810 flushing  nmethod 0x0000023482cdfe90
Event: 4693.208 Thread 0x00000234ee627810 flushing  nmethod 0x0000023482d08790
Event: 4693.208 Thread 0x00000234ee627810 flushing  nmethod 0x0000023482d24090
Event: 4693.208 Thread 0x00000234ee627810 flushing  nmethod 0x0000023482d29310
Event: 4693.208 Thread 0x00000234ee627810 flushing  nmethod 0x0000023482d2e990
Event: 4693.208 Thread 0x00000234ee627810 flushing  nmethod 0x0000023482d39410
Event: 4693.208 Thread 0x00000234ee627810 flushing  nmethod 0x0000023482d4ca90
Event: 4693.208 Thread 0x00000234ee627810 flushing  nmethod 0x0000023482d52690
Event: 4693.208 Thread 0x00000234ee627810 flushing  nmethod 0x0000023482d54a90
Event: 4693.208 Thread 0x00000234ee627810 flushing  nmethod 0x0000023482d66710
Event: 4693.208 Thread 0x00000234ee627810 flushing  nmethod 0x0000023482d66a10
Event: 4693.208 Thread 0x00000234ee627810 flushing  nmethod 0x0000023482d77b90
Event: 4693.208 Thread 0x00000234ee627810 flushing  nmethod 0x0000023482d8d210
Event: 4693.208 Thread 0x00000234ee627810 flushing  nmethod 0x0000023482d98e90
Event: 4693.208 Thread 0x00000234ee627810 flushing osr nmethod 0x0000023482da6f10
Event: 4693.208 Thread 0x00000234ee627810 flushing  nmethod 0x0000023482dab910
Event: 4693.208 Thread 0x00000234ee627810 flushing  nmethod 0x0000023482dae910
Event: 4693.208 Thread 0x00000234ee627810 flushing  nmethod 0x0000023482e9e810
Event: 4693.208 Thread 0x00000234ee627810 flushing  nmethod 0x0000023482ee5c10
Event: 4693.208 Thread 0x00000234ee627810 flushing  nmethod 0x0000023482f5f390

Events (20 events):
Event: 4868.526 Thread 0x00000234fd0227d0 Thread exited: 0x00000234fd0227d0
Event: 4928.534 Thread 0x00000234fd023b80 Thread exited: 0x00000234fd023b80
Event: 4979.604 Thread 0x00000234ff8c9130 Thread added: 0x00000234ff8ca4e0
Event: 4979.606 Thread 0x00000234ff8ca4e0 Thread exited: 0x00000234ff8ca4e0
Event: 4979.609 Thread 0x00000234ff8c9130 Thread added: 0x00000234ff8ca4e0
Event: 4979.610 Thread 0x00000234ff8ca4e0 Thread added: 0x00000234ff8c7060
Event: 4979.611 Thread 0x00000234ff8ca4e0 Thread added: 0x00000234ff8c76f0
Event: 4979.612 Thread 0x00000234ff8c76f0 Thread exited: 0x00000234ff8c76f0
Event: 4979.613 Thread 0x00000234ff8c7060 Thread exited: 0x00000234ff8c7060
Event: 4979.613 Thread 0x00000234ff8ca4e0 Thread exited: 0x00000234ff8ca4e0
Event: 4984.938 Thread 0x00000234fe3f7b30 Thread exited: 0x00000234fe3f7b30
Event: 4988.535 Thread 0x00000234fd021ab0 Thread exited: 0x00000234fd021ab0
Event: 4989.516 Thread 0x00000234fd022e60 Thread exited: 0x00000234fd022e60
Event: 4992.127 Thread 0x00000234fd022140 Thread exited: 0x00000234fd022140
Event: 5022.505 Thread 0x00000234fd027690 Thread exited: 0x00000234fd027690
Event: 5044.843 Thread 0x00000234fd027000 Thread exited: 0x00000234fd027000
Event: 5046.242 Thread 0x00000234fd025c50 Thread exited: 0x00000234fd025c50
Event: 5048.544 Thread 0x00000234fd020d90 Thread exited: 0x00000234fd020d90
Event: 5108.552 Thread 0x00000234fd0262e0 Thread exited: 0x00000234fd0262e0
Event: 5168.566 Thread 0x00000234fd0234f0 Thread exited: 0x00000234fd0234f0


Dynamic libraries:
0x00007ff6f6a90000 - 0x00007ff6f6a9e000 	c:\Users\appia\.vscode\extensions\redhat.java-1.53.0-win32-x64\jre\21.0.10-win32-x86_64\bin\java.exe
0x00007ffcf5440000 - 0x00007ffcf56a7000 	C:\WINDOWS\SYSTEM32\ntdll.dll
0x00007ffcf40e0000 - 0x00007ffcf41a9000 	C:\WINDOWS\System32\KERNEL32.DLL
0x00007ffcf2070000 - 0x00007ffcf2464000 	C:\WINDOWS\System32\KERNELBASE.dll
0x00007ffceea90000 - 0x00007ffceeb2f000 	C:\WINDOWS\SYSTEM32\apphelp.dll
0x00007ffcf3080000 - 0x00007ffcf31cb000 	C:\WINDOWS\System32\ucrtbase.dll
0x00007ffcc21d0000 - 0x00007ffcc21e8000 	c:\Users\appia\.vscode\extensions\redhat.java-1.53.0-win32-x64\jre\21.0.10-win32-x86_64\bin\jli.dll
0x00007ffcf3300000 - 0x00007ffcf34c5000 	C:\WINDOWS\System32\USER32.dll
0x00007ffcf2e20000 - 0x00007ffcf2e47000 	C:\WINDOWS\System32\win32u.dll
0x00007ffcf4840000 - 0x00007ffcf486b000 	C:\WINDOWS\System32\GDI32.dll
0x00007ffcc1e50000 - 0x00007ffcc1e6e000 	c:\Users\appia\.vscode\extensions\redhat.java-1.53.0-win32-x64\jre\21.0.10-win32-x86_64\bin\VCRUNTIME140.dll
0x00007ffcf1d10000 - 0x00007ffcf1e3a000 	C:\WINDOWS\System32\gdi32full.dll
0x00007ffcf2470000 - 0x00007ffcf2513000 	C:\WINDOWS\System32\msvcp_win.dll
0x00007ffcd3890000 - 0x00007ffcd3b23000 	C:\WINDOWS\WinSxS\amd64_microsoft.windows.common-controls_6595b64144ccf1df_6.0.26100.8115_none_3e075c82e3354f9c\COMCTL32.dll
0x00007ffcf34d0000 - 0x00007ffcf3579000 	C:\WINDOWS\System32\msvcrt.dll
0x00007ffcf32c0000 - 0x00007ffcf32f2000 	C:\WINDOWS\System32\IMM32.DLL
0x00007ffccc6a0000 - 0x00007ffccc6ac000 	c:\Users\appia\.vscode\extensions\redhat.java-1.53.0-win32-x64\jre\21.0.10-win32-x86_64\bin\vcruntime140_1.dll
0x00007ffc88e00000 - 0x00007ffc88e8d000 	c:\Users\appia\.vscode\extensions\redhat.java-1.53.0-win32-x64\jre\21.0.10-win32-x86_64\bin\msvcp140.dll
0x00007ffc26e90000 - 0x00007ffc27c31000 	c:\Users\appia\.vscode\extensions\redhat.java-1.53.0-win32-x64\jre\21.0.10-win32-x86_64\bin\server\jvm.dll
0x00007ffcf4780000 - 0x00007ffcf4836000 	C:\WINDOWS\System32\ADVAPI32.dll
0x00007ffcf3660000 - 0x00007ffcf3707000 	C:\WINDOWS\System32\sechost.dll
0x00007ffcf3e60000 - 0x00007ffcf3f78000 	C:\WINDOWS\System32\RPCRT4.dll
0x00007ffcf4b50000 - 0x00007ffcf4bd0000 	C:\WINDOWS\System32\WS2_32.dll
0x00007ffcf1b70000 - 0x00007ffcf1bce000 	C:\WINDOWS\SYSTEM32\POWRPROF.dll
0x00007ffceebc0000 - 0x00007ffceebcb000 	C:\WINDOWS\SYSTEM32\VERSION.dll
0x00007ffcd5bc0000 - 0x00007ffcd5bf6000 	C:\WINDOWS\SYSTEM32\WINMM.dll
0x00007ffcf1b50000 - 0x00007ffcf1b64000 	C:\WINDOWS\SYSTEM32\UMPDC.dll
0x00007ffcf0a60000 - 0x00007ffcf0a7b000 	C:\WINDOWS\SYSTEM32\kernel.appcore.dll
0x00007ffccc5f0000 - 0x00007ffccc5fa000 	c:\Users\appia\.vscode\extensions\redhat.java-1.53.0-win32-x64\jre\21.0.10-win32-x86_64\bin\jimage.dll
0x00007ffcefaf0000 - 0x00007ffcefd32000 	C:\WINDOWS\SYSTEM32\DBGHELP.DLL
0x00007ffcf4250000 - 0x00007ffcf45d2000 	C:\WINDOWS\System32\combase.dll
0x00007ffcf3580000 - 0x00007ffcf3657000 	C:\WINDOWS\System32\OLEAUT32.dll
0x00007ffcd2330000 - 0x00007ffcd236b000 	C:\WINDOWS\SYSTEM32\dbgcore.DLL
0x00007ffcf1e40000 - 0x00007ffcf1ee5000 	C:\WINDOWS\System32\bcryptPrimitives.dll
0x00007ffccc3f0000 - 0x00007ffccc3ff000 	c:\Users\appia\.vscode\extensions\redhat.java-1.53.0-win32-x64\jre\21.0.10-win32-x86_64\bin\instrument.dll
0x00007ffcc1e30000 - 0x00007ffcc1e50000 	c:\Users\appia\.vscode\extensions\redhat.java-1.53.0-win32-x64\jre\21.0.10-win32-x86_64\bin\java.dll
0x00007ffcf4c40000 - 0x00007ffcf53a6000 	C:\WINDOWS\System32\SHELL32.dll
0x00007ffcf2f10000 - 0x00007ffcf307a000 	C:\WINDOWS\System32\wintypes.dll
0x00007ffcf2520000 - 0x00007ffcf2d85000 	C:\WINDOWS\System32\windows.storage.dll
0x00007ffcf4870000 - 0x00007ffcf4967000 	C:\WINDOWS\System32\SHCORE.dll
0x00007ffcf3250000 - 0x00007ffcf32b6000 	C:\WINDOWS\System32\shlwapi.dll
0x00007ffcf1c30000 - 0x00007ffcf1c59000 	C:\WINDOWS\SYSTEM32\profapi.dll
0x00007ffcb8830000 - 0x00007ffcb8848000 	c:\Users\appia\.vscode\extensions\redhat.java-1.53.0-win32-x64\jre\21.0.10-win32-x86_64\bin\zip.dll
0x00007ffccc230000 - 0x00007ffccc240000 	C:\Users\appia\.vscode\extensions\redhat.java-1.53.0-win32-x64\jre\21.0.10-win32-x86_64\bin\net.dll
0x00007ffcea8d0000 - 0x00007ffcea9fd000 	C:\WINDOWS\SYSTEM32\WINHTTP.dll
0x00007ffcf0fb0000 - 0x00007ffcf101c000 	C:\WINDOWS\system32\mswsock.dll
0x00007ffcb9930000 - 0x00007ffcb9946000 	C:\Users\appia\.vscode\extensions\redhat.java-1.53.0-win32-x64\jre\21.0.10-win32-x86_64\bin\nio.dll
0x00007ffccb8d0000 - 0x00007ffccb8e0000 	c:\Users\appia\.vscode\extensions\redhat.java-1.53.0-win32-x64\jre\21.0.10-win32-x86_64\bin\verify.dll
0x00007ffcc2320000 - 0x00007ffcc2365000 	C:\Users\appia\AppData\Roaming\Code\User\globalStorage\redhat.java\1.53.0\config_win\org.eclipse.equinox.launcher\org.eclipse.equinox.launcher.win32.win32.x86_64_1.3.0.v20260203-2149\eclipse_11919.dll
0x00007ffcf45e0000 - 0x00007ffcf4777000 	C:\WINDOWS\System32\ole32.dll
0x00007ffcc8570000 - 0x00007ffcc857a000 	C:\Users\appia\.vscode\extensions\redhat.java-1.53.0-win32-x64\jre\21.0.10-win32-x86_64\bin\management.dll
0x00007ffcc8540000 - 0x00007ffcc854c000 	C:\Users\appia\.vscode\extensions\redhat.java-1.53.0-win32-x64\jre\21.0.10-win32-x86_64\bin\management_ext.dll
0x00007ffcf4240000 - 0x00007ffcf4248000 	C:\WINDOWS\System32\PSAPI.DLL
0x00007ffcf13b0000 - 0x00007ffcf13cb000 	C:\WINDOWS\SYSTEM32\CRYPTSP.dll
0x00007ffcf09c0000 - 0x00007ffcf09f9000 	C:\WINDOWS\system32\rsaenh.dll
0x00007ffcf1060000 - 0x00007ffcf1093000 	C:\WINDOWS\SYSTEM32\USERENV.dll
0x00007ffcf1c00000 - 0x00007ffcf1c2a000 	C:\WINDOWS\SYSTEM32\bcrypt.dll
0x00007ffcf1390000 - 0x00007ffcf139c000 	C:\WINDOWS\SYSTEM32\CRYPTBASE.dll
0x00007ffcf04d0000 - 0x00007ffcf0502000 	C:\WINDOWS\SYSTEM32\IPHLPAPI.DLL
0x00007ffcf3f90000 - 0x00007ffcf3f9a000 	C:\WINDOWS\System32\NSI.dll
0x00007ffc8c710000 - 0x00007ffc8c759000 	C:\Users\appia\AppData\Local\Temp\jna-2004764773\jna11142963726744208158.dll
0x00007ffceb410000 - 0x00007ffceb42d000 	C:\WINDOWS\SYSTEM32\dhcpcsvc6.DLL
0x00007ffceb3e0000 - 0x00007ffceb405000 	C:\WINDOWS\SYSTEM32\dhcpcsvc.DLL
0x00007ffcc83b0000 - 0x00007ffcc83be000 	C:\Users\appia\.vscode\extensions\redhat.java-1.53.0-win32-x64\jre\21.0.10-win32-x86_64\bin\sunmscapi.dll
0x00007ffcf1ef0000 - 0x00007ffcf2067000 	C:\WINDOWS\System32\CRYPT32.dll
0x00007ffcf1510000 - 0x00007ffcf1540000 	C:\WINDOWS\SYSTEM32\ncrypt.dll
0x00007ffcf14c0000 - 0x00007ffcf14ff000 	C:\WINDOWS\SYSTEM32\NTASN1.dll
0x00007ffcf05d0000 - 0x00007ffcf0702000 	C:\WINDOWS\SYSTEM32\DNSAPI.dll
0x00007ffce41f0000 - 0x00007ffce41fb000 	C:\Windows\System32\rasadhlp.dll
0x00007ffcc8200000 - 0x00007ffcc8209000 	C:\Users\appia\.vscode\extensions\redhat.java-1.53.0-win32-x64\jre\21.0.10-win32-x86_64\bin\extnet.dll

JVMTI agents:
c:\Users\appia\.vscode\extensions\redhat.java-1.53.0-win32-x64\lombok\lombok-1.18.39-4050.jar path:c:\Users\appia\.vscode\extensions\redhat.java-1.53.0-win32-x64\jre\21.0.10-win32-x86_64\bin\instrument.dll, loaded, initialized, instrumentlib options:none

dbghelp: loaded successfully - version: 4.0.5 - missing functions: none
symbol engine: initialized successfully - sym options: 0x614 - pdb path: .;c:\Users\appia\.vscode\extensions\redhat.java-1.53.0-win32-x64\jre\21.0.10-win32-x86_64\bin;C:\WINDOWS\SYSTEM32;C:\WINDOWS\WinSxS\amd64_microsoft.windows.common-controls_6595b64144ccf1df_6.0.26100.8115_none_3e075c82e3354f9c;c:\Users\appia\.vscode\extensions\redhat.java-1.53.0-win32-x64\jre\21.0.10-win32-x86_64\bin\server;C:\Users\appia\AppData\Roaming\Code\User\globalStorage\redhat.java\1.53.0\config_win\org.eclipse.equinox.launcher\org.eclipse.equinox.launcher.win32.win32.x86_64_1.3.0.v20260203-2149;C:\Users\appia\AppData\Local\Temp\jna-2004764773

VM Arguments:
jvm_args: --add-modules=ALL-SYSTEM --add-opens=java.base/java.util=ALL-UNNAMED --add-opens=java.base/java.lang=ALL-UNNAMED --add-opens=java.base/sun.nio.fs=ALL-UNNAMED -Declipse.application=org.eclipse.jdt.ls.core.id1 -Dosgi.bundles.defaultStartLevel=4 -Declipse.product=org.eclipse.jdt.ls.core.product -Djava.import.generatesMetadataFilesAtProjectRoot=false -DDetectVMInstallationsJob.disabled=true -Dfile.encoding=utf8 -XX:+UseParallelGC -XX:GCTimeRatio=4 -XX:AdaptiveSizePolicyWeight=90 -Dsun.zip.disableMemoryMapping=true -Xmx2G -Xms100m -Xlog:disable -javaagent:c:\Users\appia\.vscode\extensions\redhat.java-1.53.0-win32-x64\lombok\lombok-1.18.39-4050.jar -XX:+HeapDumpOnOutOfMemoryError -XX:HeapDumpPath=c:\Users\appia\AppData\Roaming\Code\User\workspaceStorage\b22a4caffd886bd9a8ea5f43f6a3e90f\redhat.java -Daether.dependencyCollector.impl=bf 
java_command: c:\Users\appia\.vscode\extensions\redhat.java-1.53.0-win32-x64\server\plugins\org.eclipse.equinox.launcher_1.7.100.v20251111-0406.jar -configuration c:\Users\appia\AppData\Roaming\Code\User\globalStorage\redhat.java\1.53.0\config_win -data c:\Users\appia\AppData\Roaming\Code\User\workspaceStorage\b22a4caffd886bd9a8ea5f43f6a3e90f\redhat.java\jdt_ws --pipe=\\.\pipe\lsp-40561e84e87f1d45dd33d7a45b5cf6c8-sock
java_class_path (initial): c:\Users\appia\.vscode\extensions\redhat.java-1.53.0-win32-x64\server\plugins\org.eclipse.equinox.launcher_1.7.100.v20251111-0406.jar
Launcher Type: SUN_STANDARD

[Global flags]
    uintx AdaptiveSizePolicyWeight                 = 90                                        {product} {command line}
     intx CICompilerCount                          = 4                                         {product} {ergonomic}
    uintx GCTimeRatio                              = 4                                         {product} {command line}
     bool HeapDumpOnOutOfMemoryError               = true                                   {manageable} {command line}
    ccstr HeapDumpPath                             = c:\Users\appia\AppData\Roaming\Code\User\workspaceStorage\b22a4caffd886bd9a8ea5f43f6a3e90f\redhat.java         {manageable} {command line}
   size_t InitialHeapSize                          = 104857600                                 {product} {command line}
   size_t MaxHeapSize                              = 2147483648                                {product} {command line}
   size_t MaxNewSize                               = 715653120                                 {product} {ergonomic}
   size_t MinHeapDeltaBytes                        = 524288                                    {product} {ergonomic}
   size_t MinHeapSize                              = 104857600                                 {product} {command line}
   size_t NewSize                                  = 34603008                                  {product} {ergonomic}
    uintx NonNMethodCodeHeapSize                   = 5839372                                {pd product} {ergonomic}
    uintx NonProfiledCodeHeapSize                  = 122909434                              {pd product} {ergonomic}
   size_t OldSize                                  = 70254592                                  {product} {ergonomic}
    uintx ProfiledCodeHeapSize                     = 122909434                              {pd product} {ergonomic}
    uintx ReservedCodeCacheSize                    = 251658240                              {pd product} {ergonomic}
     bool SegmentedCodeCache                       = true                                      {product} {ergonomic}
   size_t SoftMaxHeapSize                          = 2147483648                             {manageable} {ergonomic}
     bool UseCompressedOops                        = true                           {product lp64_product} {ergonomic}
     bool UseLargePagesIndividualAllocation        = false                                  {pd product} {ergonomic}
     bool UseParallelGC                            = true                                      {product} {command line}

Logging:
Log output configuration:
 #0: stdout all=off uptime,level,tags foldmultilines=false
 #1: stderr all=off uptime,level,tags foldmultilines=false

Release file:
JAVA_VERSION="21.0.10" 
MODULES="java.base java.compiler java.datatransfer java.xml java.prefs java.desktop java.instrument java.logging java.management java.security.sasl java.naming java.rmi java.management.rmi java.net.http java.scripting java.security.jgss java.transaction.xa java.sql java.sql.rowset java.xml.crypto java.se java.smartcardio jdk.accessibility jdk.internal.jvmstat jdk.attach jdk.charsets jdk.internal.opt jdk.zipfs jdk.compiler jdk.crypto.ec jdk.crypto.cryptoki jdk.crypto.mscapi jdk.dynalink jdk.internal.ed jdk.editpad jdk.hotspot.agent jdk.httpserver jdk.internal.le jdk.internal.vm.ci jdk.internal.vm.compiler jdk.internal.vm.compiler.management jdk.jartool jdk.javadoc jdk.jcmd jdk.management jdk.management.agent jdk.jconsole jdk.jdeps jdk.jdwp.agent jdk.jdi jdk.jfr jdk.jshell jdk.jsobject jdk.jstatd jdk.localedata jdk.management.jfr jdk.naming.dns jdk.naming.rmi jdk.net jdk.nio.mapmode jdk.random jdk.sctp jdk.security.auth jdk.security.jgss jdk.unsupported jdk.unsupported.desktop jdk.xml.dom" 

Environment Variables:
PATH=C:\Users\appia\AppData\Local\Programs\Microsoft VS Code;C:\Program Files\Common Files\Oracle\Java\javapath;C:\WINDOWS\system32;C:\WINDOWS;C:\WINDOWS\System32\Wbem;C:\WINDOWS\System32\WindowsPowerShell\v1.0\;C:\WINDOWS\System32\OpenSSH\;C:\Program Files\Git\cmd;C:\Users\appia\AppData\Local\Programs\SQLite3;C:\Program Files\dotnet\;C:\Program Files\nodejs\;C:\Program Files\Redis;C:\Program Files\Go\bin;C:\MinGW\bin;C:\Program Files\Microsoft SQL Server\170\Tools\Binn\;C:\Users\appia\AppData\Local\Programs\Python\Python313\Scripts\;C:\Users\appia\AppData\Local\Programs\Python\Python313\;C:\Users\appia\AppData\Local\Microsoft\WindowsApps;C:\Users\appia\AppData\Local\Programs\Microsoft VS Code\bin;C:\Users\appia\AppData\Local\Programs\SQLite3;C:\Users\appia\AppData\Local\Programs\mongosh\;C:\Users\appia\AppData\Roaming\npm;C:\Program Files\nodejs\;C:\Users\appia\go\bin;C:\Users\appia\.lmstudio\bin;C:\Users\appia\AppData\Local\GitHubDesktop\bin;C:\MinGW\bin
USERNAME=S-GROUP
OS=Windows_NT
PROCESSOR_IDENTIFIER=Intel64 Family 6 Model 142 Stepping 12, GenuineIntel
TMP=C:\Users\appia\AppData\Local\Temp
TEMP=C:\Users\appia\AppData\Local\Temp




Periodic native trim disabled

---------------  S Y S T E M  ---------------

OS:
 Windows 11 , 64 bit Build 26100 (10.0.26100.8115)
OS uptime: 7 days 14:00 hours
Hyper-V role detected

CPU: total 8 (initial active 8) (4 cores per cpu, 2 threads per core) family 6 model 142 stepping 12 microcode 0xfc, cx8, cmov, fxsr, ht, mmx, 3dnowpref, sse, sse2, sse3, ssse3, sse4.1, sse4.2, popcnt, lzcnt, tsc, tscinvbit, avx, avx2, aes, erms, clmul, bmi1, bmi2, adx, fma, vzeroupper, clflush, clflushopt, hv, rdtscp, f16c
Processor Information for processor 0
  Max Mhz: 1800, Current Mhz: 1600, Mhz Limit: 1584
Processor Information for processor 1
  Max Mhz: 1800, Current Mhz: 1600, Mhz Limit: 1584
Processor Information for processor 2
  Max Mhz: 1800, Current Mhz: 1600, Mhz Limit: 1584
Processor Information for processor 3
  Max Mhz: 1800, Current Mhz: 1600, Mhz Limit: 1584
Processor Information for processor 4
  Max Mhz: 1800, Current Mhz: 1600, Mhz Limit: 1584
Processor Information for processor 5
  Max Mhz: 1800, Current Mhz: 1600, Mhz Limit: 1584
Processor Information for processor 6
  Max Mhz: 1800, Current Mhz: 1600, Mhz Limit: 1584
Processor Information for processor 7
  Max Mhz: 1800, Current Mhz: 1500, Mhz Limit: 1584

Memory: 4k page, system-wide physical 8006M (1187M free)
TotalPageFile size 32582M (AvailPageFile size 3M)
current process WorkingSet (physical memory assigned to process): 7M, peak: 970M
current process commit charge ("private bytes"): 521M, peak: 1745M

vm_info: OpenJDK 64-Bit Server VM (21.0.10+7-LTS) for windows-amd64 JRE (21.0.10+7-LTS), built on 2026-01-20T00:00:00Z by "admin" with MS VC++ 17.12 (VS2022)

END.
