#
# There is insufficient memory for the Java Runtime Environment to continue.
# Native memory allocation (malloc) failed to allocate 1682896 bytes. Error detail: Chunk::new
# Possible reasons:
#   The system is out of physical RAM or swap space
#   This process is running with CompressedOops enabled, and the Java Heap may be blocking the growth of the native heap
# Possible solutions:
#   Reduce memory load on the system
#   Increase physical memory or swap space
#   Check if swap backing store is full
#   Decrease Java heap size (-Xmx/-Xms)
#   Decrease number of Java threads
#   Decrease Java thread stack sizes (-Xss)
#   Set larger code cache with -XX:ReservedCodeCacheSize=
#   JVM is running with Unscaled Compressed Oops mode in which the Java heap is
#     placed in the first 4GB address space. The Java Heap base address is the
#     maximum limit for the native heap growth. Please use -XX:HeapBaseMinAddress
#     to set the Java Heap base and to place the Java Heap above 4GB virtual address.
# This output file may be truncated or incomplete.
#
#  Out of Memory Error (arena.cpp:168), pid=5696, tid=31692
#
# JRE version: OpenJDK Runtime Environment Temurin-21.0.10+7 (21.0.10+7) (build 21.0.10+7-LTS)
# Java VM: OpenJDK 64-Bit Server VM Temurin-21.0.10+7 (21.0.10+7-LTS, mixed mode, sharing, tiered, compressed oops, compressed class ptrs, parallel gc, windows-amd64)
# No core dump will be written. Minidumps are not enabled by default on client versions of Windows
#

---------------  S U M M A R Y ------------

Command Line: --add-modules=ALL-SYSTEM --add-opens=java.base/java.util=ALL-UNNAMED --add-opens=java.base/java.lang=ALL-UNNAMED --add-opens=java.base/sun.nio.fs=ALL-UNNAMED -Declipse.application=org.eclipse.jdt.ls.core.id1 -Dosgi.bundles.defaultStartLevel=4 -Declipse.product=org.eclipse.jdt.ls.core.product -Djava.import.generatesMetadataFilesAtProjectRoot=false -DDetectVMInstallationsJob.disabled=true -Dfile.encoding=utf8 -XX:+UseParallelGC -XX:GCTimeRatio=4 -XX:AdaptiveSizePolicyWeight=90 -Dsun.zip.disableMemoryMapping=true -Xmx2G -Xms100m -Xlog:disable -javaagent:c:\Users\appia\.vscode\extensions\redhat.java-1.53.0-win32-x64\lombok\lombok-1.18.39-4050.jar -XX:+HeapDumpOnOutOfMemoryError -XX:HeapDumpPath=c:\Users\appia\AppData\Roaming\Code\User\workspaceStorage\b22a4caffd886bd9a8ea5f43f6a3e90f\redhat.java -Daether.dependencyCollector.impl=bf c:\Users\appia\.vscode\extensions\redhat.java-1.53.0-win32-x64\server\plugins\org.eclipse.equinox.launcher_1.7.100.v20251111-0406.jar -configuration c:\Users\appia\AppData\Roaming\Code\User\globalStorage\redhat.java\1.53.0\config_win -data c:\Users\appia\AppData\Roaming\Code\User\workspaceStorage\b22a4caffd886bd9a8ea5f43f6a3e90f\redhat.java\jdt_ws --pipe=\\.\pipe\lsp-6b49bac941f5bd7a8d0119601f18ad46-sock

Host: Intel(R) Core(TM) i5-8265U CPU @ 1.60GHz, 8 cores, 7G,  Windows 11 , 64 bit Build 26100 (10.0.26100.8115)
Time: Thu Apr  9 20:28:21 2026 Eastern Daylight Time elapsed time: 49.930955 seconds (0d 0h 0m 49s)

---------------  T H R E A D  ---------------

Current thread (0x000002b19a8ccf00):  JavaThread "C2 CompilerThread1" daemon [_thread_in_native, id=31692, stack(0x000000eeaf900000,0x000000eeafa00000) (1024K)]


Current CompileTask:
C2:49931 9249   !   4       org.eclipse.jdt.internal.core.search.indexing.BinaryIndexer::indexDocument (1172 bytes)

Stack: [0x000000eeaf900000,0x000000eeafa00000]
Native frames: (J=compiled Java code, j=interpreted, Vv=VM code, C=native code)
V  [jvm.dll+0x6d7a39]
V  [jvm.dll+0x8b4b26]
V  [jvm.dll+0x8b70de]
V  [jvm.dll+0x8b77c3]
V  [jvm.dll+0x284346]
V  [jvm.dll+0xc66ed]
V  [jvm.dll+0xc6c31]
V  [jvm.dll+0x3bec01]
V  [jvm.dll+0x1e3f69]
V  [jvm.dll+0x24c6b3]
V  [jvm.dll+0x24bb40]
V  [jvm.dll+0x1cb34e]
V  [jvm.dll+0x25b85d]
V  [jvm.dll+0x259dea]
V  [jvm.dll+0x3f857e]
V  [jvm.dll+0x85f59d]
V  [jvm.dll+0x6d626d]
C  [ucrtbase.dll+0x37b0]
C  [KERNEL32.DLL+0x2e8d7]
C  [ntdll.dll+0x8c3fc]


---------------  P R O C E S S  ---------------

Threads class SMR info:
_java_thread_list=0x000002b1acb53920, length=48, elements={
0x000002b1412e5830, 0x000002b1412583c0, 0x000002b14125ab70, 0x000002b14125efb0,
0x000002b141261c50, 0x000002b141262a60, 0x000002b1412634c0, 0x000002b141264300,
0x000002b141287ee0, 0x000002b19a72bf90, 0x000002b19a898260, 0x000002b19f6f1030,
0x000002b19a916830, 0x000002b19a5695a0, 0x000002b19a85eb00, 0x000002b19f066f00,
0x000002b19ff37170, 0x000002b19f188bc0, 0x000002b19f1632e0, 0x000002b19f164000,
0x000002b19f1653b0, 0x000002b19f163970, 0x000002b19f1625c0, 0x000002b19f164690,
0x000002b19f162c50, 0x000002b1a115a530, 0x000002b1a115d9b0, 0x000002b1a115e040,
0x000002b1a115c600, 0x000002b1a115abc0, 0x000002b1a115cc90, 0x000002b1a115d320,
0x000002b1a115b8e0, 0x000002b1a115e6d0, 0x000002b1a115b250, 0x000002b1a115ed60,
0x000002b1a115f3f0, 0x000002b1a11614c0, 0x000002b1a1161b50, 0x000002b1a1160e30,
0x000002b1a0641560, 0x000002b1a0641bf0, 0x000002b1a0642280, 0x000002b19a8ccf00,
0x000002b1a0644350, 0x000002b1a0643630, 0x000002b1a0643cc0, 0x000002b1a0647140
}

Java Threads: ( => current thread )
  0x000002b1412e5830 JavaThread "main"                              [_thread_blocked, id=11700, stack(0x000000eeac700000,0x000000eeac800000) (1024K)]
  0x000002b1412583c0 JavaThread "Reference Handler"          daemon [_thread_blocked, id=33328, stack(0x000000eeacb00000,0x000000eeacc00000) (1024K)]
  0x000002b14125ab70 JavaThread "Finalizer"                  daemon [_thread_blocked, id=10388, stack(0x000000eeacc00000,0x000000eeacd00000) (1024K)]
  0x000002b14125efb0 JavaThread "Signal Dispatcher"          daemon [_thread_blocked, id=15152, stack(0x000000eeacd00000,0x000000eeace00000) (1024K)]
  0x000002b141261c50 JavaThread "Attach Listener"            daemon [_thread_blocked, id=16712, stack(0x000000eeace00000,0x000000eeacf00000) (1024K)]
  0x000002b141262a60 JavaThread "Service Thread"             daemon [_thread_blocked, id=26228, stack(0x000000eeacf00000,0x000000eead000000) (1024K)]
  0x000002b1412634c0 JavaThread "Monitor Deflation Thread"   daemon [_thread_blocked, id=6980, stack(0x000000eead000000,0x000000eead100000) (1024K)]
  0x000002b141264300 JavaThread "C2 CompilerThread0"         daemon [_thread_blocked, id=23640, stack(0x000000eead100000,0x000000eead200000) (1024K)]
  0x000002b141287ee0 JavaThread "C1 CompilerThread0"         daemon [_thread_blocked, id=28936, stack(0x000000eead200000,0x000000eead300000) (1024K)]
  0x000002b19a72bf90 JavaThread "Common-Cleaner"             daemon [_thread_blocked, id=15352, stack(0x000000eead300000,0x000000eead400000) (1024K)]
  0x000002b19a898260 JavaThread "Notification Thread"        daemon [_thread_blocked, id=25192, stack(0x000000eead400000,0x000000eead500000) (1024K)]
  0x000002b19f6f1030 JavaThread "Active Thread: Equinox Container: c81ed6a9-1381-450a-831d-4c690580065f"        [_thread_blocked, id=22040, stack(0x000000eead500000,0x000000eead600000) (1024K)]
  0x000002b19a916830 JavaThread "Refresh Thread: Equinox Container: c81ed6a9-1381-450a-831d-4c690580065f" daemon [_thread_blocked, id=15304, stack(0x000000eeadd00000,0x000000eeade00000) (1024K)]
  0x000002b19a5695a0 JavaThread "Framework Event Dispatcher: Equinox Container: c81ed6a9-1381-450a-831d-4c690580065f" daemon [_thread_blocked, id=24672, stack(0x000000eeade00000,0x000000eeadf00000) (1024K)]
  0x000002b19a85eb00 JavaThread "Start Level: Equinox Container: c81ed6a9-1381-450a-831d-4c690580065f" daemon [_thread_blocked, id=27164, stack(0x000000eeadf00000,0x000000eeae000000) (1024K)]
  0x000002b19f066f00 JavaThread "Bundle File Closer"         daemon [_thread_blocked, id=28032, stack(0x000000eeae100000,0x000000eeae200000) (1024K)]
  0x000002b19ff37170 JavaThread "SCR Component Actor"        daemon [_thread_blocked, id=33712, stack(0x000000eeae000000,0x000000eeae100000) (1024K)]
  0x000002b19f188bc0 JavaThread "Worker-JM"                         [_thread_blocked, id=1600, stack(0x000000eeae200000,0x000000eeae300000) (1024K)]
  0x000002b19f1632e0 JavaThread "JNA Cleaner"                daemon [_thread_blocked, id=25284, stack(0x000000eeae300000,0x000000eeae400000) (1024K)]
  0x000002b19f164000 JavaThread "Worker-0"                          [_thread_blocked, id=14648, stack(0x000000eeae400000,0x000000eeae500000) (1024K)]
  0x000002b19f1653b0 JavaThread "Worker-1: Java indexing... "        [_thread_blocked, id=3240, stack(0x000000eeae500000,0x000000eeae600000) (1024K)]
  0x000002b19f163970 JavaThread "Worker-2"                          [_thread_blocked, id=24392, stack(0x000000eeae600000,0x000000eeae700000) (1024K)]
  0x000002b19f1625c0 JavaThread "Worker-3"                          [_thread_blocked, id=19004, stack(0x000000eeae700000,0x000000eeae800000) (1024K)]
  0x000002b19f164690 JavaThread "Java indexing"              daemon [_thread_blocked, id=29444, stack(0x000000eeae900000,0x000000eeaea00000) (1024K)]
  0x000002b19f162c50 JavaThread "Worker-4: Check JDK Index"         [_thread_blocked, id=32860, stack(0x000000eeaea00000,0x000000eeaeb00000) (1024K)]
  0x000002b1a115a530 JavaThread "Worker-5"                          [_thread_blocked, id=7800, stack(0x000000eeaee00000,0x000000eeaef00000) (1024K)]
  0x000002b1a115d9b0 JavaThread "Worker-6"                          [_thread_blocked, id=24312, stack(0x000000eeaeb00000,0x000000eeaec00000) (1024K)]
  0x000002b1a115e040 JavaThread "Thread-1"                   daemon [_thread_in_native, id=32364, stack(0x000000eeaef00000,0x000000eeaf000000) (1024K)]
  0x000002b1a115c600 JavaThread "Thread-2"                   daemon [_thread_in_native, id=22980, stack(0x000000eeaf000000,0x000000eeaf100000) (1024K)]
  0x000002b1a115abc0 JavaThread "Thread-3"                   daemon [_thread_in_native, id=16736, stack(0x000000eeaf100000,0x000000eeaf200000) (1024K)]
  0x000002b1a115cc90 JavaThread "Thread-4"                   daemon [_thread_in_native, id=25868, stack(0x000000eeaf200000,0x000000eeaf300000) (1024K)]
  0x000002b1a115d320 JavaThread "Thread-5"                   daemon [_thread_in_native, id=33140, stack(0x000000eeaf300000,0x000000eeaf400000) (1024K)]
  0x000002b1a115b8e0 JavaThread "Thread-6"                   daemon [_thread_in_native, id=26180, stack(0x000000eeaf400000,0x000000eeaf500000) (1024K)]
  0x000002b1a115e6d0 JavaThread "Thread-7"                   daemon [_thread_in_native, id=28140, stack(0x000000eeaf500000,0x000000eeaf600000) (1024K)]
  0x000002b1a115b250 JavaThread "Thread-8"                   daemon [_thread_in_native, id=33168, stack(0x000000eeaf600000,0x000000eeaf700000) (1024K)]
  0x000002b1a115ed60 JavaThread "Thread-9"                   daemon [_thread_in_native, id=22612, stack(0x000000eeaf700000,0x000000eeaf800000) (1024K)]
  0x000002b1a115f3f0 JavaThread "pool-2-thread-1"                   [_thread_blocked, id=20976, stack(0x000000eeaf800000,0x000000eeaf900000) (1024K)]
  0x000002b1a11614c0 JavaThread "WorkspaceEventsHandler"            [_thread_blocked, id=31496, stack(0x000000eeafa00000,0x000000eeafb00000) (1024K)]
  0x000002b1a1161b50 JavaThread "pool-1-thread-1"                   [_thread_blocked, id=32948, stack(0x000000eeafb00000,0x000000eeafc00000) (1024K)]
  0x000002b1a1160e30 JavaThread "Compiler Source File Reader" daemon [_thread_blocked, id=16108, stack(0x000000eeafd00000,0x000000eeafe00000) (1024K)]
  0x000002b1a0641560 JavaThread "Compiler Source File Reader" daemon [_thread_blocked, id=28628, stack(0x000000eeafe00000,0x000000eeaff00000) (1024K)]
  0x000002b1a0641bf0 JavaThread "Compiler Source File Reader" daemon [_thread_blocked, id=8524, stack(0x000000eeaff00000,0x000000eeb0000000) (1024K)]
  0x000002b1a0642280 JavaThread "Compiler Processing Task"   daemon [_thread_blocked, id=744, stack(0x000000eeae800000,0x000000eeae900000) (1024K)]
=>0x000002b19a8ccf00 JavaThread "C2 CompilerThread1"         daemon [_thread_in_native, id=31692, stack(0x000000eeaf900000,0x000000eeafa00000) (1024K)]
  0x000002b1a0644350 JavaThread "Compiler Class File Writer" daemon [_thread_blocked, id=18008, stack(0x000000eeb0000000,0x000000eeb0100000) (1024K)]
  0x000002b1a0643630 JavaThread "Compiler Class File Writer" daemon [_thread_blocked, id=28428, stack(0x000000eeb0200000,0x000000eeb0300000) (1024K)]
  0x000002b1a0643cc0 JavaThread "Compiler Class File Writer" daemon [_thread_blocked, id=29452, stack(0x000000eeb0300000,0x000000eeb0400000) (1024K)]
  0x000002b1a0647140 JavaThread "ForkJoinPool.commonPool-worker-1" daemon [_thread_blocked, id=10568, stack(0x000000eeb0400000,0x000000eeb0500000) (1024K)]
Total: 48

Other Threads:
  0x000002b141387b30 VMThread "VM Thread"                           [id=4568, stack(0x000000eeaca00000,0x000000eeacb00000) (1024K)]
  0x000002b14116cb30 WatcherThread "VM Periodic Task Thread"        [id=17964, stack(0x000000eeac900000,0x000000eeaca00000) (1024K)]
  0x000002b141304c50 WorkerThread "GC Thread#0"                     [id=22236, stack(0x000000eeac800000,0x000000eeac900000) (1024K)]
  0x000002b19a8fdd30 WorkerThread "GC Thread#1"                     [id=28912, stack(0x000000eead700000,0x000000eead800000) (1024K)]
  0x000002b19a90c240 WorkerThread "GC Thread#2"                     [id=29652, stack(0x000000eead800000,0x000000eead900000) (1024K)]
  0x000002b19f8100a0 WorkerThread "GC Thread#3"                     [id=15344, stack(0x000000eead900000,0x000000eeada00000) (1024K)]
  0x000002b19f96c970 WorkerThread "GC Thread#4"                     [id=29128, stack(0x000000eeada00000,0x000000eeadb00000) (1024K)]
  0x000002b19f810450 WorkerThread "GC Thread#5"                     [id=14488, stack(0x000000eeadb00000,0x000000eeadc00000) (1024K)]
  0x000002b19f19d950 WorkerThread "GC Thread#6"                     [id=344, stack(0x000000eeadc00000,0x000000eeadd00000) (1024K)]
  0x000002b19f737b40 WorkerThread "GC Thread#7"                     [id=23300, stack(0x000000eead600000,0x000000eead700000) (1024K)]
Total: 10

Threads with active compile tasks:
C2 CompilerThread1  50013 9249   !   4       org.eclipse.jdt.internal.core.search.indexing.BinaryIndexer::indexDocument (1172 bytes)
Total: 1

VM state: at safepoint (normal execution)

VM Mutex/Monitor currently owned by a thread:  ([mutex/lock_event])
[0x00007ffc27b4e560] Threads_lock - owner thread: 0x000002b141387b30
[0x00007ffc27b4e660] Heap_lock - owner thread: 0x000002b19f164690

Heap address: 0x0000000080000000, size: 2048 MB, Compressed Oops mode: 32-bit

CDS archive(s) mapped at: [0x000002b158000000-0x000002b158ba0000-0x000002b158ba0000), size 12189696, SharedBaseAddress: 0x000002b158000000, ArchiveRelocationMode: 1.
Compressed class space mapped at: 0x000002b159000000-0x000002b199000000, reserved size: 1073741824
Narrow klass base: 0x000002b158000000, Narrow klass shift: 0, Narrow klass range: 0x100000000

GC Precious Log:
 CardTable entry size: 512
 CPUs: 8 total, 8 available
 Memory: 8006M
 Large Page Support: Disabled
 NUMA Support: Disabled
 Compressed Oops: Enabled (32-bit)
 Alignments: Space 512K, Generation 512K, Heap 2M
 Heap Min Capacity: 100M
 Heap Initial Capacity: 100M
 Heap Max Capacity: 2G
 Pre-touch: Disabled
 Parallel Workers: 8

Heap:
 PSYoungGen      total 12288K, used 2239K [0x00000000d5580000, 0x00000000d6400000, 0x0000000100000000)
  eden space 9728K, 0% used [0x00000000d5580000,0x00000000d5580000,0x00000000d5f00000)
  from space 2560K, 87% used [0x00000000d6180000,0x00000000d63afd90,0x00000000d6400000)
  to   space 2560K, 0% used [0x00000000d5f00000,0x00000000d5f00000,0x00000000d6180000)
 ParOldGen       total 151040K, used 150973K [0x0000000080000000, 0x0000000089380000, 0x00000000d5580000)
  object space 151040K, 99% used [0x0000000080000000,0x000000008936f460,0x0000000089380000)
 Metaspace       used 64238K, committed 65664K, reserved 1114112K
  class space    used 6943K, committed 7616K, reserved 1048576K

Card table byte_map: [0x000002b140c80000,0x000002b141090000] _byte_map_base: 0x000002b140880000

Marking Bits: (ParMarkBitMap*) 0x00007ffc27b53450
 Begin Bits: [0x000002b153790000, 0x000002b155790000)
 End Bits:   [0x000002b155790000, 0x000002b157790000)

Polling page: 0x000002b13f110000

Metaspace:

Usage:
  Non-class:     55.95 MB used.
      Class:      6.78 MB used.
       Both:     62.73 MB used.

Virtual space:
  Non-class space:       64.00 MB reserved,      56.69 MB ( 89%) committed,  1 nodes.
      Class space:        1.00 GB reserved,       7.44 MB ( <1%) committed,  1 nodes.
             Both:        1.06 GB reserved,      64.12 MB (  6%) committed. 

Chunk freelists:
   Non-Class:  6.98 MB
       Class:  8.61 MB
        Both:  15.59 MB

MaxMetaspaceSize: unlimited
CompressedClassSpaceSize: 1.00 GB
Initial GC threshold: 21.00 MB
Current GC threshold: 97.31 MB
CDS: on
 - commit_granule_bytes: 65536.
 - commit_granule_words: 8192.
 - virtual_space_node_default_size: 8388608.
 - enlarge_chunks_in_place: 1.
 - use_allocation_guard: 0.


Internal statistics:

num_allocs_failed_limit: 9.
num_arena_births: 1006.
num_arena_deaths: 24.
num_vsnodes_births: 2.
num_vsnodes_deaths: 0.
num_space_committed: 1026.
num_space_uncommitted: 0.
num_chunks_returned_to_freelist: 36.
num_chunks_taken_from_freelist: 3870.
num_chunk_merges: 16.
num_chunk_splits: 2299.
num_chunks_enlarged: 1260.
num_inconsistent_stats: 0.

CodeHeap 'non-profiled nmethods': size=120000Kb used=6913Kb max_used=6913Kb free=113086Kb
 bounds [0x000002b14bfb0000, 0x000002b14c680000, 0x000002b1534e0000]
CodeHeap 'profiled nmethods': size=120000Kb used=18981Kb max_used=18981Kb free=101018Kb
 bounds [0x000002b1444e0000, 0x000002b145770000, 0x000002b14ba10000]
CodeHeap 'non-nmethods': size=5760Kb used=1475Kb max_used=1565Kb free=4285Kb
 bounds [0x000002b14ba10000, 0x000002b14bc80000, 0x000002b14bfb0000]
CodeCache: size=245760Kb, used=27369Kb, max_used=27459Kb, free=218389Kb
 total_blobs=9286, nmethods=8495, adapters=697, full_count=0
Compilation: enabled, stopped_count=0, restarted_count=0

Compilation events (20 events):
Event: 47.483 Thread 0x000002b141264300 9251   !   4       org.eclipse.jdt.internal.core.search.JavaSearchDocument::getByteContents (41 bytes)
Event: 47.484 Thread 0x000002b141264300 nmethod 9251 0x000002b14c666290 code [0x000002b14c666420, 0x000002b14c6664d0]
Event: 47.484 Thread 0x000002b141264300 9252   !   4       org.eclipse.jdt.internal.core.search.indexing.BinaryIndexer::toUri (51 bytes)
Event: 47.574 Thread 0x000002b141264300 nmethod 9252 0x000002b14c666590 code [0x000002b14c666840, 0x000002b14c667bb0]
Event: 47.575 Thread 0x000002b141264300 9253       4       org.eclipse.jdt.internal.core.search.indexing.AbstractIndexer::addClassDeclaration (129 bytes)
Event: 47.668 Thread 0x000002b141264300 nmethod 9253 0x000002b14c668610 code [0x000002b14c6688e0, 0x000002b14c669dd8]
Event: 47.892 Thread 0x000002b141287ee0 9254       3       org.eclipse.jdt.internal.compiler.classfmt.ClassFileStruct::i4At (69 bytes)
Event: 47.893 Thread 0x000002b141287ee0 nmethod 9254 0x000002b145769110 code [0x000002b1457692c0, 0x000002b145769490]
Event: 47.977 Thread 0x000002b141264300 9255       4       org.eclipse.jdt.internal.compiler.util.SimpleLookupTable::rehash (86 bytes)
Event: 47.992 Thread 0x000002b141264300 nmethod 9255 0x000002b14c66ad90 code [0x000002b14c66af80, 0x000002b14c66b4d0]
Event: 48.120 Thread 0x000002b141264300 9256       4       org.eclipse.jdt.internal.compiler.classfmt.AnnotationInfo::scanAnnotation (330 bytes)
Event: 48.162 Thread 0x000002b141264300 nmethod 9256 0x000002b14c66b710 code [0x000002b14c66b940, 0x000002b14c66ccc8]
Event: 48.162 Thread 0x000002b141264300 9257       4       org.eclipse.jdt.internal.compiler.classfmt.AnnotationInfo::<init> (32 bytes)
Event: 48.165 Thread 0x000002b141264300 nmethod 9257 0x000002b14c66d310 code [0x000002b14c66d4a0, 0x000002b14c66d5a8]
Event: 48.169 Thread 0x000002b141264300 9258   !   4       org.eclipse.jdt.internal.compiler.classfmt.AnnotationInfo::decodeAnnotation (305 bytes)
Event: 48.233 Thread 0x000002b141264300 nmethod 9258 0x000002b14c66d690 code [0x000002b14c66d920, 0x000002b14c66ec18]
Event: 48.233 Thread 0x000002b141264300 9259       4       org.eclipse.jdt.core.Signature::toCharArray (83 bytes)
Event: 48.243 Thread 0x000002b141264300 nmethod 9259 0x000002b14c66f710 code [0x000002b14c66f8e0, 0x000002b14c66fe88]
Event: 48.327 Thread 0x000002b141264300 9260       4       java.util.stream.AbstractPipeline::wrapSink (37 bytes)
Event: 48.331 Thread 0x000002b141264300 nmethod 9260 0x000002b14c670210 code [0x000002b14c6703a0, 0x000002b14c6704e8]

GC Heap History (20 events):
Event: 47.474 GC heap after
{Heap after GC invocations=63 (full 3):
 PSYoungGen      total 12288K, used 2544K [0x00000000d5580000, 0x00000000d6d80000, 0x0000000100000000)
  eden space 9728K, 0% used [0x00000000d5580000,0x00000000d5580000,0x00000000d5f00000)
  from space 2560K, 99% used [0x00000000d6500000,0x00000000d677c1c8,0x00000000d6780000)
  to   space 6144K, 0% used [0x00000000d5f00000,0x00000000d5f00000,0x00000000d6500000)
 ParOldGen       total 129536K, used 129228K [0x0000000080000000, 0x0000000087e80000, 0x00000000d5580000)
  object space 129536K, 99% used [0x0000000080000000,0x0000000087e33048,0x0000000087e80000)
 Metaspace       used 64238K, committed 65664K, reserved 1114112K
  class space    used 6943K, committed 7616K, reserved 1048576K
}
Event: 47.618 GC heap before
{Heap before GC invocations=64 (full 3):
 PSYoungGen      total 12288K, used 12272K [0x00000000d5580000, 0x00000000d6d80000, 0x0000000100000000)
  eden space 9728K, 100% used [0x00000000d5580000,0x00000000d5f00000,0x00000000d5f00000)
  from space 2560K, 99% used [0x00000000d6500000,0x00000000d677c1c8,0x00000000d6780000)
  to   space 6144K, 0% used [0x00000000d5f00000,0x00000000d5f00000,0x00000000d6500000)
 ParOldGen       total 129536K, used 129228K [0x0000000080000000, 0x0000000087e80000, 0x00000000d5580000)
  object space 129536K, 99% used [0x0000000080000000,0x0000000087e33048,0x0000000087e80000)
 Metaspace       used 64238K, committed 65664K, reserved 1114112K
  class space    used 6943K, committed 7616K, reserved 1048576K
}
Event: 47.624 GC heap after
{Heap after GC invocations=64 (full 3):
 PSYoungGen      total 12288K, used 2376K [0x00000000d5580000, 0x00000000d6600000, 0x0000000100000000)
  eden space 9728K, 0% used [0x00000000d5580000,0x00000000d5580000,0x00000000d5f00000)
  from space 2560K, 92% used [0x00000000d5f00000,0x00000000d6152188,0x00000000d6180000)
  to   space 3584K, 0% used [0x00000000d6280000,0x00000000d6280000,0x00000000d6600000)
 ParOldGen       total 132096K, used 131710K [0x0000000080000000, 0x0000000088100000, 0x00000000d5580000)
  object space 132096K, 99% used [0x0000000080000000,0x000000008809f910,0x0000000088100000)
 Metaspace       used 64238K, committed 65664K, reserved 1114112K
  class space    used 6943K, committed 7616K, reserved 1048576K
}
Event: 47.961 GC heap before
{Heap before GC invocations=65 (full 3):
 PSYoungGen      total 12288K, used 12104K [0x00000000d5580000, 0x00000000d6600000, 0x0000000100000000)
  eden space 9728K, 100% used [0x00000000d5580000,0x00000000d5f00000,0x00000000d5f00000)
  from space 2560K, 92% used [0x00000000d5f00000,0x00000000d6152188,0x00000000d6180000)
  to   space 3584K, 0% used [0x00000000d6280000,0x00000000d6280000,0x00000000d6600000)
 ParOldGen       total 132096K, used 131710K [0x0000000080000000, 0x0000000088100000, 0x00000000d5580000)
  object space 132096K, 99% used [0x0000000080000000,0x000000008809f910,0x0000000088100000)
 Metaspace       used 64238K, committed 65664K, reserved 1114112K
  class space    used 6943K, committed 7616K, reserved 1048576K
}
Event: 47.966 GC heap after
{Heap after GC invocations=65 (full 3):
 PSYoungGen      total 12288K, used 2314K [0x00000000d5580000, 0x00000000d6500000, 0x0000000100000000)
  eden space 9728K, 0% used [0x00000000d5580000,0x00000000d5580000,0x00000000d5f00000)
  from space 2560K, 90% used [0x00000000d6280000,0x00000000d64c2910,0x00000000d6500000)
  to   space 2560K, 0% used [0x00000000d5f00000,0x00000000d5f00000,0x00000000d6180000)
 ParOldGen       total 134144K, used 133908K [0x0000000080000000, 0x0000000088300000, 0x00000000d5580000)
  object space 134144K, 99% used [0x0000000080000000,0x00000000882c50b0,0x0000000088300000)
 Metaspace       used 64238K, committed 65664K, reserved 1114112K
  class space    used 6943K, committed 7616K, reserved 1048576K
}
Event: 48.068 GC heap before
{Heap before GC invocations=66 (full 3):
 PSYoungGen      total 12288K, used 12042K [0x00000000d5580000, 0x00000000d6500000, 0x0000000100000000)
  eden space 9728K, 100% used [0x00000000d5580000,0x00000000d5f00000,0x00000000d5f00000)
  from space 2560K, 90% used [0x00000000d6280000,0x00000000d64c2910,0x00000000d6500000)
  to   space 2560K, 0% used [0x00000000d5f00000,0x00000000d5f00000,0x00000000d6180000)
 ParOldGen       total 134144K, used 133908K [0x0000000080000000, 0x0000000088300000, 0x00000000d5580000)
  object space 134144K, 99% used [0x0000000080000000,0x00000000882c50b0,0x0000000088300000)
 Metaspace       used 64238K, committed 65664K, reserved 1114112K
  class space    used 6943K, committed 7616K, reserved 1048576K
}
Event: 48.072 GC heap after
{Heap after GC invocations=66 (full 3):
 PSYoungGen      total 12288K, used 2398K [0x00000000d5580000, 0x00000000d6400000, 0x0000000100000000)
  eden space 9728K, 0% used [0x00000000d5580000,0x00000000d5580000,0x00000000d5f00000)
  from space 2560K, 93% used [0x00000000d5f00000,0x00000000d6157838,0x00000000d6180000)
  to   space 2560K, 0% used [0x00000000d6180000,0x00000000d6180000,0x00000000d6400000)
 ParOldGen       total 136192K, used 136057K [0x0000000080000000, 0x0000000088500000, 0x00000000d5580000)
  object space 136192K, 99% used [0x0000000080000000,0x00000000884de5b8,0x0000000088500000)
 Metaspace       used 64238K, committed 65664K, reserved 1114112K
  class space    used 6943K, committed 7616K, reserved 1048576K
}
Event: 48.154 GC heap before
{Heap before GC invocations=67 (full 3):
 PSYoungGen      total 12288K, used 12126K [0x00000000d5580000, 0x00000000d6400000, 0x0000000100000000)
  eden space 9728K, 100% used [0x00000000d5580000,0x00000000d5f00000,0x00000000d5f00000)
  from space 2560K, 93% used [0x00000000d5f00000,0x00000000d6157838,0x00000000d6180000)
  to   space 2560K, 0% used [0x00000000d6180000,0x00000000d6180000,0x00000000d6400000)
 ParOldGen       total 136192K, used 136057K [0x0000000080000000, 0x0000000088500000, 0x00000000d5580000)
  object space 136192K, 99% used [0x0000000080000000,0x00000000884de5b8,0x0000000088500000)
 Metaspace       used 64238K, committed 65664K, reserved 1114112K
  class space    used 6943K, committed 7616K, reserved 1048576K
}
Event: 48.159 GC heap after
{Heap after GC invocations=67 (full 3):
 PSYoungGen      total 12288K, used 2260K [0x00000000d5580000, 0x00000000d6400000, 0x0000000100000000)
  eden space 9728K, 0% used [0x00000000d5580000,0x00000000d5580000,0x00000000d5f00000)
  from space 2560K, 88% used [0x00000000d6180000,0x00000000d63b5180,0x00000000d6400000)
  to   space 2560K, 0% used [0x00000000d5f00000,0x00000000d5f00000,0x00000000d6180000)
 ParOldGen       total 138752K, used 138311K [0x0000000080000000, 0x0000000088780000, 0x00000000d5580000)
  object space 138752K, 99% used [0x0000000080000000,0x0000000088711f38,0x0000000088780000)
 Metaspace       used 64238K, committed 65664K, reserved 1114112K
  class space    used 6943K, committed 7616K, reserved 1048576K
}
Event: 48.263 GC heap before
{Heap before GC invocations=68 (full 3):
 PSYoungGen      total 12288K, used 11988K [0x00000000d5580000, 0x00000000d6400000, 0x0000000100000000)
  eden space 9728K, 100% used [0x00000000d5580000,0x00000000d5f00000,0x00000000d5f00000)
  from space 2560K, 88% used [0x00000000d6180000,0x00000000d63b5180,0x00000000d6400000)
  to   space 2560K, 0% used [0x00000000d5f00000,0x00000000d5f00000,0x00000000d6180000)
 ParOldGen       total 138752K, used 138311K [0x0000000080000000, 0x0000000088780000, 0x00000000d5580000)
  object space 138752K, 99% used [0x0000000080000000,0x0000000088711f38,0x0000000088780000)
 Metaspace       used 64238K, committed 65664K, reserved 1114112K
  class space    used 6943K, committed 7616K, reserved 1048576K
}
Event: 48.271 GC heap after
{Heap after GC invocations=68 (full 3):
 PSYoungGen      total 12288K, used 2203K [0x00000000d5580000, 0x00000000d6400000, 0x0000000100000000)
  eden space 9728K, 0% used [0x00000000d5580000,0x00000000d5580000,0x00000000d5f00000)
  from space 2560K, 86% used [0x00000000d5f00000,0x00000000d6126ff0,0x00000000d6180000)
  to   space 2560K, 0% used [0x00000000d6180000,0x00000000d6180000,0x00000000d6400000)
 ParOldGen       total 140800K, used 140426K [0x0000000080000000, 0x0000000088980000, 0x00000000d5580000)
  object space 140800K, 99% used [0x0000000080000000,0x00000000889229c8,0x0000000088980000)
 Metaspace       used 64238K, committed 65664K, reserved 1114112K
  class space    used 6943K, committed 7616K, reserved 1048576K
}
Event: 48.385 GC heap before
{Heap before GC invocations=69 (full 3):
 PSYoungGen      total 12288K, used 11931K [0x00000000d5580000, 0x00000000d6400000, 0x0000000100000000)
  eden space 9728K, 100% used [0x00000000d5580000,0x00000000d5f00000,0x00000000d5f00000)
  from space 2560K, 86% used [0x00000000d5f00000,0x00000000d6126ff0,0x00000000d6180000)
  to   space 2560K, 0% used [0x00000000d6180000,0x00000000d6180000,0x00000000d6400000)
 ParOldGen       total 140800K, used 140426K [0x0000000080000000, 0x0000000088980000, 0x00000000d5580000)
  object space 140800K, 99% used [0x0000000080000000,0x00000000889229c8,0x0000000088980000)
 Metaspace       used 64238K, committed 65664K, reserved 1114112K
  class space    used 6943K, committed 7616K, reserved 1048576K
}
Event: 48.389 GC heap after
{Heap after GC invocations=69 (full 3):
 PSYoungGen      total 12288K, used 2154K [0x00000000d5580000, 0x00000000d6400000, 0x0000000100000000)
  eden space 9728K, 0% used [0x00000000d5580000,0x00000000d5580000,0x00000000d5f00000)
  from space 2560K, 84% used [0x00000000d6180000,0x00000000d639aa80,0x00000000d6400000)
  to   space 2560K, 0% used [0x00000000d5f00000,0x00000000d5f00000,0x00000000d6180000)
 ParOldGen       total 142848K, used 142496K [0x0000000080000000, 0x0000000088b80000, 0x00000000d5580000)
  object space 142848K, 99% used [0x0000000080000000,0x0000000088b28000,0x0000000088b80000)
 Metaspace       used 64238K, committed 65664K, reserved 1114112K
  class space    used 6943K, committed 7616K, reserved 1048576K
}
Event: 48.491 GC heap before
{Heap before GC invocations=70 (full 3):
 PSYoungGen      total 12288K, used 11882K [0x00000000d5580000, 0x00000000d6400000, 0x0000000100000000)
  eden space 9728K, 100% used [0x00000000d5580000,0x00000000d5f00000,0x00000000d5f00000)
  from space 2560K, 84% used [0x00000000d6180000,0x00000000d639aa80,0x00000000d6400000)
  to   space 2560K, 0% used [0x00000000d5f00000,0x00000000d5f00000,0x00000000d6180000)
 ParOldGen       total 142848K, used 142496K [0x0000000080000000, 0x0000000088b80000, 0x00000000d5580000)
  object space 142848K, 99% used [0x0000000080000000,0x0000000088b28000,0x0000000088b80000)
 Metaspace       used 64238K, committed 65664K, reserved 1114112K
  class space    used 6943K, committed 7616K, reserved 1048576K
}
Event: 48.498 GC heap after
{Heap after GC invocations=70 (full 3):
 PSYoungGen      total 12288K, used 2293K [0x00000000d5580000, 0x00000000d6400000, 0x0000000100000000)
  eden space 9728K, 0% used [0x00000000d5580000,0x00000000d5580000,0x00000000d5f00000)
  from space 2560K, 89% used [0x00000000d5f00000,0x00000000d613d7b8,0x00000000d6180000)
  to   space 2560K, 0% used [0x00000000d6180000,0x00000000d6180000,0x00000000d6400000)
 ParOldGen       total 144896K, used 144544K [0x0000000080000000, 0x0000000088d80000, 0x00000000d5580000)
  object space 144896K, 99% used [0x0000000080000000,0x0000000088d280c0,0x0000000088d80000)
 Metaspace       used 64238K, committed 65664K, reserved 1114112K
  class space    used 6943K, committed 7616K, reserved 1048576K
}
Event: 48.620 GC heap before
{Heap before GC invocations=71 (full 3):
 PSYoungGen      total 12288K, used 12021K [0x00000000d5580000, 0x00000000d6400000, 0x0000000100000000)
  eden space 9728K, 100% used [0x00000000d5580000,0x00000000d5f00000,0x00000000d5f00000)
  from space 2560K, 89% used [0x00000000d5f00000,0x00000000d613d7b8,0x00000000d6180000)
  to   space 2560K, 0% used [0x00000000d6180000,0x00000000d6180000,0x00000000d6400000)
 ParOldGen       total 144896K, used 144544K [0x0000000080000000, 0x0000000088d80000, 0x00000000d5580000)
  object space 144896K, 99% used [0x0000000080000000,0x0000000088d280c0,0x0000000088d80000)
 Metaspace       used 64238K, committed 65664K, reserved 1114112K
  class space    used 6943K, committed 7616K, reserved 1048576K
}
Event: 48.624 GC heap after
{Heap after GC invocations=71 (full 3):
 PSYoungGen      total 12288K, used 2200K [0x00000000d5580000, 0x00000000d6400000, 0x0000000100000000)
  eden space 9728K, 0% used [0x00000000d5580000,0x00000000d5580000,0x00000000d5f00000)
  from space 2560K, 85% used [0x00000000d6180000,0x00000000d63a6000,0x00000000d6400000)
  to   space 2560K, 0% used [0x00000000d5f00000,0x00000000d5f00000,0x00000000d6180000)
 ParOldGen       total 146944K, used 146661K [0x0000000080000000, 0x0000000088f80000, 0x00000000d5580000)
  object space 146944K, 99% used [0x0000000080000000,0x0000000088f39730,0x0000000088f80000)
 Metaspace       used 64238K, committed 65664K, reserved 1114112K
  class space    used 6943K, committed 7616K, reserved 1048576K
}
Event: 48.712 GC heap before
{Heap before GC invocations=72 (full 3):
 PSYoungGen      total 12288K, used 11928K [0x00000000d5580000, 0x00000000d6400000, 0x0000000100000000)
  eden space 9728K, 100% used [0x00000000d5580000,0x00000000d5f00000,0x00000000d5f00000)
  from space 2560K, 85% used [0x00000000d6180000,0x00000000d63a6000,0x00000000d6400000)
  to   space 2560K, 0% used [0x00000000d5f00000,0x00000000d5f00000,0x00000000d6180000)
 ParOldGen       total 146944K, used 146661K [0x0000000080000000, 0x0000000088f80000, 0x00000000d5580000)
  object space 146944K, 99% used [0x0000000080000000,0x0000000088f39730,0x0000000088f80000)
 Metaspace       used 64238K, committed 65664K, reserved 1114112K
  class space    used 6943K, committed 7616K, reserved 1048576K
}
Event: 48.717 GC heap after
{Heap after GC invocations=72 (full 3):
 PSYoungGen      total 12288K, used 2334K [0x00000000d5580000, 0x00000000d6400000, 0x0000000100000000)
  eden space 9728K, 0% used [0x00000000d5580000,0x00000000d5580000,0x00000000d5f00000)
  from space 2560K, 91% used [0x00000000d5f00000,0x00000000d6147848,0x00000000d6180000)
  to   space 2560K, 0% used [0x00000000d6180000,0x00000000d6180000,0x00000000d6400000)
 ParOldGen       total 148992K, used 148799K [0x0000000080000000, 0x0000000089180000, 0x00000000d5580000)
  object space 148992K, 99% used [0x0000000080000000,0x000000008914fdc8,0x0000000089180000)
 Metaspace       used 64238K, committed 65664K, reserved 1114112K
  class space    used 6943K, committed 7616K, reserved 1048576K
}
Event: 48.822 GC heap before
{Heap before GC invocations=73 (full 3):
 PSYoungGen      total 12288K, used 12062K [0x00000000d5580000, 0x00000000d6400000, 0x0000000100000000)
  eden space 9728K, 100% used [0x00000000d5580000,0x00000000d5f00000,0x00000000d5f00000)
  from space 2560K, 91% used [0x00000000d5f00000,0x00000000d6147848,0x00000000d6180000)
  to   space 2560K, 0% used [0x00000000d6180000,0x00000000d6180000,0x00000000d6400000)
 ParOldGen       total 148992K, used 148799K [0x0000000080000000, 0x0000000089180000, 0x00000000d5580000)
  object space 148992K, 99% used [0x0000000080000000,0x000000008914fdc8,0x0000000089180000)
 Metaspace       used 64238K, committed 65664K, reserved 1114112K
  class space    used 6943K, committed 7616K, reserved 1048576K
}

Dll operation events (12 events):
Event: 0.053 Loaded shared library c:\Users\appia\.vscode\extensions\redhat.java-1.53.0-win32-x64\jre\21.0.10-win32-x86_64\bin\java.dll
Event: 0.294 Loaded shared library c:\Users\appia\.vscode\extensions\redhat.java-1.53.0-win32-x64\jre\21.0.10-win32-x86_64\bin\zip.dll
Event: 0.378 Loaded shared library C:\Users\appia\.vscode\extensions\redhat.java-1.53.0-win32-x64\jre\21.0.10-win32-x86_64\bin\instrument.dll
Event: 0.394 Loaded shared library C:\Users\appia\.vscode\extensions\redhat.java-1.53.0-win32-x64\jre\21.0.10-win32-x86_64\bin\net.dll
Event: 0.407 Loaded shared library C:\Users\appia\.vscode\extensions\redhat.java-1.53.0-win32-x64\jre\21.0.10-win32-x86_64\bin\nio.dll
Event: 0.419 Loaded shared library C:\Users\appia\.vscode\extensions\redhat.java-1.53.0-win32-x64\jre\21.0.10-win32-x86_64\bin\zip.dll
Event: 0.468 Loaded shared library C:\Users\appia\.vscode\extensions\redhat.java-1.53.0-win32-x64\jre\21.0.10-win32-x86_64\bin\jimage.dll
Event: 0.656 Loaded shared library c:\Users\appia\.vscode\extensions\redhat.java-1.53.0-win32-x64\jre\21.0.10-win32-x86_64\bin\verify.dll
Event: 6.059 Loaded shared library C:\Users\appia\AppData\Roaming\Code\User\globalStorage\redhat.java\1.53.0\config_win\org.eclipse.equinox.launcher\org.eclipse.equinox.launcher.win32.win32.x86_64_1.3.0.v20260203-2149\eclipse_11919.dll
Event: 14.292 Loaded shared library C:\Users\appia\AppData\Local\Temp\jna-2004764773\jna15649595043564476551.dll
Event: 23.446 Loaded shared library C:\Users\appia\.vscode\extensions\redhat.java-1.53.0-win32-x64\jre\21.0.10-win32-x86_64\bin\sunmscapi.dll
Event: 26.103 Loaded shared library C:\Users\appia\.vscode\extensions\redhat.java-1.53.0-win32-x64\jre\21.0.10-win32-x86_64\bin\extnet.dll

Deoptimization events (20 events):
Event: 46.575 Thread 0x000002b19f164690 DEOPT PACKING pc=0x000002b145759553 sp=0x000000eeae9fe900
Event: 46.575 Thread 0x000002b19f164690 DEOPT UNPACKING pc=0x000002b14ba64242 sp=0x000000eeae9fde80 mode 0
Event: 46.590 Thread 0x000002b19f164690 DEOPT PACKING pc=0x000002b1457594d3 sp=0x000000eeae9fe900
Event: 46.590 Thread 0x000002b19f164690 DEOPT UNPACKING pc=0x000002b14ba64242 sp=0x000000eeae9fde80 mode 0
Event: 46.598 Thread 0x000002b19f164690 DEOPT PACKING pc=0x000002b1457594d3 sp=0x000000eeae9fe900
Event: 46.599 Thread 0x000002b19f164690 DEOPT UNPACKING pc=0x000002b14ba64242 sp=0x000000eeae9fde80 mode 0
Event: 46.611 Thread 0x000002b19f164690 DEOPT PACKING pc=0x000002b145759553 sp=0x000000eeae9fe900
Event: 46.611 Thread 0x000002b19f164690 DEOPT UNPACKING pc=0x000002b14ba64242 sp=0x000000eeae9fde80 mode 0
Event: 46.627 Thread 0x000002b19f164690 DEOPT PACKING pc=0x000002b145759553 sp=0x000000eeae9fe900
Event: 46.627 Thread 0x000002b19f164690 DEOPT UNPACKING pc=0x000002b14ba64242 sp=0x000000eeae9fde80 mode 0
Event: 46.640 Thread 0x000002b19f164690 DEOPT PACKING pc=0x000002b145759553 sp=0x000000eeae9fe900
Event: 46.640 Thread 0x000002b19f164690 DEOPT UNPACKING pc=0x000002b14ba64242 sp=0x000000eeae9fde80 mode 0
Event: 46.654 Thread 0x000002b19f164690 DEOPT PACKING pc=0x000002b1457594d3 sp=0x000000eeae9fe900
Event: 46.654 Thread 0x000002b19f164690 DEOPT UNPACKING pc=0x000002b14ba64242 sp=0x000000eeae9fde80 mode 0
Event: 46.669 Thread 0x000002b19f164690 DEOPT PACKING pc=0x000002b145759553 sp=0x000000eeae9fe900
Event: 46.669 Thread 0x000002b19f164690 DEOPT UNPACKING pc=0x000002b14ba64242 sp=0x000000eeae9fde80 mode 0
Event: 46.753 Thread 0x000002b19f164690 Uncommon trap: trap_request=0xffffffe4 fr.pc=0x000002b14c632120 relative=0x0000000000001440
Event: 46.753 Thread 0x000002b19f164690 Uncommon trap: reason=range_check action=make_not_entrant pc=0x000002b14c632120 method=org.eclipse.jdt.internal.core.search.matching.ConstructorPattern.createDeclarationIndexKey([CI[C[[C[[CI[CII)[C @ 352 c2
Event: 46.753 Thread 0x000002b19f164690 DEOPT PACKING pc=0x000002b14c632120 sp=0x000000eeae9fe860
Event: 46.753 Thread 0x000002b19f164690 DEOPT UNPACKING pc=0x000002b14ba63aa2 sp=0x000000eeae9fe7a0 mode 2

Classes loaded (20 events):
Event: 40.067 Loading class java/util/concurrent/ForkJoinTask$AdaptedCallable
Event: 40.068 Loading class java/util/concurrent/ForkJoinTask$AdaptedCallable done
Event: 41.162 Loading class sun/security/ssl/Alert
Event: 41.170 Loading class sun/security/ssl/Alert done
Event: 41.171 Loading class sun/security/ssl/Alert$AlertConsumer
Event: 41.176 Loading class sun/security/ssl/Alert$AlertConsumer done
Event: 41.253 Loading class sun/security/ssl/Alert$Level
Event: 41.254 Loading class sun/security/ssl/Alert$Level done
Event: 41.588 Loading class java/util/Hashtable$KeySet
Event: 41.589 Loading class java/util/Hashtable$KeySet done
Event: 41.807 Loading class java/util/stream/ReduceOps$5
Event: 41.807 Loading class java/util/stream/ReduceOps$5 done
Event: 41.807 Loading class java/util/stream/ReduceOps$CountingSink$OfRef
Event: 41.816 Loading class java/util/stream/ReduceOps$CountingSink
Event: 41.817 Loading class java/util/stream/ReduceOps$CountingSink done
Event: 41.817 Loading class java/util/stream/ReduceOps$CountingSink$OfRef done
Event: 42.044 Loading class java/util/stream/ReduceOps$1
Event: 42.044 Loading class java/util/stream/ReduceOps$1 done
Event: 42.044 Loading class java/util/stream/ReduceOps$1ReducingSink
Event: 42.059 Loading class java/util/stream/ReduceOps$1ReducingSink done

Classes unloaded (12 events):
Event: 16.888 Thread 0x000002b141387b30 Unloading class 0x000002b1591a8c00 'java/lang/invoke/LambdaForm$MH+0x000002b1591a8c00'
Event: 16.888 Thread 0x000002b141387b30 Unloading class 0x000002b1591a8800 'java/lang/invoke/LambdaForm$MH+0x000002b1591a8800'
Event: 16.888 Thread 0x000002b141387b30 Unloading class 0x000002b1591a8400 'java/lang/invoke/LambdaForm$MH+0x000002b1591a8400'
Event: 16.888 Thread 0x000002b141387b30 Unloading class 0x000002b1591a8000 'java/lang/invoke/LambdaForm$MH+0x000002b1591a8000'
Event: 16.888 Thread 0x000002b141387b30 Unloading class 0x000002b1591a7c00 'java/lang/invoke/LambdaForm$BMH+0x000002b1591a7c00'
Event: 16.888 Thread 0x000002b141387b30 Unloading class 0x000002b1591a7800 'java/lang/invoke/LambdaForm$DMH+0x000002b1591a7800'
Event: 16.888 Thread 0x000002b141387b30 Unloading class 0x000002b1591a6400 'java/lang/invoke/LambdaForm$DMH+0x000002b1591a6400'
Event: 21.539 Thread 0x000002b141387b30 Unloading class 0x000002b1592d3000 'java/lang/invoke/LambdaForm$MH+0x000002b1592d3000'
Event: 21.539 Thread 0x000002b141387b30 Unloading class 0x000002b1592d2400 'java/lang/invoke/LambdaForm$MH+0x000002b1592d2400'
Event: 21.539 Thread 0x000002b141387b30 Unloading class 0x000002b1592d1c00 'java/lang/invoke/LambdaForm$MH+0x000002b1592d1c00'
Event: 21.539 Thread 0x000002b141387b30 Unloading class 0x000002b1592d1800 'java/lang/invoke/LambdaForm$DMH+0x000002b1592d1800'
Event: 21.539 Thread 0x000002b141387b30 Unloading class 0x000002b1592d0c00 'java/lang/invoke/LambdaForm$MH+0x000002b1592d0c00'

Classes redefined (0 events):
No events

Internal exceptions (20 events):
Event: 41.268 Thread 0x000002b1a1161b50 Exception <a 'sun/nio/fs/WindowsException'{0x00000000d600e660}> (0x00000000d600e660) 
thrown [s\src\hotspot\share\prims\jni.cpp, line 520]
Event: 41.364 Thread 0x000002b1a1161b50 Exception <a 'sun/nio/fs/WindowsException'{0x00000000d6169d90}> (0x00000000d6169d90) 
thrown [s\src\hotspot\share\prims\jni.cpp, line 520]
Event: 41.366 Thread 0x000002b1a1161b50 Exception <a 'sun/nio/fs/WindowsException'{0x00000000d616a898}> (0x00000000d616a898) 
thrown [s\src\hotspot\share\prims\jni.cpp, line 520]
Event: 41.369 Thread 0x000002b1a1161b50 Exception <a 'sun/nio/fs/WindowsException'{0x00000000d61742e0}> (0x00000000d61742e0) 
thrown [s\src\hotspot\share\prims\jni.cpp, line 520]
Event: 41.369 Thread 0x000002b1a1161b50 Exception <a 'sun/nio/fs/WindowsException'{0x00000000d6174bc0}> (0x00000000d6174bc0) 
thrown [s\src\hotspot\share\prims\jni.cpp, line 520]
Event: 41.651 Thread 0x000002b19f163970 Exception <a 'sun/nio/fs/WindowsException'{0x00000000d5c75220}> (0x00000000d5c75220) 
thrown [s\src\hotspot\share\prims\jni.cpp, line 520]
Event: 41.656 Thread 0x000002b19f163970 Exception <a 'sun/nio/fs/WindowsException'{0x00000000d5c75850}> (0x00000000d5c75850) 
thrown [s\src\hotspot\share\prims\jni.cpp, line 520]
Event: 41.658 Thread 0x000002b19f163970 Exception <a 'sun/nio/fs/WindowsException'{0x00000000d5c764b8}> (0x00000000d5c764b8) 
thrown [s\src\hotspot\share\prims\jni.cpp, line 520]
Event: 41.658 Thread 0x000002b19f163970 Exception <a 'sun/nio/fs/WindowsException'{0x00000000d5c76ae8}> (0x00000000d5c76ae8) 
thrown [s\src\hotspot\share\prims\jni.cpp, line 520]
Event: 41.670 Thread 0x000002b19f163970 Exception <a 'java/io/FileNotFoundException'{0x00000000d5d45b38}> (0x00000000d5d45b38) 
thrown [s\src\hotspot\share\prims\jni.cpp, line 520]
Event: 41.671 Thread 0x000002b19f163970 Exception <a 'java/io/FileNotFoundException'{0x00000000d5d468b8}> (0x00000000d5d468b8) 
thrown [s\src\hotspot\share\prims\jni.cpp, line 520]
Event: 41.685 Thread 0x000002b19f163970 Exception <a 'sun/nio/fs/WindowsException'{0x00000000d5e58a40}> (0x00000000d5e58a40) 
thrown [s\src\hotspot\share\prims\jni.cpp, line 520]
Event: 41.685 Thread 0x000002b19f163970 Exception <a 'sun/nio/fs/WindowsException'{0x00000000d5e59070}> (0x00000000d5e59070) 
thrown [s\src\hotspot\share\prims\jni.cpp, line 520]
Event: 41.692 Thread 0x000002b19f163970 Exception <a 'sun/nio/fs/WindowsException'{0x00000000d5e59cb0}> (0x00000000d5e59cb0) 
thrown [s\src\hotspot\share\prims\jni.cpp, line 520]
Event: 41.692 Thread 0x000002b19f163970 Exception <a 'sun/nio/fs/WindowsException'{0x00000000d5e5a2e0}> (0x00000000d5e5a2e0) 
thrown [s\src\hotspot\share\prims\jni.cpp, line 520]
Event: 41.823 Thread 0x000002b19f163970 Exception <a 'sun/nio/fs/WindowsException'{0x00000000d6259ac8}> (0x00000000d6259ac8) 
thrown [s\src\hotspot\share\prims\jni.cpp, line 520]
Event: 41.828 Thread 0x000002b19f163970 Exception <a 'sun/nio/fs/WindowsException'{0x00000000d625a0f8}> (0x00000000d625a0f8) 
thrown [s\src\hotspot\share\prims\jni.cpp, line 520]
Event: 42.253 Thread 0x000002b1a1161b50 Exception <a 'java/lang/IncompatibleClassChangeError'{0x00000000d5e05078}: Found class java.lang.Object, but interface was expected> (0x00000000d5e05078) 
thrown [s\src\hotspot\share\interpreter\linkResolver.cpp, line 840]
Event: 44.214 Thread 0x000002b19f164690 Implicit null exception at 0x000002b14c5b9b59 to 0x000002b14c5c0240
Event: 45.641 Thread 0x000002b19f164690 Implicit null exception at 0x000002b14c5ec78b to 0x000002b14c5f120c

ZGC Phase Switch (0 events):
No events

VM Operations (20 events):
Event: 47.474 Executing safepoint VM operation: ParallelGCFailedAllocation (Allocation Failure) done
Event: 47.618 Executing safepoint VM operation: ParallelGCFailedAllocation (Allocation Failure)
Event: 47.624 Executing safepoint VM operation: ParallelGCFailedAllocation (Allocation Failure) done
Event: 47.961 Executing safepoint VM operation: ParallelGCFailedAllocation (Allocation Failure)
Event: 47.966 Executing safepoint VM operation: ParallelGCFailedAllocation (Allocation Failure) done
Event: 48.068 Executing safepoint VM operation: ParallelGCFailedAllocation (Allocation Failure)
Event: 48.072 Executing safepoint VM operation: ParallelGCFailedAllocation (Allocation Failure) done
Event: 48.154 Executing safepoint VM operation: ParallelGCFailedAllocation (Allocation Failure)
Event: 48.159 Executing safepoint VM operation: ParallelGCFailedAllocation (Allocation Failure) done
Event: 48.263 Executing safepoint VM operation: ParallelGCFailedAllocation (Allocation Failure)
Event: 48.271 Executing safepoint VM operation: ParallelGCFailedAllocation (Allocation Failure) done
Event: 48.385 Executing safepoint VM operation: ParallelGCFailedAllocation (Allocation Failure)
Event: 48.389 Executing safepoint VM operation: ParallelGCFailedAllocation (Allocation Failure) done
Event: 48.490 Executing safepoint VM operation: ParallelGCFailedAllocation (Allocation Failure)
Event: 48.498 Executing safepoint VM operation: ParallelGCFailedAllocation (Allocation Failure) done
Event: 48.620 Executing safepoint VM operation: ParallelGCFailedAllocation (Allocation Failure)
Event: 48.624 Executing safepoint VM operation: ParallelGCFailedAllocation (Allocation Failure) done
Event: 48.712 Executing safepoint VM operation: ParallelGCFailedAllocation (Allocation Failure)
Event: 48.717 Executing safepoint VM operation: ParallelGCFailedAllocation (Allocation Failure) done
Event: 48.822 Executing safepoint VM operation: ParallelGCFailedAllocation (Allocation Failure)

Memory protections (0 events):
No events

Nmethod flushes (20 events):
Event: 37.526 Thread 0x000002b141387b30 flushing  nmethod 0x000002b144da0910
Event: 37.526 Thread 0x000002b141387b30 flushing  nmethod 0x000002b144da3110
Event: 37.526 Thread 0x000002b141387b30 flushing  nmethod 0x000002b144dab990
Event: 37.526 Thread 0x000002b141387b30 flushing  nmethod 0x000002b144dac790
Event: 37.526 Thread 0x000002b141387b30 flushing  nmethod 0x000002b144debe10
Event: 37.526 Thread 0x000002b141387b30 flushing  nmethod 0x000002b144ded290
Event: 37.526 Thread 0x000002b141387b30 flushing  nmethod 0x000002b144df1d90
Event: 37.526 Thread 0x000002b141387b30 flushing  nmethod 0x000002b144e22290
Event: 37.526 Thread 0x000002b141387b30 flushing  nmethod 0x000002b144e22d10
Event: 37.526 Thread 0x000002b141387b30 flushing  nmethod 0x000002b144e23310
Event: 37.526 Thread 0x000002b141387b30 flushing  nmethod 0x000002b144e5d490
Event: 37.526 Thread 0x000002b141387b30 flushing  nmethod 0x000002b144e6f490
Event: 37.526 Thread 0x000002b141387b30 flushing  nmethod 0x000002b144e88410
Event: 37.526 Thread 0x000002b141387b30 flushing  nmethod 0x000002b144e8bc10
Event: 37.526 Thread 0x000002b141387b30 flushing  nmethod 0x000002b144e9e910
Event: 37.526 Thread 0x000002b141387b30 flushing  nmethod 0x000002b144e9fd10
Event: 37.526 Thread 0x000002b141387b30 flushing  nmethod 0x000002b144ea0310
Event: 37.526 Thread 0x000002b141387b30 flushing  nmethod 0x000002b144ea1710
Event: 37.526 Thread 0x000002b141387b30 flushing  nmethod 0x000002b144ea8190
Event: 37.526 Thread 0x000002b141387b30 flushing  nmethod 0x000002b144eb7f90

Events (20 events):
Event: 31.317 Thread 0x000002b141287ee0 Thread added: 0x000002b19a8ccf00
Event: 31.378 Thread 0x000002b141287ee0 Thread added: 0x000002b19f385010
Event: 31.629 Thread 0x000002b19f163970 Thread added: 0x000002b1a1160e30
Event: 31.631 Thread 0x000002b19f163970 Thread added: 0x000002b1a0641560
Event: 31.631 Thread 0x000002b19f163970 Thread added: 0x000002b1a0641bf0
Event: 31.861 Thread 0x000002b19f385010 Thread exited: 0x000002b19f385010
Event: 31.861 Thread 0x000002b19a8ccf00 Thread exited: 0x000002b19a8ccf00
Event: 34.831 Thread 0x000002b19f163970 Thread added: 0x000002b1a0642280
Event: 34.838 Thread 0x000002b141287ee0 Thread added: 0x000002b19a8ccf00
Event: 35.035 Thread 0x000002b19f163970 Thread added: 0x000002b1a0644350
Event: 35.177 Thread 0x000002b141287ee0 Thread added: 0x000002b19f385010
Event: 35.921 Thread 0x000002b19f385010 Thread exited: 0x000002b19f385010
Event: 36.028 Thread 0x000002b141287ee0 Thread added: 0x000002b19f385010
Event: 37.279 Thread 0x000002b19f163970 Thread added: 0x000002b1a0643630
Event: 37.341 Thread 0x000002b19f163970 Thread added: 0x000002b1a0643cc0
Event: 37.624 Thread 0x000002b19f385010 Thread exited: 0x000002b19f385010
Event: 37.750 Thread 0x000002b19a8ccf00 Thread added: 0x000002b1a28a8010
Event: 40.069 Thread 0x000002b1a1161b50 Thread added: 0x000002b1a0647140
Event: 46.266 Thread 0x000002b1a1160110 Thread exited: 0x000002b1a1160110
Event: 47.483 Thread 0x000002b1a28a8010 Thread exited: 0x000002b1a28a8010


Dynamic libraries:
0x00007ff6f6a90000 - 0x00007ff6f6a9e000 	c:\Users\appia\.vscode\extensions\redhat.java-1.53.0-win32-x64\jre\21.0.10-win32-x86_64\bin\java.exe
0x00007ffcf5440000 - 0x00007ffcf56a7000 	C:\WINDOWS\SYSTEM32\ntdll.dll
0x00007ffcf40e0000 - 0x00007ffcf41a9000 	C:\WINDOWS\System32\KERNEL32.DLL
0x00007ffcf2070000 - 0x00007ffcf2464000 	C:\WINDOWS\System32\KERNELBASE.dll
0x00007ffceea90000 - 0x00007ffceeb2f000 	C:\WINDOWS\SYSTEM32\apphelp.dll
0x00007ffcf3080000 - 0x00007ffcf31cb000 	C:\WINDOWS\System32\ucrtbase.dll
0x00007ffcc21d0000 - 0x00007ffcc21e8000 	c:\Users\appia\.vscode\extensions\redhat.java-1.53.0-win32-x64\jre\21.0.10-win32-x86_64\bin\jli.dll
0x00007ffcc1e50000 - 0x00007ffcc1e6e000 	c:\Users\appia\.vscode\extensions\redhat.java-1.53.0-win32-x64\jre\21.0.10-win32-x86_64\bin\VCRUNTIME140.dll
0x00007ffcf3300000 - 0x00007ffcf34c5000 	C:\WINDOWS\System32\USER32.dll
0x00007ffcd3890000 - 0x00007ffcd3b23000 	C:\WINDOWS\WinSxS\amd64_microsoft.windows.common-controls_6595b64144ccf1df_6.0.26100.8115_none_3e075c82e3354f9c\COMCTL32.dll
0x00007ffcf2e20000 - 0x00007ffcf2e47000 	C:\WINDOWS\System32\win32u.dll
0x00007ffcf34d0000 - 0x00007ffcf3579000 	C:\WINDOWS\System32\msvcrt.dll
0x00007ffcf4840000 - 0x00007ffcf486b000 	C:\WINDOWS\System32\GDI32.dll
0x00007ffcf1d10000 - 0x00007ffcf1e3a000 	C:\WINDOWS\System32\gdi32full.dll
0x00007ffcf2470000 - 0x00007ffcf2513000 	C:\WINDOWS\System32\msvcp_win.dll
0x00007ffcf32c0000 - 0x00007ffcf32f2000 	C:\WINDOWS\System32\IMM32.DLL
0x00007ffccc6a0000 - 0x00007ffccc6ac000 	c:\Users\appia\.vscode\extensions\redhat.java-1.53.0-win32-x64\jre\21.0.10-win32-x86_64\bin\vcruntime140_1.dll
0x00007ffc88e00000 - 0x00007ffc88e8d000 	c:\Users\appia\.vscode\extensions\redhat.java-1.53.0-win32-x64\jre\21.0.10-win32-x86_64\bin\msvcp140.dll
0x00007ffc26e90000 - 0x00007ffc27c31000 	c:\Users\appia\.vscode\extensions\redhat.java-1.53.0-win32-x64\jre\21.0.10-win32-x86_64\bin\server\jvm.dll
0x00007ffcf4780000 - 0x00007ffcf4836000 	C:\WINDOWS\System32\ADVAPI32.dll
0x00007ffcf3660000 - 0x00007ffcf3707000 	C:\WINDOWS\System32\sechost.dll
0x00007ffcf3e60000 - 0x00007ffcf3f78000 	C:\WINDOWS\System32\RPCRT4.dll
0x00007ffcf4b50000 - 0x00007ffcf4bd0000 	C:\WINDOWS\System32\WS2_32.dll
0x00007ffcf1b70000 - 0x00007ffcf1bce000 	C:\WINDOWS\SYSTEM32\POWRPROF.dll
0x00007ffcd5bc0000 - 0x00007ffcd5bf6000 	C:\WINDOWS\SYSTEM32\WINMM.dll
0x00007ffceebc0000 - 0x00007ffceebcb000 	C:\WINDOWS\SYSTEM32\VERSION.dll
0x00007ffcf1b50000 - 0x00007ffcf1b64000 	C:\WINDOWS\SYSTEM32\UMPDC.dll
0x00007ffcf0a60000 - 0x00007ffcf0a7b000 	C:\WINDOWS\SYSTEM32\kernel.appcore.dll
0x00007ffccc5f0000 - 0x00007ffccc5fa000 	c:\Users\appia\.vscode\extensions\redhat.java-1.53.0-win32-x64\jre\21.0.10-win32-x86_64\bin\jimage.dll
0x00007ffcefaf0000 - 0x00007ffcefd32000 	C:\WINDOWS\SYSTEM32\DBGHELP.DLL
0x00007ffcf4250000 - 0x00007ffcf45d2000 	C:\WINDOWS\System32\combase.dll
0x00007ffcf3580000 - 0x00007ffcf3657000 	C:\WINDOWS\System32\OLEAUT32.dll
0x00007ffcd2330000 - 0x00007ffcd236b000 	C:\WINDOWS\SYSTEM32\dbgcore.DLL
0x00007ffcf1e40000 - 0x00007ffcf1ee5000 	C:\WINDOWS\System32\bcryptPrimitives.dll
0x00007ffccc670000 - 0x00007ffccc67f000 	c:\Users\appia\.vscode\extensions\redhat.java-1.53.0-win32-x64\jre\21.0.10-win32-x86_64\bin\instrument.dll
0x00007ffcc1e30000 - 0x00007ffcc1e50000 	c:\Users\appia\.vscode\extensions\redhat.java-1.53.0-win32-x64\jre\21.0.10-win32-x86_64\bin\java.dll
0x00007ffcf4c40000 - 0x00007ffcf53a6000 	C:\WINDOWS\System32\SHELL32.dll
0x00007ffcf2f10000 - 0x00007ffcf307a000 	C:\WINDOWS\System32\wintypes.dll
0x00007ffcf2520000 - 0x00007ffcf2d85000 	C:\WINDOWS\System32\windows.storage.dll
0x00007ffcf4870000 - 0x00007ffcf4967000 	C:\WINDOWS\System32\SHCORE.dll
0x00007ffcf3250000 - 0x00007ffcf32b6000 	C:\WINDOWS\System32\shlwapi.dll
0x00007ffcf1c30000 - 0x00007ffcf1c59000 	C:\WINDOWS\SYSTEM32\profapi.dll
0x00007ffcb8830000 - 0x00007ffcb8848000 	c:\Users\appia\.vscode\extensions\redhat.java-1.53.0-win32-x64\jre\21.0.10-win32-x86_64\bin\zip.dll
0x00007ffcccfa0000 - 0x00007ffcccfb0000 	C:\Users\appia\.vscode\extensions\redhat.java-1.53.0-win32-x64\jre\21.0.10-win32-x86_64\bin\net.dll
0x00007ffcea8d0000 - 0x00007ffcea9fd000 	C:\WINDOWS\SYSTEM32\WINHTTP.dll
0x00007ffcf0fb0000 - 0x00007ffcf101c000 	C:\WINDOWS\system32\mswsock.dll
0x00007ffccc400000 - 0x00007ffccc416000 	C:\Users\appia\.vscode\extensions\redhat.java-1.53.0-win32-x64\jre\21.0.10-win32-x86_64\bin\nio.dll
0x00007ffccc3f0000 - 0x00007ffccc400000 	c:\Users\appia\.vscode\extensions\redhat.java-1.53.0-win32-x64\jre\21.0.10-win32-x86_64\bin\verify.dll
0x00007ffcc2320000 - 0x00007ffcc2365000 	C:\Users\appia\AppData\Roaming\Code\User\globalStorage\redhat.java\1.53.0\config_win\org.eclipse.equinox.launcher\org.eclipse.equinox.launcher.win32.win32.x86_64_1.3.0.v20260203-2149\eclipse_11919.dll
0x00007ffcf45e0000 - 0x00007ffcf4777000 	C:\WINDOWS\System32\ole32.dll
0x00007ffcf13b0000 - 0x00007ffcf13cb000 	C:\WINDOWS\SYSTEM32\CRYPTSP.dll
0x00007ffcf09c0000 - 0x00007ffcf09f9000 	C:\WINDOWS\system32\rsaenh.dll
0x00007ffcf1060000 - 0x00007ffcf1093000 	C:\WINDOWS\SYSTEM32\USERENV.dll
0x00007ffcf1c00000 - 0x00007ffcf1c2a000 	C:\WINDOWS\SYSTEM32\bcrypt.dll
0x00007ffcf1390000 - 0x00007ffcf139c000 	C:\WINDOWS\SYSTEM32\CRYPTBASE.dll
0x00007ffcf04d0000 - 0x00007ffcf0502000 	C:\WINDOWS\SYSTEM32\IPHLPAPI.DLL
0x00007ffcf3f90000 - 0x00007ffcf3f9a000 	C:\WINDOWS\System32\NSI.dll
0x00007ffcafa90000 - 0x00007ffcafad9000 	C:\Users\appia\AppData\Local\Temp\jna-2004764773\jna15649595043564476551.dll
0x00007ffcf4240000 - 0x00007ffcf4248000 	C:\WINDOWS\System32\PSAPI.DLL
0x00007ffceb410000 - 0x00007ffceb42d000 	C:\WINDOWS\SYSTEM32\dhcpcsvc6.DLL
0x00007ffceb3e0000 - 0x00007ffceb405000 	C:\WINDOWS\SYSTEM32\dhcpcsvc.DLL
0x00007ffccc230000 - 0x00007ffccc23e000 	C:\Users\appia\.vscode\extensions\redhat.java-1.53.0-win32-x64\jre\21.0.10-win32-x86_64\bin\sunmscapi.dll
0x00007ffcf1ef0000 - 0x00007ffcf2067000 	C:\WINDOWS\System32\CRYPT32.dll
0x00007ffcf1510000 - 0x00007ffcf1540000 	C:\WINDOWS\SYSTEM32\ncrypt.dll
0x00007ffcf14c0000 - 0x00007ffcf14ff000 	C:\WINDOWS\SYSTEM32\NTASN1.dll
0x00007ffcf05d0000 - 0x00007ffcf0702000 	C:\WINDOWS\SYSTEM32\DNSAPI.dll
0x00007ffce41f0000 - 0x00007ffce41fb000 	C:\Windows\System32\rasadhlp.dll
0x00007ffceb6b0000 - 0x00007ffceb736000 	C:\WINDOWS\System32\fwpuclnt.dll
0x00007ffccb8d0000 - 0x00007ffccb8d9000 	C:\Users\appia\.vscode\extensions\redhat.java-1.53.0-win32-x64\jre\21.0.10-win32-x86_64\bin\extnet.dll

JVMTI agents:
c:\Users\appia\.vscode\extensions\redhat.java-1.53.0-win32-x64\lombok\lombok-1.18.39-4050.jar path:c:\Users\appia\.vscode\extensions\redhat.java-1.53.0-win32-x64\jre\21.0.10-win32-x86_64\bin\instrument.dll, loaded, initialized, instrumentlib options:none

dbghelp: loaded successfully - version: 4.0.5 - missing functions: none
symbol engine: initialized successfully - sym options: 0x614 - pdb path: .;c:\Users\appia\.vscode\extensions\redhat.java-1.53.0-win32-x64\jre\21.0.10-win32-x86_64\bin;C:\WINDOWS\SYSTEM32;C:\WINDOWS\WinSxS\amd64_microsoft.windows.common-controls_6595b64144ccf1df_6.0.26100.8115_none_3e075c82e3354f9c;c:\Users\appia\.vscode\extensions\redhat.java-1.53.0-win32-x64\jre\21.0.10-win32-x86_64\bin\server;C:\Users\appia\AppData\Roaming\Code\User\globalStorage\redhat.java\1.53.0\config_win\org.eclipse.equinox.launcher\org.eclipse.equinox.launcher.win32.win32.x86_64_1.3.0.v20260203-2149;C:\Users\appia\AppData\Local\Temp\jna-2004764773

VM Arguments:
jvm_args: --add-modules=ALL-SYSTEM --add-opens=java.base/java.util=ALL-UNNAMED --add-opens=java.base/java.lang=ALL-UNNAMED --add-opens=java.base/sun.nio.fs=ALL-UNNAMED -Declipse.application=org.eclipse.jdt.ls.core.id1 -Dosgi.bundles.defaultStartLevel=4 -Declipse.product=org.eclipse.jdt.ls.core.product -Djava.import.generatesMetadataFilesAtProjectRoot=false -DDetectVMInstallationsJob.disabled=true -Dfile.encoding=utf8 -XX:+UseParallelGC -XX:GCTimeRatio=4 -XX:AdaptiveSizePolicyWeight=90 -Dsun.zip.disableMemoryMapping=true -Xmx2G -Xms100m -Xlog:disable -javaagent:c:\Users\appia\.vscode\extensions\redhat.java-1.53.0-win32-x64\lombok\lombok-1.18.39-4050.jar -XX:+HeapDumpOnOutOfMemoryError -XX:HeapDumpPath=c:\Users\appia\AppData\Roaming\Code\User\workspaceStorage\b22a4caffd886bd9a8ea5f43f6a3e90f\redhat.java -Daether.dependencyCollector.impl=bf 
java_command: c:\Users\appia\.vscode\extensions\redhat.java-1.53.0-win32-x64\server\plugins\org.eclipse.equinox.launcher_1.7.100.v20251111-0406.jar -configuration c:\Users\appia\AppData\Roaming\Code\User\globalStorage\redhat.java\1.53.0\config_win -data c:\Users\appia\AppData\Roaming\Code\User\workspaceStorage\b22a4caffd886bd9a8ea5f43f6a3e90f\redhat.java\jdt_ws --pipe=\\.\pipe\lsp-6b49bac941f5bd7a8d0119601f18ad46-sock
java_class_path (initial): c:\Users\appia\.vscode\extensions\redhat.java-1.53.0-win32-x64\server\plugins\org.eclipse.equinox.launcher_1.7.100.v20251111-0406.jar
Launcher Type: SUN_STANDARD

[Global flags]
    uintx AdaptiveSizePolicyWeight                 = 90                                        {product} {command line}
     intx CICompilerCount                          = 4                                         {product} {ergonomic}
    uintx GCTimeRatio                              = 4                                         {product} {command line}
     bool HeapDumpOnOutOfMemoryError               = true                                   {manageable} {command line}
    ccstr HeapDumpPath                             = c:\Users\appia\AppData\Roaming\Code\User\workspaceStorage\b22a4caffd886bd9a8ea5f43f6a3e90f\redhat.java         {manageable} {command line}
   size_t InitialHeapSize                          = 104857600                                 {product} {command line}
   size_t MaxHeapSize                              = 2147483648                                {product} {command line}
   size_t MaxNewSize                               = 715653120                                 {product} {ergonomic}
   size_t MinHeapDeltaBytes                        = 524288                                    {product} {ergonomic}
   size_t MinHeapSize                              = 104857600                                 {product} {command line}
   size_t NewSize                                  = 34603008                                  {product} {ergonomic}
    uintx NonNMethodCodeHeapSize                   = 5839372                                {pd product} {ergonomic}
    uintx NonProfiledCodeHeapSize                  = 122909434                              {pd product} {ergonomic}
   size_t OldSize                                  = 70254592                                  {product} {ergonomic}
    uintx ProfiledCodeHeapSize                     = 122909434                              {pd product} {ergonomic}
    uintx ReservedCodeCacheSize                    = 251658240                              {pd product} {ergonomic}
     bool SegmentedCodeCache                       = true                                      {product} {ergonomic}
   size_t SoftMaxHeapSize                          = 2147483648                             {manageable} {ergonomic}
     bool UseCompressedOops                        = true                           {product lp64_product} {ergonomic}
     bool UseLargePagesIndividualAllocation        = false                                  {pd product} {ergonomic}
     bool UseParallelGC                            = true                                      {product} {command line}

Logging:
Log output configuration:
 #0: stdout all=off uptime,level,tags foldmultilines=false
 #1: stderr all=off uptime,level,tags foldmultilines=false

Release file:
JAVA_VERSION="21.0.10" 
MODULES="java.base java.compiler java.datatransfer java.xml java.prefs java.desktop java.instrument java.logging java.management java.security.sasl java.naming java.rmi java.management.rmi java.net.http java.scripting java.security.jgss java.transaction.xa java.sql java.sql.rowset java.xml.crypto java.se java.smartcardio jdk.accessibility jdk.internal.jvmstat jdk.attach jdk.charsets jdk.internal.opt jdk.zipfs jdk.compiler jdk.crypto.ec jdk.crypto.cryptoki jdk.crypto.mscapi jdk.dynalink jdk.internal.ed jdk.editpad jdk.hotspot.agent jdk.httpserver jdk.internal.le jdk.internal.vm.ci jdk.internal.vm.compiler jdk.internal.vm.compiler.management jdk.jartool jdk.javadoc jdk.jcmd jdk.management jdk.management.agent jdk.jconsole jdk.jdeps jdk.jdwp.agent jdk.jdi jdk.jfr jdk.jshell jdk.jsobject jdk.jstatd jdk.localedata jdk.management.jfr jdk.naming.dns jdk.naming.rmi jdk.net jdk.nio.mapmode jdk.random jdk.sctp jdk.security.auth jdk.security.jgss jdk.unsupported jdk.unsupported.desktop jdk.xml.dom" 

Environment Variables:
PATH=C:\Users\appia\AppData\Local\Programs\Microsoft VS Code;C:\Program Files\Common Files\Oracle\Java\javapath;C:\WINDOWS\system32;C:\WINDOWS;C:\WINDOWS\System32\Wbem;C:\WINDOWS\System32\WindowsPowerShell\v1.0\;C:\WINDOWS\System32\OpenSSH\;C:\Program Files\Git\cmd;C:\Users\appia\AppData\Local\Programs\SQLite3;C:\Program Files\dotnet\;C:\Program Files\nodejs\;C:\Program Files\Redis;C:\Program Files\Go\bin;C:\MinGW\bin;C:\Program Files\Microsoft SQL Server\170\Tools\Binn\;C:\Users\appia\AppData\Local\Programs\Python\Python313\Scripts\;C:\Users\appia\AppData\Local\Programs\Python\Python313\;C:\Users\appia\AppData\Local\Microsoft\WindowsApps;C:\Users\appia\AppData\Local\Programs\Microsoft VS Code\bin;C:\Users\appia\AppData\Local\Programs\SQLite3;C:\Users\appia\AppData\Local\Programs\mongosh\;C:\Users\appia\AppData\Roaming\npm;C:\Program Files\nodejs\;C:\Users\appia\go\bin;C:\Users\appia\.lmstudio\bin;C:\Users\appia\AppData\Local\GitHubDesktop\bin;C:\MinGW\bin
USERNAME=S-GROUP
OS=Windows_NT
PROCESSOR_IDENTIFIER=Intel64 Family 6 Model 142 Stepping 12, GenuineIntel
TMP=C:\Users\appia\AppData\Local\Temp
TEMP=C:\Users\appia\AppData\Local\Temp




Periodic native trim disabled

---------------  S Y S T E M  ---------------

OS:
 Windows 11 , 64 bit Build 26100 (10.0.26100.8115)
OS uptime: 7 days 14:01 hours
Hyper-V role detected

CPU: total 8 (initial active 8) (4 cores per cpu, 2 threads per core) family 6 model 142 stepping 12 microcode 0xfc, cx8, cmov, fxsr, ht, mmx, 3dnowpref, sse, sse2, sse3, ssse3, sse4.1, sse4.2, popcnt, lzcnt, tsc, tscinvbit, avx, avx2, aes, erms, clmul, bmi1, bmi2, adx, fma, vzeroupper, clflush, clflushopt, hv, rdtscp, f16c
Processor Information for processor 0
  Max Mhz: 1800, Current Mhz: 1600, Mhz Limit: 1584
Processor Information for processor 1
  Max Mhz: 1800, Current Mhz: 1600, Mhz Limit: 1584
Processor Information for processor 2
  Max Mhz: 1800, Current Mhz: 1600, Mhz Limit: 1584
Processor Information for processor 3
  Max Mhz: 1800, Current Mhz: 1500, Mhz Limit: 1584
Processor Information for processor 4
  Max Mhz: 1800, Current Mhz: 1600, Mhz Limit: 1584
Processor Information for processor 5
  Max Mhz: 1800, Current Mhz: 1500, Mhz Limit: 1584
Processor Information for processor 6
  Max Mhz: 1800, Current Mhz: 1600, Mhz Limit: 1584
Processor Information for processor 7
  Max Mhz: 1800, Current Mhz: 1600, Mhz Limit: 1584

Memory: 4k page, system-wide physical 8006M (647M free)
TotalPageFile size 32582M (AvailPageFile size 2M)
current process WorkingSet (physical memory assigned to process): 387M, peak: 394M
current process commit charge ("private bytes"): 461M, peak: 462M

vm_info: OpenJDK 64-Bit Server VM (21.0.10+7-LTS) for windows-amd64 JRE (21.0.10+7-LTS), built on 2026-01-20T00:00:00Z by "admin" with MS VC++ 17.12 (VS2022)

END.
