#
# There is insufficient memory for the Java Runtime Environment to continue.
# Native memory allocation (malloc) failed to allocate 262160 bytes. Error detail: Chunk::new
# Possible reasons:
#   The system is out of physical RAM or swap space
#   This process is running with CompressedOops enabled, and the Java Heap may be blocking the growth of the native heap
# Possible solutions:
#   Reduce memory load on the system
#   Increase physical memory or swap space
#   Check if swap backing store is full
#   Decrease Java heap size (-Xmx/-Xms)
#   Decrease number of Java threads
#   Decrease Java thread stack sizes (-Xss)
#   Set larger code cache with -XX:ReservedCodeCacheSize=
#   JVM is running with Unscaled Compressed Oops mode in which the Java heap is
#     placed in the first 4GB address space. The Java Heap base address is the
#     maximum limit for the native heap growth. Please use -XX:HeapBaseMinAddress
#     to set the Java Heap base and to place the Java Heap above 4GB virtual address.
# This output file may be truncated or incomplete.
#
#  Out of Memory Error (arena.cpp:168), pid=25684, tid=11980
#
# JRE version: OpenJDK Runtime Environment Temurin-21.0.10+7 (21.0.10+7) (build 21.0.10+7-LTS)
# Java VM: OpenJDK 64-Bit Server VM Temurin-21.0.10+7 (21.0.10+7-LTS, mixed mode, sharing, tiered, compressed oops, compressed class ptrs, parallel gc, windows-amd64)
# No core dump will be written. Minidumps are not enabled by default on client versions of Windows
#

---------------  S U M M A R Y ------------

Command Line: --add-modules=ALL-SYSTEM --add-opens=java.base/java.util=ALL-UNNAMED --add-opens=java.base/java.lang=ALL-UNNAMED --add-opens=java.base/sun.nio.fs=ALL-UNNAMED -Declipse.application=org.eclipse.jdt.ls.core.id1 -Dosgi.bundles.defaultStartLevel=4 -Declipse.product=org.eclipse.jdt.ls.core.product -Djava.import.generatesMetadataFilesAtProjectRoot=false -DDetectVMInstallationsJob.disabled=true -Dfile.encoding=utf8 -XX:+UseParallelGC -XX:GCTimeRatio=4 -XX:AdaptiveSizePolicyWeight=90 -Dsun.zip.disableMemoryMapping=true -Xmx2G -Xms100m -Xlog:disable -javaagent:c:\Users\appia\.vscode\extensions\redhat.java-1.53.0-win32-x64\lombok\lombok-1.18.39-4050.jar -XX:+HeapDumpOnOutOfMemoryError -XX:HeapDumpPath=c:\Users\appia\AppData\Roaming\Code\User\workspaceStorage\b22a4caffd886bd9a8ea5f43f6a3e90f\redhat.java -Daether.dependencyCollector.impl=bf c:\Users\appia\.vscode\extensions\redhat.java-1.53.0-win32-x64\server\plugins\org.eclipse.equinox.launcher_1.7.100.v20251111-0406.jar -configuration c:\Users\appia\AppData\Roaming\Code\User\globalStorage\redhat.java\1.53.0\config_win -data c:\Users\appia\AppData\Roaming\Code\User\workspaceStorage\b22a4caffd886bd9a8ea5f43f6a3e90f\redhat.java\jdt_ws --pipe=\\.\pipe\lsp-aa4d32f39f46c0662b9d0b07ae90ae5e-sock

Host: Intel(R) Core(TM) i5-8265U CPU @ 1.60GHz, 8 cores, 7G,  Windows 11 , 64 bit Build 26100 (10.0.26100.8115)
Time: Thu Apr  9 20:28:36 2026 Eastern Daylight Time elapsed time: 12.116313 seconds (0d 0h 0m 12s)

---------------  T H R E A D  ---------------

Current thread (0x0000016c18a10f50):  JavaThread "C2 CompilerThread0" daemon [_thread_in_native, id=11980, stack(0x0000000101000000,0x0000000101100000) (1024K)]


Current CompileTask:
C2:12116 3975       4       org.lombokweb.asm.ClassReader::readMethod (1070 bytes)

Stack: [0x0000000101000000,0x0000000101100000]
Native frames: (J=compiled Java code, j=interpreted, Vv=VM code, C=native code)
V  [jvm.dll+0x6d7a39]
V  [jvm.dll+0x8b4b26]
V  [jvm.dll+0x8b70de]
V  [jvm.dll+0x8b77c3]
V  [jvm.dll+0x284346]
V  [jvm.dll+0xc66ed]
V  [jvm.dll+0xc6c31]
V  [jvm.dll+0x6feab5]
V  [jvm.dll+0x6fef15]
V  [jvm.dll+0x70114d]
V  [jvm.dll+0x6ff503]
V  [jvm.dll+0x255b53]
V  [jvm.dll+0x24df54]
V  [jvm.dll+0x24ba42]
V  [jvm.dll+0x1cb34e]
V  [jvm.dll+0x25b85d]
V  [jvm.dll+0x259dea]
V  [jvm.dll+0x3f857e]
V  [jvm.dll+0x85f59d]
V  [jvm.dll+0x6d626d]
C  [ucrtbase.dll+0x37b0]
C  [KERNEL32.DLL+0x2e8d7]
C  [ntdll.dll+0x8c3fc]


---------------  P R O C E S S  ---------------

Threads class SMR info:
_java_thread_list=0x0000016c60c7c890, length=24, elements={
0x0000016c7fa9e900, 0x0000016c189ec680, 0x0000016c189f0280, 0x0000016c189f7040,
0x0000016c189f6320, 0x0000016c189f5c90, 0x0000016c189f4f70, 0x0000016c18a10f50,
0x0000016c18a12300, 0x0000016c189f69b0, 0x0000016c189f5600, 0x0000016c189f76d0,
0x0000016c189f4250, 0x0000016c189f48e0, 0x0000016c5bea5900, 0x0000016c5bea5f90,
0x0000016c5bea6620, 0x0000016c5bea8060, 0x0000016c5bea7340, 0x0000016c5bea79d0,
0x0000016c5bea4be0, 0x0000016c5bea5270, 0x0000016c5beab4e0, 0x0000016c61779740
}

Java Threads: ( => current thread )
  0x0000016c7fa9e900 JavaThread "main"                              [_thread_blocked, id=24696, stack(0x0000000100600000,0x0000000100700000) (1024K)]
  0x0000016c189ec680 JavaThread "Reference Handler"          daemon [_thread_blocked, id=12044, stack(0x0000000100a00000,0x0000000100b00000) (1024K)]
  0x0000016c189f0280 JavaThread "Finalizer"                  daemon [_thread_blocked, id=26688, stack(0x0000000100b00000,0x0000000100c00000) (1024K)]
  0x0000016c189f7040 JavaThread "Signal Dispatcher"          daemon [_thread_blocked, id=13516, stack(0x0000000100c00000,0x0000000100d00000) (1024K)]
  0x0000016c189f6320 JavaThread "Attach Listener"            daemon [_thread_blocked, id=5772, stack(0x0000000100d00000,0x0000000100e00000) (1024K)]
  0x0000016c189f5c90 JavaThread "Service Thread"             daemon [_thread_blocked, id=32680, stack(0x0000000100e00000,0x0000000100f00000) (1024K)]
  0x0000016c189f4f70 JavaThread "Monitor Deflation Thread"   daemon [_thread_blocked, id=28360, stack(0x0000000100f00000,0x0000000101000000) (1024K)]
=>0x0000016c18a10f50 JavaThread "C2 CompilerThread0"         daemon [_thread_in_native, id=11980, stack(0x0000000101000000,0x0000000101100000) (1024K)]
  0x0000016c18a12300 JavaThread "C1 CompilerThread0"         daemon [_thread_blocked, id=31016, stack(0x0000000101100000,0x0000000101200000) (1024K)]
  0x0000016c189f69b0 JavaThread "Common-Cleaner"             daemon [_thread_blocked, id=18352, stack(0x0000000101200000,0x0000000101300000) (1024K)]
  0x0000016c189f5600 JavaThread "Notification Thread"        daemon [_thread_blocked, id=26744, stack(0x0000000101300000,0x0000000101400000) (1024K)]
  0x0000016c189f76d0 JavaThread "Active Thread: Equinox Container: a1fecdc4-f93c-4540-83f4-6e716ef91323"        [_thread_blocked, id=21716, stack(0x0000000101c00000,0x0000000101d00000) (1024K)]
  0x0000016c189f4250 JavaThread "Refresh Thread: Equinox Container: a1fecdc4-f93c-4540-83f4-6e716ef91323" daemon [_thread_blocked, id=20208, stack(0x0000000101d00000,0x0000000101e00000) (1024K)]
  0x0000016c189f48e0 JavaThread "Framework Event Dispatcher: Equinox Container: a1fecdc4-f93c-4540-83f4-6e716ef91323" daemon [_thread_blocked, id=11428, stack(0x0000000101e00000,0x0000000101f00000) (1024K)]
  0x0000016c5bea5900 JavaThread "Start Level: Equinox Container: a1fecdc4-f93c-4540-83f4-6e716ef91323" daemon [_thread_in_native, id=8636, stack(0x0000000101f00000,0x0000000102000000) (1024K)]
  0x0000016c5bea5f90 JavaThread "Bundle File Closer"         daemon [_thread_blocked, id=1552, stack(0x0000000102100000,0x0000000102200000) (1024K)]
  0x0000016c5bea6620 JavaThread "SCR Component Actor"        daemon [_thread_blocked, id=28100, stack(0x0000000101400000,0x0000000101500000) (1024K)]
  0x0000016c5bea8060 JavaThread "Worker-JM"                         [_thread_blocked, id=3316, stack(0x0000000102200000,0x0000000102300000) (1024K)]
  0x0000016c5bea7340 JavaThread "JNA Cleaner"                daemon [_thread_blocked, id=3104, stack(0x0000000102000000,0x0000000102100000) (1024K)]
  0x0000016c5bea79d0 JavaThread "Worker-0: Updating Maven Dependencies"        [_thread_in_native, id=18524, stack(0x0000000102300000,0x0000000102400000) (1024K)]
  0x0000016c5bea4be0 JavaThread "Worker-1: Repository registry initialization"        [_thread_blocked, id=10512, stack(0x0000000102400000,0x0000000102500000) (1024K)]
  0x0000016c5bea5270 JavaThread "Worker-2: Building"                [_thread_blocked, id=15716, stack(0x0000000102500000,0x0000000102600000) (1024K)]
  0x0000016c5beab4e0 JavaThread "Worker-3"                          [_thread_blocked, id=28756, stack(0x0000000102700000,0x0000000102800000) (1024K)]
  0x0000016c61779740 JavaThread "C2 CompilerThread1"         daemon [_thread_blocked, id=19672, stack(0x0000000102600000,0x0000000102700000) (1024K)]
Total: 24

Other Threads:
  0x0000016c0201b9b0 VMThread "VM Thread"                           [id=14868, stack(0x0000000100900000,0x0000000100a00000) (1024K)]
  0x0000016c188fca10 WatcherThread "VM Periodic Task Thread"        [id=14088, stack(0x0000000100800000,0x0000000100900000) (1024K)]
  0x0000016c01f98b30 WorkerThread "GC Thread#0"                     [id=33228, stack(0x0000000100700000,0x0000000100800000) (1024K)]
  0x0000016c5b825940 WorkerThread "GC Thread#1"                     [id=9504, stack(0x0000000101600000,0x0000000101700000) (1024K)]
  0x0000016c5b825cf0 WorkerThread "GC Thread#2"                     [id=9576, stack(0x0000000101700000,0x0000000101800000) (1024K)]
  0x0000016c5bf12570 WorkerThread "GC Thread#3"                     [id=30508, stack(0x0000000101800000,0x0000000101900000) (1024K)]
  0x0000016c5bf12920 WorkerThread "GC Thread#4"                     [id=26056, stack(0x0000000101900000,0x0000000101a00000) (1024K)]
  0x0000016c5bf12cd0 WorkerThread "GC Thread#5"                     [id=12912, stack(0x0000000101a00000,0x0000000101b00000) (1024K)]
  0x0000016c5bf13080 WorkerThread "GC Thread#6"                     [id=8432, stack(0x0000000101b00000,0x0000000101c00000) (1024K)]
  0x0000016c5bb7f230 WorkerThread "GC Thread#7"                     [id=23432, stack(0x0000000101500000,0x0000000101600000) (1024K)]
Total: 10

Threads with active compile tasks:
C2 CompilerThread0  12256 3975       4       org.lombokweb.asm.ClassReader::readMethod (1070 bytes)
Total: 1

VM state: not at safepoint (normal execution)

VM Mutex/Monitor currently owned by a thread: None

Heap address: 0x0000000080000000, size: 2048 MB, Compressed Oops mode: 32-bit

CDS archive(s) mapped at: [0x0000016c19000000-0x0000016c19ba0000-0x0000016c19ba0000), size 12189696, SharedBaseAddress: 0x0000016c19000000, ArchiveRelocationMode: 1.
Compressed class space mapped at: 0x0000016c1a000000-0x0000016c5a000000, reserved size: 1073741824
Narrow klass base: 0x0000016c19000000, Narrow klass shift: 0, Narrow klass range: 0x100000000

GC Precious Log:
 CardTable entry size: 512
 CPUs: 8 total, 8 available
 Memory: 8006M
 Large Page Support: Disabled
 NUMA Support: Disabled
 Compressed Oops: Enabled (32-bit)
 Alignments: Space 512K, Generation 512K, Heap 2M
 Heap Min Capacity: 100M
 Heap Initial Capacity: 100M
 Heap Max Capacity: 2G
 Pre-touch: Disabled
 Parallel Workers: 8

Heap:
 PSYoungGen      total 24576K, used 22372K [0x00000000d5580000, 0x00000000d7300000, 0x0000000100000000)
  eden space 24064K, 90% used [0x00000000d5580000,0x00000000d6adfa88,0x00000000d6d00000)
  from space 512K, 94% used [0x00000000d7280000,0x00000000d72f96c0,0x00000000d7300000)
  to   space 2048K, 0% used [0x00000000d6f00000,0x00000000d6f00000,0x00000000d7100000)
 ParOldGen       total 68608K, used 13484K [0x0000000080000000, 0x0000000084300000, 0x00000000d5580000)
  object space 68608K, 19% used [0x0000000080000000,0x0000000080d2b0c8,0x0000000084300000)
 Metaspace       used 26372K, committed 27264K, reserved 1114112K
  class space    used 2648K, committed 3008K, reserved 1048576K

Card table byte_map: [0x0000016c01910000,0x0000016c01d20000] _byte_map_base: 0x0000016c01510000

Marking Bits: (ParMarkBitMap*) 0x00007ffc27b53450
 Begin Bits: [0x0000016c14420000, 0x0000016c16420000)
 End Bits:   [0x0000016c16420000, 0x0000016c18420000)

Polling page: 0x0000016c00020000

Metaspace:

Usage:
  Non-class:     23.17 MB used.
      Class:      2.59 MB used.
       Both:     25.75 MB used.

Virtual space:
  Non-class space:       64.00 MB reserved,      23.69 MB ( 37%) committed,  1 nodes.
      Class space:        1.00 GB reserved,       2.94 MB ( <1%) committed,  1 nodes.
             Both:        1.06 GB reserved,      26.62 MB (  2%) committed. 

Chunk freelists:
   Non-Class:  8.29 MB
       Class:  12.97 MB
        Both:  21.27 MB

MaxMetaspaceSize: unlimited
CompressedClassSpaceSize: 1.00 GB
Initial GC threshold: 21.00 MB
Current GC threshold: 35.00 MB
CDS: on
 - commit_granule_bytes: 65536.
 - commit_granule_words: 8192.
 - virtual_space_node_default_size: 8388608.
 - enlarge_chunks_in_place: 1.
 - use_allocation_guard: 0.


Internal statistics:

num_allocs_failed_limit: 3.
num_arena_births: 682.
num_arena_deaths: 14.
num_vsnodes_births: 2.
num_vsnodes_deaths: 0.
num_space_committed: 426.
num_space_uncommitted: 0.
num_chunks_returned_to_freelist: 17.
num_chunks_taken_from_freelist: 1732.
num_chunk_merges: 8.
num_chunk_splits: 1108.
num_chunks_enlarged: 712.
num_inconsistent_stats: 0.

CodeHeap 'non-profiled nmethods': size=120000Kb used=1844Kb max_used=1844Kb free=118155Kb
 bounds [0x0000016c0cc40000, 0x0000016c0ceb0000, 0x0000016c14170000]
CodeHeap 'profiled nmethods': size=120000Kb used=8297Kb max_used=8297Kb free=111702Kb
 bounds [0x0000016c05170000, 0x0000016c05990000, 0x0000016c0c6a0000]
CodeHeap 'non-nmethods': size=5760Kb used=1331Kb max_used=1363Kb free=4428Kb
 bounds [0x0000016c0c6a0000, 0x0000016c0c910000, 0x0000016c0cc40000]
CodeCache: size=245760Kb, used=11472Kb, max_used=11504Kb, free=234285Kb
 total_blobs=4661, nmethods=4040, adapters=527, full_count=0
Compilation: enabled, stopped_count=0, restarted_count=0

Compilation events (20 events):
Event: 10.053 Thread 0x0000016c18a12300 nmethod 4013 0x0000016c0596cf90 code [0x0000016c0596d140, 0x0000016c0596d348]
Event: 10.062 Thread 0x0000016c18a12300 4014   !   3       org.eclipse.osgi.internal.loader.BundleLoader::findClass0 (490 bytes)
Event: 10.071 Thread 0x0000016c18a12300 nmethod 4014 0x0000016c0596d410 code [0x0000016c0596dca0, 0x0000016c05972428]
Event: 10.076 Thread 0x0000016c18a12300 4015       3       java.lang.invoke.MethodHandles$Lookup::resolveOrFail (44 bytes)
Event: 10.078 Thread 0x0000016c18a12300 nmethod 4015 0x0000016c05973c90 code [0x0000016c05973f40, 0x0000016c05974af0]
Event: 10.078 Thread 0x0000016c18a12300 4017       3       jdk.internal.org.objectweb.asm.ByteVector::putShort (52 bytes)
Event: 10.078 Thread 0x0000016c18a12300 nmethod 4017 0x0000016c05974f10 code [0x0000016c059750c0, 0x0000016c059752c0]
Event: 10.078 Thread 0x0000016c18a12300 4016       3       java.lang.invoke.MethodHandles$Lookup::getDirectMethodForConstant (72 bytes)
Event: 10.081 Thread 0x0000016c18a12300 nmethod 4016 0x0000016c05975410 code [0x0000016c05975760, 0x0000016c05976820]
Event: 10.081 Thread 0x0000016c61779740 4018       4       java.lang.Character::codePointAt (51 bytes)
Event: 10.081 Thread 0x0000016c18a12300 4020       3       org.lombokweb.asm.MethodWriter::visitFrame (811 bytes)
Event: 10.085 Thread 0x0000016c61779740 nmethod 4018 0x0000016c0ce09210 code [0x0000016c0ce093c0, 0x0000016c0ce095a8]
Event: 10.085 Thread 0x0000016c61779740 3991       4       java.lang.Object::toString (36 bytes)
Event: 10.086 Thread 0x0000016c18a12300 nmethod 4020 0x0000016c05976e10 code [0x0000016c05977360, 0x0000016c059795c0]
Event: 10.086 Thread 0x0000016c18a12300 4022       3       org.lombokweb.asm.ClassReader::readStackMapFrame (535 bytes)
Event: 10.088 Thread 0x0000016c18a12300 nmethod 4022 0x0000016c0597a510 code [0x0000016c0597a7c0, 0x0000016c0597b790]
Event: 10.088 Thread 0x0000016c18a12300 4021       3       org.lombokweb.asm.Label::put (83 bytes)
Event: 10.089 Thread 0x0000016c18a12300 nmethod 4021 0x0000016c0597bd90 code [0x0000016c0597bfc0, 0x0000016c0597c3f0]
Event: 10.089 Thread 0x0000016c18a12300 4023       3       org.lombokweb.asm.MethodWriter::visitJumpInsn (495 bytes)
Event: 12.099 Thread 0x0000016c18a12300 nmethod 4023 0x0000016c0597c590 code [0x0000016c0597c8e0, 0x0000016c0597d8e8]

GC Heap History (18 events):
Event: 1.727 GC heap before
{Heap before GC invocations=1 (full 0):
 PSYoungGen      total 29696K, used 25600K [0x00000000d5580000, 0x00000000d7680000, 0x0000000100000000)
  eden space 25600K, 100% used [0x00000000d5580000,0x00000000d6e80000,0x00000000d6e80000)
  from space 4096K, 0% used [0x00000000d7280000,0x00000000d7280000,0x00000000d7680000)
  to   space 4096K, 0% used [0x00000000d6e80000,0x00000000d6e80000,0x00000000d7280000)
 ParOldGen       total 68608K, used 0K [0x0000000080000000, 0x0000000084300000, 0x00000000d5580000)
  object space 68608K, 0% used [0x0000000080000000,0x0000000080000000,0x0000000084300000)
 Metaspace       used 4333K, committed 4608K, reserved 1114112K
  class space    used 473K, committed 576K, reserved 1048576K
}
Event: 1.738 GC heap after
{Heap after GC invocations=1 (full 0):
 PSYoungGen      total 29696K, used 3303K [0x00000000d5580000, 0x00000000d7680000, 0x0000000100000000)
  eden space 25600K, 0% used [0x00000000d5580000,0x00000000d5580000,0x00000000d6e80000)
  from space 4096K, 80% used [0x00000000d6e80000,0x00000000d71b9e98,0x00000000d7280000)
  to   space 4096K, 0% used [0x00000000d7280000,0x00000000d7280000,0x00000000d7680000)
 ParOldGen       total 68608K, used 16K [0x0000000080000000, 0x0000000084300000, 0x00000000d5580000)
  object space 68608K, 0% used [0x0000000080000000,0x0000000080004000,0x0000000084300000)
 Metaspace       used 4333K, committed 4608K, reserved 1114112K
  class space    used 473K, committed 576K, reserved 1048576K
}
Event: 3.293 GC heap before
{Heap before GC invocations=2 (full 0):
 PSYoungGen      total 29696K, used 28903K [0x00000000d5580000, 0x00000000d7680000, 0x0000000100000000)
  eden space 25600K, 100% used [0x00000000d5580000,0x00000000d6e80000,0x00000000d6e80000)
  from space 4096K, 80% used [0x00000000d6e80000,0x00000000d71b9e98,0x00000000d7280000)
  to   space 4096K, 0% used [0x00000000d7280000,0x00000000d7280000,0x00000000d7680000)
 ParOldGen       total 68608K, used 16K [0x0000000080000000, 0x0000000084300000, 0x00000000d5580000)
  object space 68608K, 0% used [0x0000000080000000,0x0000000080004000,0x0000000084300000)
 Metaspace       used 7994K, committed 8256K, reserved 1114112K
  class space    used 831K, committed 960K, reserved 1048576K
}
Event: 3.305 GC heap after
{Heap after GC invocations=2 (full 0):
 PSYoungGen      total 29696K, used 4070K [0x00000000d5580000, 0x00000000d7680000, 0x0000000100000000)
  eden space 25600K, 0% used [0x00000000d5580000,0x00000000d5580000,0x00000000d6e80000)
  from space 4096K, 99% used [0x00000000d7280000,0x00000000d7679820,0x00000000d7680000)
  to   space 4096K, 0% used [0x00000000d6e80000,0x00000000d6e80000,0x00000000d7280000)
 ParOldGen       total 68608K, used 2057K [0x0000000080000000, 0x0000000084300000, 0x00000000d5580000)
  object space 68608K, 2% used [0x0000000080000000,0x0000000080202638,0x0000000084300000)
 Metaspace       used 7994K, committed 8256K, reserved 1114112K
  class space    used 831K, committed 960K, reserved 1048576K
}
Event: 4.241 GC heap before
{Heap before GC invocations=3 (full 0):
 PSYoungGen      total 29696K, used 29670K [0x00000000d5580000, 0x00000000d7680000, 0x0000000100000000)
  eden space 25600K, 100% used [0x00000000d5580000,0x00000000d6e80000,0x00000000d6e80000)
  from space 4096K, 99% used [0x00000000d7280000,0x00000000d7679820,0x00000000d7680000)
  to   space 4096K, 0% used [0x00000000d6e80000,0x00000000d6e80000,0x00000000d7280000)
 ParOldGen       total 68608K, used 2057K [0x0000000080000000, 0x0000000084300000, 0x00000000d5580000)
  object space 68608K, 2% used [0x0000000080000000,0x0000000080202638,0x0000000084300000)
 Metaspace       used 9479K, committed 9792K, reserved 1114112K
  class space    used 1011K, committed 1152K, reserved 1048576K
}
Event: 4.251 GC heap after
{Heap after GC invocations=3 (full 0):
 PSYoungGen      total 29696K, used 4084K [0x00000000d5580000, 0x00000000d7680000, 0x0000000100000000)
  eden space 25600K, 0% used [0x00000000d5580000,0x00000000d5580000,0x00000000d6e80000)
  from space 4096K, 99% used [0x00000000d6e80000,0x00000000d727d290,0x00000000d7280000)
  to   space 4096K, 0% used [0x00000000d7280000,0x00000000d7280000,0x00000000d7680000)
 ParOldGen       total 68608K, used 5147K [0x0000000080000000, 0x0000000084300000, 0x00000000d5580000)
  object space 68608K, 7% used [0x0000000080000000,0x0000000080506ef0,0x0000000084300000)
 Metaspace       used 9479K, committed 9792K, reserved 1114112K
  class space    used 1011K, committed 1152K, reserved 1048576K
}
Event: 5.351 GC heap before
{Heap before GC invocations=4 (full 0):
 PSYoungGen      total 29696K, used 29684K [0x00000000d5580000, 0x00000000d7680000, 0x0000000100000000)
  eden space 25600K, 100% used [0x00000000d5580000,0x00000000d6e80000,0x00000000d6e80000)
  from space 4096K, 99% used [0x00000000d6e80000,0x00000000d727d290,0x00000000d7280000)
  to   space 4096K, 0% used [0x00000000d7280000,0x00000000d7280000,0x00000000d7680000)
 ParOldGen       total 68608K, used 5147K [0x0000000080000000, 0x0000000084300000, 0x00000000d5580000)
  object space 68608K, 7% used [0x0000000080000000,0x0000000080506ef0,0x0000000084300000)
 Metaspace       used 11716K, committed 12096K, reserved 1114112K
  class space    used 1245K, committed 1408K, reserved 1048576K
}
Event: 5.361 GC heap after
{Heap after GC invocations=4 (full 0):
 PSYoungGen      total 29696K, used 4079K [0x00000000d5580000, 0x00000000d7680000, 0x0000000100000000)
  eden space 25600K, 0% used [0x00000000d5580000,0x00000000d5580000,0x00000000d6e80000)
  from space 4096K, 99% used [0x00000000d7280000,0x00000000d767bd78,0x00000000d7680000)
  to   space 4096K, 0% used [0x00000000d6e80000,0x00000000d6e80000,0x00000000d7280000)
 ParOldGen       total 68608K, used 6796K [0x0000000080000000, 0x0000000084300000, 0x00000000d5580000)
  object space 68608K, 9% used [0x0000000080000000,0x00000000806a3078,0x0000000084300000)
 Metaspace       used 11716K, committed 12096K, reserved 1114112K
  class space    used 1245K, committed 1408K, reserved 1048576K
}
Event: 6.512 GC heap before
{Heap before GC invocations=5 (full 0):
 PSYoungGen      total 29696K, used 29679K [0x00000000d5580000, 0x00000000d7680000, 0x0000000100000000)
  eden space 25600K, 100% used [0x00000000d5580000,0x00000000d6e80000,0x00000000d6e80000)
  from space 4096K, 99% used [0x00000000d7280000,0x00000000d767bd78,0x00000000d7680000)
  to   space 4096K, 0% used [0x00000000d6e80000,0x00000000d6e80000,0x00000000d7280000)
 ParOldGen       total 68608K, used 6796K [0x0000000080000000, 0x0000000084300000, 0x00000000d5580000)
  object space 68608K, 9% used [0x0000000080000000,0x00000000806a3078,0x0000000084300000)
 Metaspace       used 15554K, committed 16128K, reserved 1114112K
  class space    used 1610K, committed 1856K, reserved 1048576K
}
Event: 6.520 GC heap after
{Heap after GC invocations=5 (full 0):
 PSYoungGen      total 29184K, used 4075K [0x00000000d5580000, 0x00000000d7a00000, 0x0000000100000000)
  eden space 25088K, 0% used [0x00000000d5580000,0x00000000d5580000,0x00000000d6e00000)
  from space 4096K, 99% used [0x00000000d6e80000,0x00000000d727acc8,0x00000000d7280000)
  to   space 6144K, 0% used [0x00000000d7400000,0x00000000d7400000,0x00000000d7a00000)
 ParOldGen       total 68608K, used 8212K [0x0000000080000000, 0x0000000084300000, 0x00000000d5580000)
  object space 68608K, 11% used [0x0000000080000000,0x00000000808053a8,0x0000000084300000)
 Metaspace       used 15554K, committed 16128K, reserved 1114112K
  class space    used 1610K, committed 1856K, reserved 1048576K
}
Event: 8.346 GC heap before
{Heap before GC invocations=6 (full 0):
 PSYoungGen      total 29184K, used 29123K [0x00000000d5580000, 0x00000000d7a00000, 0x0000000100000000)
  eden space 25088K, 99% used [0x00000000d5580000,0x00000000d6df6150,0x00000000d6e00000)
  from space 4096K, 99% used [0x00000000d6e80000,0x00000000d727acc8,0x00000000d7280000)
  to   space 6144K, 0% used [0x00000000d7400000,0x00000000d7400000,0x00000000d7a00000)
 ParOldGen       total 68608K, used 8212K [0x0000000080000000, 0x0000000084300000, 0x00000000d5580000)
  object space 68608K, 11% used [0x0000000080000000,0x00000000808053a8,0x0000000084300000)
 Metaspace       used 18725K, committed 19456K, reserved 1114112K
  class space    used 1970K, committed 2240K, reserved 1048576K
}
Event: 8.357 GC heap after
{Heap after GC invocations=6 (full 0):
 PSYoungGen      total 29696K, used 4954K [0x00000000d5580000, 0x00000000d7900000, 0x0000000100000000)
  eden space 24576K, 0% used [0x00000000d5580000,0x00000000d5580000,0x00000000d6d80000)
  from space 5120K, 96% used [0x00000000d7400000,0x00000000d78d6830,0x00000000d7900000)
  to   space 5632K, 0% used [0x00000000d6e00000,0x00000000d6e00000,0x00000000d7380000)
 ParOldGen       total 68608K, used 8220K [0x0000000080000000, 0x0000000084300000, 0x00000000d5580000)
  object space 68608K, 11% used [0x0000000080000000,0x00000000808073a8,0x0000000084300000)
 Metaspace       used 18725K, committed 19456K, reserved 1114112K
  class space    used 1970K, committed 2240K, reserved 1048576K
}
Event: 9.055 GC heap before
{Heap before GC invocations=7 (full 0):
 PSYoungGen      total 29696K, used 24875K [0x00000000d5580000, 0x00000000d7900000, 0x0000000100000000)
  eden space 24576K, 81% used [0x00000000d5580000,0x00000000d68f46b8,0x00000000d6d80000)
  from space 5120K, 96% used [0x00000000d7400000,0x00000000d78d6830,0x00000000d7900000)
  to   space 5632K, 0% used [0x00000000d6e00000,0x00000000d6e00000,0x00000000d7380000)
 ParOldGen       total 68608K, used 8220K [0x0000000080000000, 0x0000000084300000, 0x00000000d5580000)
  object space 68608K, 11% used [0x0000000080000000,0x00000000808073a8,0x0000000084300000)
 Metaspace       used 20682K, committed 21504K, reserved 1114112K
  class space    used 2199K, committed 2560K, reserved 1048576K
}
Event: 9.067 GC heap after
{Heap after GC invocations=7 (full 0):
 PSYoungGen      total 29184K, used 4304K [0x00000000d5580000, 0x00000000d7680000, 0x0000000100000000)
  eden space 24576K, 0% used [0x00000000d5580000,0x00000000d5580000,0x00000000d6d80000)
  from space 4608K, 93% used [0x00000000d6e00000,0x00000000d7234340,0x00000000d7280000)
  to   space 4096K, 0% used [0x00000000d7280000,0x00000000d7280000,0x00000000d7680000)
 ParOldGen       total 68608K, used 9832K [0x0000000080000000, 0x0000000084300000, 0x00000000d5580000)
  object space 68608K, 14% used [0x0000000080000000,0x000000008099a388,0x0000000084300000)
 Metaspace       used 20682K, committed 21504K, reserved 1114112K
  class space    used 2199K, committed 2560K, reserved 1048576K
}
Event: 9.067 GC heap before
{Heap before GC invocations=8 (full 1):
 PSYoungGen      total 29184K, used 4304K [0x00000000d5580000, 0x00000000d7680000, 0x0000000100000000)
  eden space 24576K, 0% used [0x00000000d5580000,0x00000000d5580000,0x00000000d6d80000)
  from space 4608K, 93% used [0x00000000d6e00000,0x00000000d7234340,0x00000000d7280000)
  to   space 4096K, 0% used [0x00000000d7280000,0x00000000d7280000,0x00000000d7680000)
 ParOldGen       total 68608K, used 9832K [0x0000000080000000, 0x0000000084300000, 0x00000000d5580000)
  object space 68608K, 14% used [0x0000000080000000,0x000000008099a388,0x0000000084300000)
 Metaspace       used 20682K, committed 21504K, reserved 1114112K
  class space    used 2199K, committed 2560K, reserved 1048576K
}
Event: 9.151 GC heap after
{Heap after GC invocations=8 (full 1):
 PSYoungGen      total 29184K, used 0K [0x00000000d5580000, 0x00000000d7680000, 0x0000000100000000)
  eden space 24576K, 0% used [0x00000000d5580000,0x00000000d5580000,0x00000000d6d80000)
  from space 4608K, 0% used [0x00000000d6e00000,0x00000000d6e00000,0x00000000d7280000)
  to   space 4096K, 0% used [0x00000000d7280000,0x00000000d7280000,0x00000000d7680000)
 ParOldGen       total 68608K, used 13476K [0x0000000080000000, 0x0000000084300000, 0x00000000d5580000)
  object space 68608K, 19% used [0x0000000080000000,0x0000000080d290c8,0x0000000084300000)
 Metaspace       used 20669K, committed 21504K, reserved 1114112K
  class space    used 2195K, committed 2560K, reserved 1048576K
}
Event: 9.630 GC heap before
{Heap before GC invocations=9 (full 1):
 PSYoungGen      total 29184K, used 24576K [0x00000000d5580000, 0x00000000d7680000, 0x0000000100000000)
  eden space 24576K, 100% used [0x00000000d5580000,0x00000000d6d80000,0x00000000d6d80000)
  from space 4608K, 0% used [0x00000000d6e00000,0x00000000d6e00000,0x00000000d7280000)
  to   space 4096K, 0% used [0x00000000d7280000,0x00000000d7280000,0x00000000d7680000)
 ParOldGen       total 68608K, used 13476K [0x0000000080000000, 0x0000000084300000, 0x00000000d5580000)
  object space 68608K, 19% used [0x0000000080000000,0x0000000080d290c8,0x0000000084300000)
 Metaspace       used 23221K, committed 24064K, reserved 1114112K
  class space    used 2375K, committed 2752K, reserved 1048576K
}
Event: 9.633 GC heap after
{Heap after GC invocations=9 (full 1):
 PSYoungGen      total 24576K, used 485K [0x00000000d5580000, 0x00000000d7300000, 0x0000000100000000)
  eden space 24064K, 0% used [0x00000000d5580000,0x00000000d5580000,0x00000000d6d00000)
  from space 512K, 94% used [0x00000000d7280000,0x00000000d72f96c0,0x00000000d7300000)
  to   space 2048K, 0% used [0x00000000d6f00000,0x00000000d6f00000,0x00000000d7100000)
 ParOldGen       total 68608K, used 13484K [0x0000000080000000, 0x0000000084300000, 0x00000000d5580000)
  object space 68608K, 19% used [0x0000000080000000,0x0000000080d2b0c8,0x0000000084300000)
 Metaspace       used 23221K, committed 24064K, reserved 1114112K
  class space    used 2375K, committed 2752K, reserved 1048576K
}

Dll operation events (10 events):
Event: 0.023 Loaded shared library c:\Users\appia\.vscode\extensions\redhat.java-1.53.0-win32-x64\jre\21.0.10-win32-x86_64\bin\java.dll
Event: 0.188 Loaded shared library c:\Users\appia\.vscode\extensions\redhat.java-1.53.0-win32-x64\jre\21.0.10-win32-x86_64\bin\zip.dll
Event: 0.239 Loaded shared library C:\Users\appia\.vscode\extensions\redhat.java-1.53.0-win32-x64\jre\21.0.10-win32-x86_64\bin\instrument.dll
Event: 0.252 Loaded shared library C:\Users\appia\.vscode\extensions\redhat.java-1.53.0-win32-x64\jre\21.0.10-win32-x86_64\bin\net.dll
Event: 0.257 Loaded shared library C:\Users\appia\.vscode\extensions\redhat.java-1.53.0-win32-x64\jre\21.0.10-win32-x86_64\bin\nio.dll
Event: 0.265 Loaded shared library C:\Users\appia\.vscode\extensions\redhat.java-1.53.0-win32-x64\jre\21.0.10-win32-x86_64\bin\zip.dll
Event: 0.308 Loaded shared library C:\Users\appia\.vscode\extensions\redhat.java-1.53.0-win32-x64\jre\21.0.10-win32-x86_64\bin\jimage.dll
Event: 0.500 Loaded shared library c:\Users\appia\.vscode\extensions\redhat.java-1.53.0-win32-x64\jre\21.0.10-win32-x86_64\bin\verify.dll
Event: 3.341 Loaded shared library C:\Users\appia\AppData\Roaming\Code\User\globalStorage\redhat.java\1.53.0\config_win\org.eclipse.equinox.launcher\org.eclipse.equinox.launcher.win32.win32.x86_64_1.3.0.v20260203-2149\eclipse_11919.dll
Event: 7.448 Loaded shared library C:\Users\appia\AppData\Local\Temp\jna-2004764773\jna17962386171464045032.dll

Deoptimization events (20 events):
Event: 10.078 Thread 0x0000016c5bea79d0 Uncommon trap: trap_request=0xffffffde fr.pc=0x0000016c0cdf924c relative=0x000000000000010c
Event: 10.078 Thread 0x0000016c5bea79d0 Uncommon trap: reason=class_check action=maybe_recompile pc=0x0000016c0cdf924c method=java.lang.Character.codePointAt(Ljava/lang/CharSequence;I)I @ 2 c2
Event: 10.078 Thread 0x0000016c5bea79d0 DEOPT PACKING pc=0x0000016c0cdf924c sp=0x00000001023fea40
Event: 10.078 Thread 0x0000016c5bea79d0 DEOPT UNPACKING pc=0x0000016c0c6f3aa2 sp=0x00000001023fe9c8 mode 2
Event: 10.078 Thread 0x0000016c5bea79d0 Uncommon trap: trap_request=0xffffffde fr.pc=0x0000016c0cdf924c relative=0x000000000000010c
Event: 10.078 Thread 0x0000016c5bea79d0 Uncommon trap: reason=class_check action=maybe_recompile pc=0x0000016c0cdf924c method=java.lang.Character.codePointAt(Ljava/lang/CharSequence;I)I @ 2 c2
Event: 10.078 Thread 0x0000016c5bea79d0 DEOPT PACKING pc=0x0000016c0cdf924c sp=0x00000001023fea40
Event: 10.078 Thread 0x0000016c5bea79d0 DEOPT UNPACKING pc=0x0000016c0c6f3aa2 sp=0x00000001023fe9c8 mode 2
Event: 10.079 Thread 0x0000016c5bea79d0 Uncommon trap: trap_request=0xffffffde fr.pc=0x0000016c0cdf924c relative=0x000000000000010c
Event: 10.079 Thread 0x0000016c5bea79d0 Uncommon trap: reason=class_check action=maybe_recompile pc=0x0000016c0cdf924c method=java.lang.Character.codePointAt(Ljava/lang/CharSequence;I)I @ 2 c2
Event: 10.079 Thread 0x0000016c5bea79d0 DEOPT PACKING pc=0x0000016c0cdf924c sp=0x00000001023fea40
Event: 10.079 Thread 0x0000016c5bea79d0 DEOPT UNPACKING pc=0x0000016c0c6f3aa2 sp=0x00000001023fe9c8 mode 2
Event: 10.079 Thread 0x0000016c5bea79d0 Uncommon trap: trap_request=0xffffffde fr.pc=0x0000016c0cdf924c relative=0x000000000000010c
Event: 10.079 Thread 0x0000016c5bea79d0 Uncommon trap: reason=class_check action=maybe_recompile pc=0x0000016c0cdf924c method=java.lang.Character.codePointAt(Ljava/lang/CharSequence;I)I @ 2 c2
Event: 10.079 Thread 0x0000016c5bea79d0 DEOPT PACKING pc=0x0000016c0cdf924c sp=0x00000001023fea40
Event: 10.079 Thread 0x0000016c5bea79d0 DEOPT UNPACKING pc=0x0000016c0c6f3aa2 sp=0x00000001023fe9c8 mode 2
Event: 10.079 Thread 0x0000016c5bea79d0 Uncommon trap: trap_request=0xffffff76 fr.pc=0x0000016c0cd99aa8 relative=0x00000000000003a8
Event: 10.079 Thread 0x0000016c5bea79d0 Uncommon trap: reason=predicate action=maybe_recompile pc=0x0000016c0cd99aa8 method=java.util.regex.Pattern$BmpCharPropertyGreedy.match(Ljava/util/regex/Matcher;ILjava/lang/CharSequence;)Z @ 12 c2
Event: 10.079 Thread 0x0000016c5bea79d0 DEOPT PACKING pc=0x0000016c0cd99aa8 sp=0x00000001023fe9c0
Event: 10.079 Thread 0x0000016c5bea79d0 DEOPT UNPACKING pc=0x0000016c0c6f3aa2 sp=0x00000001023fe948 mode 2

Classes loaded (20 events):
Event: 9.404 Loading class java/io/FileWriter
Event: 9.404 Loading class java/io/FileWriter done
Event: 9.526 Loading class java/lang/NegativeArraySizeException
Event: 9.526 Loading class java/lang/NegativeArraySizeException done
Event: 9.993 Loading class java/lang/runtime/ObjectMethods
Event: 10.003 Loading class java/lang/runtime/ObjectMethods done
Event: 10.010 Loading class java/lang/invoke/MethodHandleImpl$Makers
Event: 10.011 Loading class java/lang/invoke/MethodHandleImpl$Makers done
Event: 10.011 Loading class java/lang/invoke/MethodHandleImpl$Makers$1
Event: 10.013 Loading class java/lang/invoke/MethodHandleImpl$Makers$1 done
Event: 10.013 Loading class java/lang/invoke/MethodHandleImpl$Makers$2
Event: 10.013 Loading class java/lang/invoke/MethodHandleImpl$Makers$2 done
Event: 10.014 Loading class java/lang/invoke/MethodHandleImpl$Makers$3
Event: 10.014 Loading class java/lang/invoke/MethodHandleImpl$Makers$3 done
Event: 10.022 Loading class java/lang/runtime/ObjectMethods$1
Event: 10.022 Loading class java/lang/runtime/ObjectMethods$1 done
Event: 10.042 Loading class java/lang/invoke/MethodHandleImpl$CountingWrapper
Event: 10.042 Loading class java/lang/invoke/MethodHandleImpl$CountingWrapper done
Event: 10.078 Loading class java/io/FileReader
Event: 10.078 Loading class java/io/FileReader done

Classes unloaded (7 events):
Event: 9.081 Thread 0x0000016c0201b9b0 Unloading class 0x0000016c1a1a5000 'java/lang/invoke/LambdaForm$MH+0x0000016c1a1a5000'
Event: 9.081 Thread 0x0000016c0201b9b0 Unloading class 0x0000016c1a1a4c00 'java/lang/invoke/LambdaForm$MH+0x0000016c1a1a4c00'
Event: 9.081 Thread 0x0000016c0201b9b0 Unloading class 0x0000016c1a1a4800 'java/lang/invoke/LambdaForm$MH+0x0000016c1a1a4800'
Event: 9.081 Thread 0x0000016c0201b9b0 Unloading class 0x0000016c1a1a4400 'java/lang/invoke/LambdaForm$MH+0x0000016c1a1a4400'
Event: 9.081 Thread 0x0000016c0201b9b0 Unloading class 0x0000016c1a1a4000 'java/lang/invoke/LambdaForm$BMH+0x0000016c1a1a4000'
Event: 9.081 Thread 0x0000016c0201b9b0 Unloading class 0x0000016c1a1a3c00 'java/lang/invoke/LambdaForm$DMH+0x0000016c1a1a3c00'
Event: 9.081 Thread 0x0000016c0201b9b0 Unloading class 0x0000016c1a1a2800 'java/lang/invoke/LambdaForm$DMH+0x0000016c1a1a2800'

Classes redefined (0 events):
No events

Internal exceptions (20 events):
Event: 9.221 Thread 0x0000016c5bea5900 Exception <a 'java/lang/NoSuchMethodError'{0x00000000d5709fe0}: 'double java.lang.invoke.DirectMethodHandle$Holder.invokeStaticInit(java.lang.Object, java.lang.Object)'> (0x00000000d5709fe0) 
thrown [s\src\hotspot\share\interpreter\linkResolver.cpp, line 773]
Event: 9.288 Thread 0x0000016c5bea4be0 Exception <a 'java/lang/NoSuchMethodError'{0x00000000d59c9d90}: 'java.lang.Object java.lang.invoke.DirectMethodHandle$Holder.newInvokeSpecial(java.lang.Object, java.lang.Object, java.lang.Object, java.lang.Object, java.lang.Object)'> (0x00000000d59c9d90) 
thrown [s\src\hotspot\share\interpreter\linkResolver.cpp, line 773]
Event: 9.533 Thread 0x0000016c5bea5900 Exception <a 'java/io/FileNotFoundException'{0x00000000d68dc540}> (0x00000000d68dc540) 
thrown [s\src\hotspot\share\prims\jni.cpp, line 520]
Event: 9.534 Thread 0x0000016c5bea5900 Exception <a 'java/io/FileNotFoundException'{0x00000000d68dd370}> (0x00000000d68dd370) 
thrown [s\src\hotspot\share\prims\jni.cpp, line 520]
Event: 9.534 Thread 0x0000016c5bea5900 Exception <a 'java/io/FileNotFoundException'{0x00000000d68de2a8}> (0x00000000d68de2a8) 
thrown [s\src\hotspot\share\prims\jni.cpp, line 520]
Event: 9.947 Thread 0x0000016c5bea5900 Implicit null exception at 0x0000016c0ce05975 to 0x0000016c0ce05a68
Event: 10.003 Thread 0x0000016c5bea4be0 Exception <a 'java/lang/NoSuchMethodError'{0x00000000d6177c60}: 'java.lang.Object java.lang.invoke.DirectMethodHandle$Holder.invokeStaticInit(java.lang.Object, java.lang.Object, java.lang.Object, java.lang.Object, java.lang.Object, java.lang.Object, java.lang.Object)'> (0x00000000d6177c60) 
thrown [s\src\hotspot\share\interpreter\linkResolver.cpp, line 773]
Event: 10.008 Thread 0x0000016c5bea4be0 Exception <a 'java/lang/NoSuchMethodError'{0x00000000d617c438}: 'java.lang.Object java.lang.invoke.Invokers$Holder.invoke_MT(java.lang.Object, java.lang.Object, java.lang.Object, java.lang.Object, java.lang.Object, java.lang.Object, java.lang.Object, java.lang.Object, java.lang.Object)'> (0x00000000d617c438) 
thrown [s\src\hotspot\share\interpreter\linkResolver.cpp, line 773]
Event: 10.022 Thread 0x0000016c5bea4be0 Exception <a 'java/lang/NoSuchMethodError'{0x00000000d6245820}: 'int java.lang.invoke.DirectMethodHandle$Holder.invokeVirtual(java.lang.Object, java.lang.Object, java.lang.Object)'> (0x00000000d6245820) 
thrown [s\src\hotspot\share\interpreter\linkResolver.cpp, line 773]
Event: 10.023 Thread 0x0000016c5bea4be0 Exception <a 'java/lang/NoSuchMethodError'{0x00000000d6249738}: 'int java.lang.invoke.DirectMethodHandle$Holder.invokeStaticInit(java.lang.Object, int, int)'> (0x00000000d6249738) 
thrown [s\src\hotspot\share\interpreter\linkResolver.cpp, line 773]
Event: 10.025 Thread 0x0000016c5bea4be0 Exception <a 'java/lang/NoSuchMethodError'{0x00000000d6250a40}: 'int java.lang.invoke.DirectMethodHandle$Holder.invokeStaticInit(java.lang.Object, long, long)'> (0x00000000d6250a40) 
thrown [s\src\hotspot\share\interpreter\linkResolver.cpp, line 773]
Event: 10.026 Thread 0x0000016c5bea4be0 Exception <a 'java/lang/NoSuchMethodError'{0x00000000d6257128}: 'int java.lang.invoke.DirectMethodHandle$Holder.invokeStaticInit(java.lang.Object, float, float)'> (0x00000000d6257128) 
thrown [s\src\hotspot\share\interpreter\linkResolver.cpp, line 773]
Event: 10.027 Thread 0x0000016c5bea4be0 Exception <a 'java/lang/NoSuchMethodError'{0x00000000d625da70}: 'int java.lang.invoke.DirectMethodHandle$Holder.invokeStaticInit(java.lang.Object, double, double)'> (0x00000000d625da70) 
thrown [s\src\hotspot\share\interpreter\linkResolver.cpp, line 773]
Event: 10.028 Thread 0x0000016c5bea4be0 Exception <a 'java/lang/NoSuchMethodError'{0x00000000d6261e18}: 'int java.lang.invoke.DirectMethodHandle$Holder.invokeStatic(java.lang.Object, long)'> (0x00000000d6261e18) 
thrown [s\src\hotspot\share\interpreter\linkResolver.cpp, line 773]
Event: 10.034 Thread 0x0000016c5bea4be0 Exception <a 'java/lang/NoSuchMethodError'{0x00000000d62854a0}: 'int java.lang.invoke.Invokers$Holder.linkToTargetMethod(java.lang.Object, java.lang.Object)'> (0x00000000d62854a0) 
thrown [s\src\hotspot\share\interpreter\linkResolver.cpp, line 773]
Event: 10.034 Thread 0x0000016c5bea79d0 Exception <a 'java/lang/NoSuchMethodError'{0x00000000d6279fa8}: 'int java.lang.invoke.Invokers$Holder.linkToTargetMethod(java.lang.Object, java.lang.Object)'> (0x00000000d6279fa8) 
thrown [s\src\hotspot\share\interpreter\linkResolver.cpp, line 773]
Event: 10.036 Thread 0x0000016c5bea4be0 Exception <a 'java/lang/NoSuchMethodError'{0x00000000d6300ce8}: 'int java.lang.invoke.DirectMethodHandle$Holder.invokeSpecial(java.lang.Object, java.lang.Object, java.lang.Object, java.lang.Object)'> (0x00000000d6300ce8) 
thrown [s\src\hotspot\share\interpreter\linkResolver.cpp, line 773]
Event: 10.040 Thread 0x0000016c5bea4be0 Exception <a 'java/lang/NoSuchMethodError'{0x00000000d630e3f8}: 'java.lang.Object java.lang.invoke.DirectMethodHandle$Holder.invokeStatic(java.lang.Object, int, java.lang.Object, java.lang.Object)'> (0x00000000d630e3f8) 
thrown [s\src\hotspot\share\interpreter\linkResolver.cpp, line 773]
Event: 10.041 Thread 0x0000016c5bea4be0 Exception <a 'java/lang/NoSuchMethodError'{0x00000000d63180e8}: 'java.lang.Object java.lang.invoke.DelegatingMethodHandle$Holder.delegate(java.lang.Object, int, java.lang.Object, java.lang.Object)'> (0x00000000d63180e8) 
thrown [s\src\hotspot\share\interpreter\linkResolver.cpp, line 773]
Event: 10.046 Thread 0x0000016c5bea4be0 Exception <a 'java/lang/NoSuchMethodError'{0x00000000d6342028}: 'int java.lang.invoke.Invokers$Holder.linkToTargetMethod(java.lang.Object, java.lang.Object, java.lang.Object)'> (0x00000000d6342028) 
thrown [s\src\hotspot\share\interpreter\linkResolver.cpp, line 773]

ZGC Phase Switch (0 events):
No events

VM Operations (20 events):
Event: 7.466 Executing non-safepoint VM operation: HandshakeAllThreads (Deoptimize) done
Event: 7.884 Executing non-safepoint VM operation: HandshakeAllThreads (Deoptimize)
Event: 7.884 Executing non-safepoint VM operation: HandshakeAllThreads (Deoptimize) done
Event: 7.884 Executing safepoint VM operation: Cleanup
Event: 7.884 Executing safepoint VM operation: Cleanup done
Event: 8.000 Executing non-safepoint VM operation: HandshakeAllThreads (Deoptimize)
Event: 8.000 Executing non-safepoint VM operation: HandshakeAllThreads (Deoptimize) done
Event: 8.027 Executing non-safepoint VM operation: HandshakeAllThreads (Deoptimize)
Event: 8.027 Executing non-safepoint VM operation: HandshakeAllThreads (Deoptimize) done
Event: 8.346 Executing safepoint VM operation: ParallelGCFailedAllocation (Allocation Failure)
Event: 8.358 Executing safepoint VM operation: ParallelGCFailedAllocation (Allocation Failure) done
Event: 9.055 Executing safepoint VM operation: CollectForMetadataAllocation (Metadata GC Threshold)
Event: 9.151 Executing safepoint VM operation: CollectForMetadataAllocation (Metadata GC Threshold) done
Event: 9.183 Executing non-safepoint VM operation: HandshakeAllThreads (Deoptimize)
Event: 9.183 Executing non-safepoint VM operation: HandshakeAllThreads (Deoptimize) done
Event: 9.630 Executing safepoint VM operation: ParallelGCFailedAllocation (Allocation Failure)
Event: 9.633 Executing safepoint VM operation: ParallelGCFailedAllocation (Allocation Failure) done
Event: 10.055 Executing non-safepoint VM operation: HandshakeAllThreads (Deoptimize)
Event: 10.056 Executing non-safepoint VM operation: HandshakeAllThreads (Deoptimize) done
Event: 11.070 Executing safepoint VM operation: Cleanup

Memory protections (0 events):
No events

Nmethod flushes (0 events):
No events

Events (20 events):
Event: 4.992 Thread 0x0000016c600ecd00 Thread exited: 0x0000016c600ecd00
Event: 5.221 Thread 0x0000016c5bbab3b0 Thread exited: 0x0000016c5bbab3b0
Event: 5.276 Thread 0x0000016c5bea5900 Thread added: 0x0000016c5bea6620
Event: 5.434 Thread 0x0000016c18a12300 Thread added: 0x0000016c60a07630
Event: 5.434 Thread 0x0000016c18a12300 Thread added: 0x0000016c6052bcd0
Event: 5.742 Thread 0x0000016c6052bcd0 Thread exited: 0x0000016c6052bcd0
Event: 5.980 Thread 0x0000016c5bea5900 Thread added: 0x0000016c5bea8060
Event: 6.143 Thread 0x0000016c60a07630 Thread exited: 0x0000016c60a07630
Event: 6.476 Thread 0x0000016c18a12300 Thread added: 0x0000016c5bc865d0
Event: 7.482 Thread 0x0000016c5bc865d0 Thread exited: 0x0000016c5bc865d0
Event: 7.511 Thread 0x0000016c5bea5900 Thread added: 0x0000016c5bea7340
Event: 7.631 Thread 0x0000016c5bea5900 Thread added: 0x0000016c5bea79d0
Event: 7.696 Thread 0x0000016c5bea5900 Thread added: 0x0000016c5bea4be0
Event: 7.901 Thread 0x0000016c5bea4be0 Thread added: 0x0000016c5bea5270
Event: 8.770 Thread 0x0000016c18a12300 Thread added: 0x0000016c609dddf0
Event: 9.159 Thread 0x0000016c609dddf0 Thread exited: 0x0000016c609dddf0
Event: 9.278 Thread 0x0000016c18a12300 Thread added: 0x0000016c5b5ae130
Event: 9.988 Thread 0x0000016c5bea4be0 Thread added: 0x0000016c5beab4e0
Event: 9.988 Thread 0x0000016c5b5ae130 Thread exited: 0x0000016c5b5ae130
Event: 10.081 Thread 0x0000016c18a12300 Thread added: 0x0000016c61779740


Dynamic libraries:
0x00007ff6f6a90000 - 0x00007ff6f6a9e000 	c:\Users\appia\.vscode\extensions\redhat.java-1.53.0-win32-x64\jre\21.0.10-win32-x86_64\bin\java.exe
0x00007ffcf5440000 - 0x00007ffcf56a7000 	C:\WINDOWS\SYSTEM32\ntdll.dll
0x00007ffcf40e0000 - 0x00007ffcf41a9000 	C:\WINDOWS\System32\KERNEL32.DLL
0x00007ffcf2070000 - 0x00007ffcf2464000 	C:\WINDOWS\System32\KERNELBASE.dll
0x00007ffceea90000 - 0x00007ffceeb2f000 	C:\WINDOWS\SYSTEM32\apphelp.dll
0x00007ffcf3080000 - 0x00007ffcf31cb000 	C:\WINDOWS\System32\ucrtbase.dll
0x00007ffcc1e50000 - 0x00007ffcc1e6e000 	c:\Users\appia\.vscode\extensions\redhat.java-1.53.0-win32-x64\jre\21.0.10-win32-x86_64\bin\VCRUNTIME140.dll
0x00007ffcc21d0000 - 0x00007ffcc21e8000 	c:\Users\appia\.vscode\extensions\redhat.java-1.53.0-win32-x64\jre\21.0.10-win32-x86_64\bin\jli.dll
0x00007ffcf3300000 - 0x00007ffcf34c5000 	C:\WINDOWS\System32\USER32.dll
0x00007ffcd3890000 - 0x00007ffcd3b23000 	C:\WINDOWS\WinSxS\amd64_microsoft.windows.common-controls_6595b64144ccf1df_6.0.26100.8115_none_3e075c82e3354f9c\COMCTL32.dll
0x00007ffcf2e20000 - 0x00007ffcf2e47000 	C:\WINDOWS\System32\win32u.dll
0x00007ffcf34d0000 - 0x00007ffcf3579000 	C:\WINDOWS\System32\msvcrt.dll
0x00007ffcf4840000 - 0x00007ffcf486b000 	C:\WINDOWS\System32\GDI32.dll
0x00007ffcf1d10000 - 0x00007ffcf1e3a000 	C:\WINDOWS\System32\gdi32full.dll
0x00007ffcf2470000 - 0x00007ffcf2513000 	C:\WINDOWS\System32\msvcp_win.dll
0x00007ffcf32c0000 - 0x00007ffcf32f2000 	C:\WINDOWS\System32\IMM32.DLL
0x00007ffccc6a0000 - 0x00007ffccc6ac000 	c:\Users\appia\.vscode\extensions\redhat.java-1.53.0-win32-x64\jre\21.0.10-win32-x86_64\bin\vcruntime140_1.dll
0x00007ffc88e00000 - 0x00007ffc88e8d000 	c:\Users\appia\.vscode\extensions\redhat.java-1.53.0-win32-x64\jre\21.0.10-win32-x86_64\bin\msvcp140.dll
0x00007ffc26e90000 - 0x00007ffc27c31000 	c:\Users\appia\.vscode\extensions\redhat.java-1.53.0-win32-x64\jre\21.0.10-win32-x86_64\bin\server\jvm.dll
0x00007ffcf4780000 - 0x00007ffcf4836000 	C:\WINDOWS\System32\ADVAPI32.dll
0x00007ffcf3660000 - 0x00007ffcf3707000 	C:\WINDOWS\System32\sechost.dll
0x00007ffcf3e60000 - 0x00007ffcf3f78000 	C:\WINDOWS\System32\RPCRT4.dll
0x00007ffcf4b50000 - 0x00007ffcf4bd0000 	C:\WINDOWS\System32\WS2_32.dll
0x00007ffcf1b70000 - 0x00007ffcf1bce000 	C:\WINDOWS\SYSTEM32\POWRPROF.dll
0x00007ffceebc0000 - 0x00007ffceebcb000 	C:\WINDOWS\SYSTEM32\VERSION.dll
0x00007ffcd5bc0000 - 0x00007ffcd5bf6000 	C:\WINDOWS\SYSTEM32\WINMM.dll
0x00007ffcf1b50000 - 0x00007ffcf1b64000 	C:\WINDOWS\SYSTEM32\UMPDC.dll
0x00007ffcf0a60000 - 0x00007ffcf0a7b000 	C:\WINDOWS\SYSTEM32\kernel.appcore.dll
0x00007ffccc5f0000 - 0x00007ffccc5fa000 	c:\Users\appia\.vscode\extensions\redhat.java-1.53.0-win32-x64\jre\21.0.10-win32-x86_64\bin\jimage.dll
0x00007ffcefaf0000 - 0x00007ffcefd32000 	C:\WINDOWS\SYSTEM32\DBGHELP.DLL
0x00007ffcf4250000 - 0x00007ffcf45d2000 	C:\WINDOWS\System32\combase.dll
0x00007ffcf3580000 - 0x00007ffcf3657000 	C:\WINDOWS\System32\OLEAUT32.dll
0x00007ffcd2330000 - 0x00007ffcd236b000 	C:\WINDOWS\SYSTEM32\dbgcore.DLL
0x00007ffcf1e40000 - 0x00007ffcf1ee5000 	C:\WINDOWS\System32\bcryptPrimitives.dll
0x00007ffcccfa0000 - 0x00007ffcccfaf000 	c:\Users\appia\.vscode\extensions\redhat.java-1.53.0-win32-x64\jre\21.0.10-win32-x86_64\bin\instrument.dll
0x00007ffcc1e30000 - 0x00007ffcc1e50000 	c:\Users\appia\.vscode\extensions\redhat.java-1.53.0-win32-x64\jre\21.0.10-win32-x86_64\bin\java.dll
0x00007ffcf4c40000 - 0x00007ffcf53a6000 	C:\WINDOWS\System32\SHELL32.dll
0x00007ffcf2f10000 - 0x00007ffcf307a000 	C:\WINDOWS\System32\wintypes.dll
0x00007ffcf2520000 - 0x00007ffcf2d85000 	C:\WINDOWS\System32\windows.storage.dll
0x00007ffcf4870000 - 0x00007ffcf4967000 	C:\WINDOWS\System32\SHCORE.dll
0x00007ffcf3250000 - 0x00007ffcf32b6000 	C:\WINDOWS\System32\shlwapi.dll
0x00007ffcf1c30000 - 0x00007ffcf1c59000 	C:\WINDOWS\SYSTEM32\profapi.dll
0x00007ffcb8830000 - 0x00007ffcb8848000 	c:\Users\appia\.vscode\extensions\redhat.java-1.53.0-win32-x64\jre\21.0.10-win32-x86_64\bin\zip.dll
0x00007ffccc670000 - 0x00007ffccc680000 	C:\Users\appia\.vscode\extensions\redhat.java-1.53.0-win32-x64\jre\21.0.10-win32-x86_64\bin\net.dll
0x00007ffcea8d0000 - 0x00007ffcea9fd000 	C:\WINDOWS\SYSTEM32\WINHTTP.dll
0x00007ffcf0fb0000 - 0x00007ffcf101c000 	C:\WINDOWS\system32\mswsock.dll
0x00007ffccc400000 - 0x00007ffccc416000 	C:\Users\appia\.vscode\extensions\redhat.java-1.53.0-win32-x64\jre\21.0.10-win32-x86_64\bin\nio.dll
0x00007ffccc3f0000 - 0x00007ffccc400000 	c:\Users\appia\.vscode\extensions\redhat.java-1.53.0-win32-x64\jre\21.0.10-win32-x86_64\bin\verify.dll
0x00007ffcc2320000 - 0x00007ffcc2365000 	C:\Users\appia\AppData\Roaming\Code\User\globalStorage\redhat.java\1.53.0\config_win\org.eclipse.equinox.launcher\org.eclipse.equinox.launcher.win32.win32.x86_64_1.3.0.v20260203-2149\eclipse_11919.dll
0x00007ffcf45e0000 - 0x00007ffcf4777000 	C:\WINDOWS\System32\ole32.dll
0x00007ffcf13b0000 - 0x00007ffcf13cb000 	C:\WINDOWS\SYSTEM32\CRYPTSP.dll
0x00007ffcf09c0000 - 0x00007ffcf09f9000 	C:\WINDOWS\system32\rsaenh.dll
0x00007ffcf1060000 - 0x00007ffcf1093000 	C:\WINDOWS\SYSTEM32\USERENV.dll
0x00007ffcf1c00000 - 0x00007ffcf1c2a000 	C:\WINDOWS\SYSTEM32\bcrypt.dll
0x00007ffcf1390000 - 0x00007ffcf139c000 	C:\WINDOWS\SYSTEM32\CRYPTBASE.dll
0x00007ffcf04d0000 - 0x00007ffcf0502000 	C:\WINDOWS\SYSTEM32\IPHLPAPI.DLL
0x00007ffcf3f90000 - 0x00007ffcf3f9a000 	C:\WINDOWS\System32\NSI.dll
0x00007ffc8fda0000 - 0x00007ffc8fde9000 	C:\Users\appia\AppData\Local\Temp\jna-2004764773\jna17962386171464045032.dll
0x00007ffcf4240000 - 0x00007ffcf4248000 	C:\WINDOWS\System32\PSAPI.DLL

JVMTI agents:
c:\Users\appia\.vscode\extensions\redhat.java-1.53.0-win32-x64\lombok\lombok-1.18.39-4050.jar path:c:\Users\appia\.vscode\extensions\redhat.java-1.53.0-win32-x64\jre\21.0.10-win32-x86_64\bin\instrument.dll, loaded, initialized, instrumentlib options:none

dbghelp: loaded successfully - version: 4.0.5 - missing functions: none
symbol engine: initialized successfully - sym options: 0x614 - pdb path: .;c:\Users\appia\.vscode\extensions\redhat.java-1.53.0-win32-x64\jre\21.0.10-win32-x86_64\bin;C:\WINDOWS\SYSTEM32;C:\WINDOWS\WinSxS\amd64_microsoft.windows.common-controls_6595b64144ccf1df_6.0.26100.8115_none_3e075c82e3354f9c;c:\Users\appia\.vscode\extensions\redhat.java-1.53.0-win32-x64\jre\21.0.10-win32-x86_64\bin\server;C:\Users\appia\AppData\Roaming\Code\User\globalStorage\redhat.java\1.53.0\config_win\org.eclipse.equinox.launcher\org.eclipse.equinox.launcher.win32.win32.x86_64_1.3.0.v20260203-2149;C:\Users\appia\AppData\Local\Temp\jna-2004764773

VM Arguments:
jvm_args: --add-modules=ALL-SYSTEM --add-opens=java.base/java.util=ALL-UNNAMED --add-opens=java.base/java.lang=ALL-UNNAMED --add-opens=java.base/sun.nio.fs=ALL-UNNAMED -Declipse.application=org.eclipse.jdt.ls.core.id1 -Dosgi.bundles.defaultStartLevel=4 -Declipse.product=org.eclipse.jdt.ls.core.product -Djava.import.generatesMetadataFilesAtProjectRoot=false -DDetectVMInstallationsJob.disabled=true -Dfile.encoding=utf8 -XX:+UseParallelGC -XX:GCTimeRatio=4 -XX:AdaptiveSizePolicyWeight=90 -Dsun.zip.disableMemoryMapping=true -Xmx2G -Xms100m -Xlog:disable -javaagent:c:\Users\appia\.vscode\extensions\redhat.java-1.53.0-win32-x64\lombok\lombok-1.18.39-4050.jar -XX:+HeapDumpOnOutOfMemoryError -XX:HeapDumpPath=c:\Users\appia\AppData\Roaming\Code\User\workspaceStorage\b22a4caffd886bd9a8ea5f43f6a3e90f\redhat.java -Daether.dependencyCollector.impl=bf 
java_command: c:\Users\appia\.vscode\extensions\redhat.java-1.53.0-win32-x64\server\plugins\org.eclipse.equinox.launcher_1.7.100.v20251111-0406.jar -configuration c:\Users\appia\AppData\Roaming\Code\User\globalStorage\redhat.java\1.53.0\config_win -data c:\Users\appia\AppData\Roaming\Code\User\workspaceStorage\b22a4caffd886bd9a8ea5f43f6a3e90f\redhat.java\jdt_ws --pipe=\\.\pipe\lsp-aa4d32f39f46c0662b9d0b07ae90ae5e-sock
java_class_path (initial): c:\Users\appia\.vscode\extensions\redhat.java-1.53.0-win32-x64\server\plugins\org.eclipse.equinox.launcher_1.7.100.v20251111-0406.jar
Launcher Type: SUN_STANDARD

[Global flags]
    uintx AdaptiveSizePolicyWeight                 = 90                                        {product} {command line}
     intx CICompilerCount                          = 4                                         {product} {ergonomic}
    uintx GCTimeRatio                              = 4                                         {product} {command line}
     bool HeapDumpOnOutOfMemoryError               = true                                   {manageable} {command line}
    ccstr HeapDumpPath                             = c:\Users\appia\AppData\Roaming\Code\User\workspaceStorage\b22a4caffd886bd9a8ea5f43f6a3e90f\redhat.java         {manageable} {command line}
   size_t InitialHeapSize                          = 104857600                                 {product} {command line}
   size_t MaxHeapSize                              = 2147483648                                {product} {command line}
   size_t MaxNewSize                               = 715653120                                 {product} {ergonomic}
   size_t MinHeapDeltaBytes                        = 524288                                    {product} {ergonomic}
   size_t MinHeapSize                              = 104857600                                 {product} {command line}
   size_t NewSize                                  = 34603008                                  {product} {ergonomic}
    uintx NonNMethodCodeHeapSize                   = 5839372                                {pd product} {ergonomic}
    uintx NonProfiledCodeHeapSize                  = 122909434                              {pd product} {ergonomic}
   size_t OldSize                                  = 70254592                                  {product} {ergonomic}
    uintx ProfiledCodeHeapSize                     = 122909434                              {pd product} {ergonomic}
    uintx ReservedCodeCacheSize                    = 251658240                              {pd product} {ergonomic}
     bool SegmentedCodeCache                       = true                                      {product} {ergonomic}
   size_t SoftMaxHeapSize                          = 2147483648                             {manageable} {ergonomic}
     bool UseCompressedOops                        = true                           {product lp64_product} {ergonomic}
     bool UseLargePagesIndividualAllocation        = false                                  {pd product} {ergonomic}
     bool UseParallelGC                            = true                                      {product} {command line}

Logging:
Log output configuration:
 #0: stdout all=off uptime,level,tags foldmultilines=false
 #1: stderr all=off uptime,level,tags foldmultilines=false

Release file:
JAVA_VERSION="21.0.10" 
MODULES="java.base java.compiler java.datatransfer java.xml java.prefs java.desktop java.instrument java.logging java.management java.security.sasl java.naming java.rmi java.management.rmi java.net.http java.scripting java.security.jgss java.transaction.xa java.sql java.sql.rowset java.xml.crypto java.se java.smartcardio jdk.accessibility jdk.internal.jvmstat jdk.attach jdk.charsets jdk.internal.opt jdk.zipfs jdk.compiler jdk.crypto.ec jdk.crypto.cryptoki jdk.crypto.mscapi jdk.dynalink jdk.internal.ed jdk.editpad jdk.hotspot.agent jdk.httpserver jdk.internal.le jdk.internal.vm.ci jdk.internal.vm.compiler jdk.internal.vm.compiler.management jdk.jartool jdk.javadoc jdk.jcmd jdk.management jdk.management.agent jdk.jconsole jdk.jdeps jdk.jdwp.agent jdk.jdi jdk.jfr jdk.jshell jdk.jsobject jdk.jstatd jdk.localedata jdk.management.jfr jdk.naming.dns jdk.naming.rmi jdk.net jdk.nio.mapmode jdk.random jdk.sctp jdk.security.auth jdk.security.jgss jdk.unsupported jdk.unsupported.desktop jdk.xml.dom" 

Environment Variables:
PATH=C:\Users\appia\AppData\Local\Programs\Microsoft VS Code;C:\Program Files\Common Files\Oracle\Java\javapath;C:\WINDOWS\system32;C:\WINDOWS;C:\WINDOWS\System32\Wbem;C:\WINDOWS\System32\WindowsPowerShell\v1.0\;C:\WINDOWS\System32\OpenSSH\;C:\Program Files\Git\cmd;C:\Users\appia\AppData\Local\Programs\SQLite3;C:\Program Files\dotnet\;C:\Program Files\nodejs\;C:\Program Files\Redis;C:\Program Files\Go\bin;C:\MinGW\bin;C:\Program Files\Microsoft SQL Server\170\Tools\Binn\;C:\Users\appia\AppData\Local\Programs\Python\Python313\Scripts\;C:\Users\appia\AppData\Local\Programs\Python\Python313\;C:\Users\appia\AppData\Local\Microsoft\WindowsApps;C:\Users\appia\AppData\Local\Programs\Microsoft VS Code\bin;C:\Users\appia\AppData\Local\Programs\SQLite3;C:\Users\appia\AppData\Local\Programs\mongosh\;C:\Users\appia\AppData\Roaming\npm;C:\Program Files\nodejs\;C:\Users\appia\go\bin;C:\Users\appia\.lmstudio\bin;C:\Users\appia\AppData\Local\GitHubDesktop\bin;C:\MinGW\bin
USERNAME=S-GROUP
OS=Windows_NT
PROCESSOR_IDENTIFIER=Intel64 Family 6 Model 142 Stepping 12, GenuineIntel
TMP=C:\Users\appia\AppData\Local\Temp
TEMP=C:\Users\appia\AppData\Local\Temp




Periodic native trim disabled

---------------  S Y S T E M  ---------------

OS:
 Windows 11 , 64 bit Build 26100 (10.0.26100.8115)
OS uptime: 7 days 14:01 hours
Hyper-V role detected

CPU: total 8 (initial active 8) (4 cores per cpu, 2 threads per core) family 6 model 142 stepping 12 microcode 0xfc, cx8, cmov, fxsr, ht, mmx, 3dnowpref, sse, sse2, sse3, ssse3, sse4.1, sse4.2, popcnt, lzcnt, tsc, tscinvbit, avx, avx2, aes, erms, clmul, bmi1, bmi2, adx, fma, vzeroupper, clflush, clflushopt, hv, rdtscp, f16c
Processor Information for processor 0
  Max Mhz: 1800, Current Mhz: 1600, Mhz Limit: 1584
Processor Information for processor 1
  Max Mhz: 1800, Current Mhz: 1500, Mhz Limit: 1584
Processor Information for processor 2
  Max Mhz: 1800, Current Mhz: 1500, Mhz Limit: 1584
Processor Information for processor 3
  Max Mhz: 1800, Current Mhz: 1600, Mhz Limit: 1584
Processor Information for processor 4
  Max Mhz: 1800, Current Mhz: 1600, Mhz Limit: 1584
Processor Information for processor 5
  Max Mhz: 1800, Current Mhz: 1600, Mhz Limit: 1584
Processor Information for processor 6
  Max Mhz: 1800, Current Mhz: 1500, Mhz Limit: 1584
Processor Information for processor 7
  Max Mhz: 1800, Current Mhz: 1500, Mhz Limit: 1584

Memory: 4k page, system-wide physical 8006M (756M free)
TotalPageFile size 32582M (AvailPageFile size 3M)
current process WorkingSet (physical memory assigned to process): 153M, peak: 154M
current process commit charge ("private bytes"): 281M, peak: 285M

vm_info: OpenJDK 64-Bit Server VM (21.0.10+7-LTS) for windows-amd64 JRE (21.0.10+7-LTS), built on 2026-01-20T00:00:00Z by "admin" with MS VC++ 17.12 (VS2022)

END.
